[2.069s] Invoking command in '/home/juptegraph/Workspaces/Robotics/Projects/CORI/cori_ws/src/cori_core': PYTHONPATH=/home/juptegraph/Workspaces/Robotics/Projects/CORI/cori_ws/build/cori_core/prefix_override:/usr/lib/python3/dist-packages/colcon_core/task/python/colcon_distutils_commands:/home/juptegraph/Workspaces/Robotics/Projects/CORI/cori_ws/install/cori_core/lib/python3.10/site-packages:${PYTHONPATH} /usr/bin/python3 -W ignore:setup.py install is deprecated -W ignore:easy_install command is deprecated setup.py egg_info --egg-base ../../build/cori_core build --build-base /home/juptegraph/Workspaces/Robotics/Projects/CORI/cori_ws/build/cori_core/build install --record /home/juptegraph/Workspaces/Robotics/Projects/CORI/cori_ws/build/cori_core/install.log --single-version-externally-managed install_data
[2.313s] running egg_info
[2.314s] creating ../../build/cori_core/cori_core.egg-info
[2.314s] writing ../../build/cori_core/cori_core.egg-info/PKG-INFO
[2.314s] writing dependency_links to ../../build/cori_core/cori_core.egg-info/dependency_links.txt
[2.314s] writing entry points to ../../build/cori_core/cori_core.egg-info/entry_points.txt
[2.315s] writing requirements to ../../build/cori_core/cori_core.egg-info/requires.txt
[2.315s] writing top-level names to ../../build/cori_core/cori_core.egg-info/top_level.txt
[2.315s] writing manifest file '../../build/cori_core/cori_core.egg-info/SOURCES.txt'
[2.316s] reading manifest file '../../build/cori_core/cori_core.egg-info/SOURCES.txt'
[2.318s] writing manifest file '../../build/cori_core/cori_core.egg-info/SOURCES.txt'
[2.318s] running build
[2.318s] running build_py
[2.319s] creating /home/juptegraph/Workspaces/Robotics/Projects/CORI/cori_ws/build/cori_core/build
[2.319s] creating /home/juptegraph/Workspaces/Robotics/Projects/CORI/cori_ws/build/cori_core/build/lib
[2.319s] creating /home/juptegraph/Workspaces/Robotics/Projects/CORI/cori_ws/build/cori_core/build/lib/cori_core
[2.319s] copying cori_core/database_manager.py -> /home/juptegraph/Workspaces/Robotics/Projects/CORI/cori_ws/build/cori_core/build/lib/cori_core
[2.320s] copying cori_core/__init__.py -> /home/juptegraph/Workspaces/Robotics/Projects/CORI/cori_ws/build/cori_core/build/lib/cori_core
[2.320s] copying cori_core/spatial_database.py -> /home/juptegraph/Workspaces/Robotics/Projects/CORI/cori_ws/build/cori_core/build/lib/cori_core
[2.320s] running install
[2.320s] running install_lib
[2.320s] creating /home/juptegraph/Workspaces/Robotics/Projects/CORI/cori_ws/install/cori_core/lib/python3.10/site-packages/cori_core
[2.321s] copying /home/juptegraph/Workspaces/Robotics/Projects/CORI/cori_ws/build/cori_core/build/lib/cori_core/database_manager.py -> /home/juptegraph/Workspaces/Robotics/Projects/CORI/cori_ws/install/cori_core/lib/python3.10/site-packages/cori_core
[2.321s] copying /home/juptegraph/Workspaces/Robotics/Projects/CORI/cori_ws/build/cori_core/build/lib/cori_core/__init__.py -> /home/juptegraph/Workspaces/Robotics/Projects/CORI/cori_ws/install/cori_core/lib/python3.10/site-packages/cori_core
[2.321s] copying /home/juptegraph/Workspaces/Robotics/Projects/CORI/cori_ws/build/cori_core/build/lib/cori_core/spatial_database.py -> /home/juptegraph/Workspaces/Robotics/Projects/CORI/cori_ws/install/cori_core/lib/python3.10/site-packages/cori_core
[2.321s] byte-compiling /home/juptegraph/Workspaces/Robotics/Projects/CORI/cori_ws/install/cori_core/lib/python3.10/site-packages/cori_core/database_manager.py to database_manager.cpython-310.pyc
[2.323s] byte-compiling /home/juptegraph/Workspaces/Robotics/Projects/CORI/cori_ws/install/cori_core/lib/python3.10/site-packages/cori_core/__init__.py to __init__.cpython-310.pyc
[2.323s] byte-compiling /home/juptegraph/Workspaces/Robotics/Projects/CORI/cori_ws/install/cori_core/lib/python3.10/site-packages/cori_core/spatial_database.py to spatial_database.cpython-310.pyc
[2.325s] running install_data
[2.325s] creating /home/juptegraph/Workspaces/Robotics/Projects/CORI/cori_ws/install/cori_core/share/ament_index
[2.326s] creating /home/juptegraph/Workspaces/Robotics/Projects/CORI/cori_ws/install/cori_core/share/ament_index/resource_index
[2.326s] creating /home/juptegraph/Workspaces/Robotics/Projects/CORI/cori_ws/install/cori_core/share/ament_index/resource_index/packages
[2.326s] copying resource/cori_core -> /home/juptegraph/Workspaces/Robotics/Projects/CORI/cori_ws/install/cori_core/share/ament_index/resource_index/packages
[2.326s] copying package.xml -> /home/juptegraph/Workspaces/Robotics/Projects/CORI/cori_ws/install/cori_core/share/cori_core
[2.326s] running install_egg_info
[2.329s] Copying ../../build/cori_core/cori_core.egg-info to /home/juptegraph/Workspaces/Robotics/Projects/CORI/cori_ws/install/cori_core/lib/python3.10/site-packages/cori_core-1.0.0-py3.10.egg-info
[2.329s] running install_scripts
[2.349s] Installing database_manager script to /home/juptegraph/Workspaces/Robotics/Projects/CORI/cori_ws/install/cori_core/bin
[2.350s] writing list of installed files to '/home/juptegraph/Workspaces/Robotics/Projects/CORI/cori_ws/build/cori_core/install.log'
[2.391s] Invoked command in '/home/juptegraph/Workspaces/Robotics/Projects/CORI/cori_ws/src/cori_core' returned '0': PYTHONPATH=/home/juptegraph/Workspaces/Robotics/Projects/CORI/cori_ws/build/cori_core/prefix_override:/usr/lib/python3/dist-packages/colcon_core/task/python/colcon_distutils_commands:/home/juptegraph/Workspaces/Robotics/Projects/CORI/cori_ws/install/cori_core/lib/python3.10/site-packages:${PYTHONPATH} /usr/bin/python3 -W ignore:setup.py install is deprecated -W ignore:easy_install command is deprecated setup.py egg_info --egg-base ../../build/cori_core build --build-base /home/juptegraph/Workspaces/Robotics/Projects/CORI/cori_ws/build/cori_core/build install --record /home/juptegraph/Workspaces/Robotics/Projects/CORI/cori_ws/build/cori_core/install.log --single-version-externally-managed install_data
