[1.992s] Invoking command in '/home/juptegraph/Workspaces/Robotics/Projects/CORI/cori_ws/src/cori_hardware': PYTHONPATH=/home/juptegraph/Workspaces/Robotics/Projects/CORI/cori_ws/build/cori_hardware/prefix_override:/usr/lib/python3/dist-packages/colcon_core/task/python/colcon_distutils_commands:/home/juptegraph/Workspaces/Robotics/Projects/CORI/cori_ws/install/cori_hardware/lib/python3.10/site-packages:${PYTHONPATH} /usr/bin/python3 -W ignore:setup.py install is deprecated -W ignore:easy_install command is deprecated setup.py egg_info --egg-base ../../build/cori_hardware build --build-base /home/juptegraph/Workspaces/Robotics/Projects/CORI/cori_ws/build/cori_hardware/build install --record /home/juptegraph/Workspaces/Robotics/Projects/CORI/cori_ws/build/cori_hardware/install.log --single-version-externally-managed install_data
[2.322s] running egg_info
[2.323s] creating ../../build/cori_hardware/cori_hardware.egg-info
[2.324s] writing ../../build/cori_hardware/cori_hardware.egg-info/PKG-INFO
[2.324s] writing dependency_links to ../../build/cori_hardware/cori_hardware.egg-info/dependency_links.txt
[2.324s] writing entry points to ../../build/cori_hardware/cori_hardware.egg-info/entry_points.txt
[2.324s] writing requirements to ../../build/cori_hardware/cori_hardware.egg-info/requires.txt
[2.325s] writing top-level names to ../../build/cori_hardware/cori_hardware.egg-info/top_level.txt
[2.325s] writing manifest file '../../build/cori_hardware/cori_hardware.egg-info/SOURCES.txt'
[2.329s] reading manifest file '../../build/cori_hardware/cori_hardware.egg-info/SOURCES.txt'
[2.329s] writing manifest file '../../build/cori_hardware/cori_hardware.egg-info/SOURCES.txt'
[2.329s] running build
[2.330s] running build_py
[2.330s] creating /home/juptegraph/Workspaces/Robotics/Projects/CORI/cori_ws/build/cori_hardware/build
[2.330s] creating /home/juptegraph/Workspaces/Robotics/Projects/CORI/cori_ws/build/cori_hardware/build/lib
[2.330s] creating /home/juptegraph/Workspaces/Robotics/Projects/CORI/cori_ws/build/cori_hardware/build/lib/cori_hardware
[2.331s] copying cori_hardware/hardware_bridge.py -> /home/juptegraph/Workspaces/Robotics/Projects/CORI/cori_ws/build/cori_hardware/build/lib/cori_hardware
[2.331s] copying cori_hardware/arduino_bridge.py -> /home/juptegraph/Workspaces/Robotics/Projects/CORI/cori_ws/build/cori_hardware/build/lib/cori_hardware
[2.331s] copying cori_hardware/web_api_simple.py -> /home/juptegraph/Workspaces/Robotics/Projects/CORI/cori_ws/build/cori_hardware/build/lib/cori_hardware
[2.332s] copying cori_hardware/realtime_web_control.py -> /home/juptegraph/Workspaces/Robotics/Projects/CORI/cori_ws/build/cori_hardware/build/lib/cori_hardware
[2.332s] copying cori_hardware/web_api.py -> /home/juptegraph/Workspaces/Robotics/Projects/CORI/cori_ws/build/cori_hardware/build/lib/cori_hardware
[2.333s] copying cori_hardware/hardware_test.py -> /home/juptegraph/Workspaces/Robotics/Projects/CORI/cori_ws/build/cori_hardware/build/lib/cori_hardware
[2.333s] copying cori_hardware/__init__.py -> /home/juptegraph/Workspaces/Robotics/Projects/CORI/cori_ws/build/cori_hardware/build/lib/cori_hardware
[2.334s] copying cori_hardware/ros_web_bridge.py -> /home/juptegraph/Workspaces/Robotics/Projects/CORI/cori_ws/build/cori_hardware/build/lib/cori_hardware
[2.334s] copying cori_hardware/hardware_integration.py -> /home/juptegraph/Workspaces/Robotics/Projects/CORI/cori_ws/build/cori_hardware/build/lib/cori_hardware
[2.334s] running install
[2.334s] running install_lib
[2.334s] creating /home/juptegraph/Workspaces/Robotics/Projects/CORI/cori_ws/install/cori_hardware/lib/python3.10/site-packages/cori_hardware
[2.335s] copying /home/juptegraph/Workspaces/Robotics/Projects/CORI/cori_ws/build/cori_hardware/build/lib/cori_hardware/hardware_bridge.py -> /home/juptegraph/Workspaces/Robotics/Projects/CORI/cori_ws/install/cori_hardware/lib/python3.10/site-packages/cori_hardware
[2.335s] copying /home/juptegraph/Workspaces/Robotics/Projects/CORI/cori_ws/build/cori_hardware/build/lib/cori_hardware/arduino_bridge.py -> /home/juptegraph/Workspaces/Robotics/Projects/CORI/cori_ws/install/cori_hardware/lib/python3.10/site-packages/cori_hardware
[2.335s] copying /home/juptegraph/Workspaces/Robotics/Projects/CORI/cori_ws/build/cori_hardware/build/lib/cori_hardware/web_api_simple.py -> /home/juptegraph/Workspaces/Robotics/Projects/CORI/cori_ws/install/cori_hardware/lib/python3.10/site-packages/cori_hardware
[2.336s] copying /home/juptegraph/Workspaces/Robotics/Projects/CORI/cori_ws/build/cori_hardware/build/lib/cori_hardware/realtime_web_control.py -> /home/juptegraph/Workspaces/Robotics/Projects/CORI/cori_ws/install/cori_hardware/lib/python3.10/site-packages/cori_hardware
[2.336s] copying /home/juptegraph/Workspaces/Robotics/Projects/CORI/cori_ws/build/cori_hardware/build/lib/cori_hardware/web_api.py -> /home/juptegraph/Workspaces/Robotics/Projects/CORI/cori_ws/install/cori_hardware/lib/python3.10/site-packages/cori_hardware
[2.337s] copying /home/juptegraph/Workspaces/Robotics/Projects/CORI/cori_ws/build/cori_hardware/build/lib/cori_hardware/hardware_test.py -> /home/juptegraph/Workspaces/Robotics/Projects/CORI/cori_ws/install/cori_hardware/lib/python3.10/site-packages/cori_hardware
[2.337s] copying /home/juptegraph/Workspaces/Robotics/Projects/CORI/cori_ws/build/cori_hardware/build/lib/cori_hardware/__init__.py -> /home/juptegraph/Workspaces/Robotics/Projects/CORI/cori_ws/install/cori_hardware/lib/python3.10/site-packages/cori_hardware
[2.337s] copying /home/juptegraph/Workspaces/Robotics/Projects/CORI/cori_ws/build/cori_hardware/build/lib/cori_hardware/ros_web_bridge.py -> /home/juptegraph/Workspaces/Robotics/Projects/CORI/cori_ws/install/cori_hardware/lib/python3.10/site-packages/cori_hardware
[2.337s] copying /home/juptegraph/Workspaces/Robotics/Projects/CORI/cori_ws/build/cori_hardware/build/lib/cori_hardware/hardware_integration.py -> /home/juptegraph/Workspaces/Robotics/Projects/CORI/cori_ws/install/cori_hardware/lib/python3.10/site-packages/cori_hardware
[2.338s] byte-compiling /home/juptegraph/Workspaces/Robotics/Projects/CORI/cori_ws/install/cori_hardware/lib/python3.10/site-packages/cori_hardware/hardware_bridge.py to hardware_bridge.cpython-310.pyc
[2.340s] byte-compiling /home/juptegraph/Workspaces/Robotics/Projects/CORI/cori_ws/install/cori_hardware/lib/python3.10/site-packages/cori_hardware/arduino_bridge.py to arduino_bridge.cpython-310.pyc
[2.343s] byte-compiling /home/juptegraph/Workspaces/Robotics/Projects/CORI/cori_ws/install/cori_hardware/lib/python3.10/site-packages/cori_hardware/web_api_simple.py to web_api_simple.cpython-310.pyc
[2.345s] byte-compiling /home/juptegraph/Workspaces/Robotics/Projects/CORI/cori_ws/install/cori_hardware/lib/python3.10/site-packages/cori_hardware/realtime_web_control.py to realtime_web_control.cpython-310.pyc
[2.347s] byte-compiling /home/juptegraph/Workspaces/Robotics/Projects/CORI/cori_ws/install/cori_hardware/lib/python3.10/site-packages/cori_hardware/web_api.py to web_api.cpython-310.pyc
[2.349s] byte-compiling /home/juptegraph/Workspaces/Robotics/Projects/CORI/cori_ws/install/cori_hardware/lib/python3.10/site-packages/cori_hardware/hardware_test.py to hardware_test.cpython-310.pyc
[2.351s] byte-compiling /home/juptegraph/Workspaces/Robotics/Projects/CORI/cori_ws/install/cori_hardware/lib/python3.10/site-packages/cori_hardware/__init__.py to __init__.cpython-310.pyc
[2.352s] byte-compiling /home/juptegraph/Workspaces/Robotics/Projects/CORI/cori_ws/install/cori_hardware/lib/python3.10/site-packages/cori_hardware/ros_web_bridge.py to ros_web_bridge.cpython-310.pyc
[2.353s] byte-compiling /home/juptegraph/Workspaces/Robotics/Projects/CORI/cori_ws/install/cori_hardware/lib/python3.10/site-packages/cori_hardware/hardware_integration.py to hardware_integration.cpython-310.pyc
[2.358s] running install_data
[2.358s] creating /home/juptegraph/Workspaces/Robotics/Projects/CORI/cori_ws/install/cori_hardware/share/ament_index
[2.358s] creating /home/juptegraph/Workspaces/Robotics/Projects/CORI/cori_ws/install/cori_hardware/share/ament_index/resource_index
[2.358s] creating /home/juptegraph/Workspaces/Robotics/Projects/CORI/cori_ws/install/cori_hardware/share/ament_index/resource_index/packages
[2.358s] copying resource/cori_hardware -> /home/juptegraph/Workspaces/Robotics/Projects/CORI/cori_ws/install/cori_hardware/share/ament_index/resource_index/packages
[2.358s] copying package.xml -> /home/juptegraph/Workspaces/Robotics/Projects/CORI/cori_ws/install/cori_hardware/share/cori_hardware
[2.358s] creating /home/juptegraph/Workspaces/Robotics/Projects/CORI/cori_ws/install/cori_hardware/share/cori_hardware/arduino
[2.359s] copying arduino/cori_head_controller/cori_head_controller.ino -> /home/juptegraph/Workspaces/Robotics/Projects/CORI/cori_ws/install/cori_hardware/share/cori_hardware/arduino
[2.359s] creating /home/juptegraph/Workspaces/Robotics/Projects/CORI/cori_ws/install/cori_hardware/share/cori_hardware/launch
[2.359s] copying launch/hardware_bridge.launch.py -> /home/juptegraph/Workspaces/Robotics/Projects/CORI/cori_ws/install/cori_hardware/share/cori_hardware/launch
[2.359s] copying launch/realtime_web_control.launch.py -> /home/juptegraph/Workspaces/Robotics/Projects/CORI/cori_ws/install/cori_hardware/share/cori_hardware/launch
[2.359s] running install_egg_info
[2.360s] Copying ../../build/cori_hardware/cori_hardware.egg-info to /home/juptegraph/Workspaces/Robotics/Projects/CORI/cori_ws/install/cori_hardware/lib/python3.10/site-packages/cori_hardware-1.0.0-py3.10.egg-info
[2.361s] running install_scripts
[2.395s] Installing arduino_bridge script to /home/juptegraph/Workspaces/Robotics/Projects/CORI/cori_ws/install/cori_hardware/bin
[2.396s] Installing hardware_bridge script to /home/juptegraph/Workspaces/Robotics/Projects/CORI/cori_ws/install/cori_hardware/bin
[2.396s] Installing hardware_integration script to /home/juptegraph/Workspaces/Robotics/Projects/CORI/cori_ws/install/cori_hardware/bin
[2.397s] Installing hardware_test script to /home/juptegraph/Workspaces/Robotics/Projects/CORI/cori_ws/install/cori_hardware/bin
[2.397s] Installing realtime_web_control script to /home/juptegraph/Workspaces/Robotics/Projects/CORI/cori_ws/install/cori_hardware/bin
[2.397s] writing list of installed files to '/home/juptegraph/Workspaces/Robotics/Projects/CORI/cori_ws/build/cori_hardware/install.log'
[2.450s] Invoked command in '/home/juptegraph/Workspaces/Robotics/Projects/CORI/cori_ws/src/cori_hardware' returned '0': PYTHONPATH=/home/juptegraph/Workspaces/Robotics/Projects/CORI/cori_ws/build/cori_hardware/prefix_override:/usr/lib/python3/dist-packages/colcon_core/task/python/colcon_distutils_commands:/home/juptegraph/Workspaces/Robotics/Projects/CORI/cori_ws/install/cori_hardware/lib/python3.10/site-packages:${PYTHONPATH} /usr/bin/python3 -W ignore:setup.py install is deprecated -W ignore:easy_install command is deprecated setup.py egg_info --egg-base ../../build/cori_hardware build --build-base /home/juptegraph/Workspaces/Robotics/Projects/CORI/cori_ws/build/cori_hardware/build install --record /home/juptegraph/Workspaces/Robotics/Projects/CORI/cori_ws/build/cori_hardware/install.log --single-version-externally-managed install_data
