[2.675s] Invoking command in '/home/juptegraph/Workspaces/Robotics/Projects/CORI/cori_ws/src/cori_vision': PYTHONPATH=/home/juptegraph/Workspaces/Robotics/Projects/CORI/cori_ws/build/cori_vision/prefix_override:/usr/lib/python3/dist-packages/colcon_core/task/python/colcon_distutils_commands:/home/juptegraph/Workspaces/Robotics/Projects/CORI/cori_ws/install/cori_vision/lib/python3.10/site-packages:${PYTHONPATH} /usr/bin/python3 -W ignore:setup.py install is deprecated -W ignore:easy_install command is deprecated setup.py egg_info --egg-base ../../build/cori_vision build --build-base /home/juptegraph/Workspaces/Robotics/Projects/CORI/cori_ws/build/cori_vision/build install --record /home/juptegraph/Workspaces/Robotics/Projects/CORI/cori_ws/build/cori_vision/install.log --single-version-externally-managed install_data
[3.099s] running egg_info
[3.100s] creating ../../build/cori_vision/cori_vision.egg-info
[3.100s] writing ../../build/cori_vision/cori_vision.egg-info/PKG-INFO
[3.101s] writing dependency_links to ../../build/cori_vision/cori_vision.egg-info/dependency_links.txt
[3.101s] writing entry points to ../../build/cori_vision/cori_vision.egg-info/entry_points.txt
[3.101s] writing requirements to ../../build/cori_vision/cori_vision.egg-info/requires.txt
[3.101s] writing top-level names to ../../build/cori_vision/cori_vision.egg-info/top_level.txt
[3.101s] writing manifest file '../../build/cori_vision/cori_vision.egg-info/SOURCES.txt'
[3.106s] reading manifest file '../../build/cori_vision/cori_vision.egg-info/SOURCES.txt'
[3.106s] writing manifest file '../../build/cori_vision/cori_vision.egg-info/SOURCES.txt'
[3.106s] running build
[3.107s] running build_py
[3.107s] creating /home/juptegraph/Workspaces/Robotics/Projects/CORI/cori_ws/build/cori_vision/build
[3.107s] creating /home/juptegraph/Workspaces/Robotics/Projects/CORI/cori_ws/build/cori_vision/build/lib
[3.108s] creating /home/juptegraph/Workspaces/Robotics/Projects/CORI/cori_ws/build/cori_vision/build/lib/cori_vision
[3.108s] copying cori_vision/simple_color_detector.py -> /home/juptegraph/Workspaces/Robotics/Projects/CORI/cori_ws/build/cori_vision/build/lib/cori_vision
[3.108s] copying cori_vision/laundry_color_detector.py -> /home/juptegraph/Workspaces/Robotics/Projects/CORI/cori_ws/build/cori_vision/build/lib/cori_vision
[3.108s] copying cori_vision/__init__.py -> /home/juptegraph/Workspaces/Robotics/Projects/CORI/cori_ws/build/cori_vision/build/lib/cori_vision
[3.108s] copying cori_vision/object_detection.py -> /home/juptegraph/Workspaces/Robotics/Projects/CORI/cori_ws/build/cori_vision/build/lib/cori_vision
[3.108s] running install
[3.109s] running install_lib
[3.111s] creating /home/juptegraph/Workspaces/Robotics/Projects/CORI/cori_ws/install/cori_vision/lib/python3.10/site-packages/cori_vision
[3.112s] copying /home/juptegraph/Workspaces/Robotics/Projects/CORI/cori_ws/build/cori_vision/build/lib/cori_vision/simple_color_detector.py -> /home/juptegraph/Workspaces/Robotics/Projects/CORI/cori_ws/install/cori_vision/lib/python3.10/site-packages/cori_vision
[3.112s] copying /home/juptegraph/Workspaces/Robotics/Projects/CORI/cori_ws/build/cori_vision/build/lib/cori_vision/laundry_color_detector.py -> /home/juptegraph/Workspaces/Robotics/Projects/CORI/cori_ws/install/cori_vision/lib/python3.10/site-packages/cori_vision
[3.113s] copying /home/juptegraph/Workspaces/Robotics/Projects/CORI/cori_ws/build/cori_vision/build/lib/cori_vision/__init__.py -> /home/juptegraph/Workspaces/Robotics/Projects/CORI/cori_ws/install/cori_vision/lib/python3.10/site-packages/cori_vision
[3.113s] copying /home/juptegraph/Workspaces/Robotics/Projects/CORI/cori_ws/build/cori_vision/build/lib/cori_vision/object_detection.py -> /home/juptegraph/Workspaces/Robotics/Projects/CORI/cori_ws/install/cori_vision/lib/python3.10/site-packages/cori_vision
[3.113s] byte-compiling /home/juptegraph/Workspaces/Robotics/Projects/CORI/cori_ws/install/cori_vision/lib/python3.10/site-packages/cori_vision/simple_color_detector.py to simple_color_detector.cpython-310.pyc
[3.114s] byte-compiling /home/juptegraph/Workspaces/Robotics/Projects/CORI/cori_ws/install/cori_vision/lib/python3.10/site-packages/cori_vision/laundry_color_detector.py to laundry_color_detector.cpython-310.pyc
[3.123s] byte-compiling /home/juptegraph/Workspaces/Robotics/Projects/CORI/cori_ws/install/cori_vision/lib/python3.10/site-packages/cori_vision/__init__.py to __init__.cpython-310.pyc
[3.125s] byte-compiling /home/juptegraph/Workspaces/Robotics/Projects/CORI/cori_ws/install/cori_vision/lib/python3.10/site-packages/cori_vision/object_detection.py to object_detection.cpython-310.pyc
[3.126s] running install_data
[3.126s] creating /home/juptegraph/Workspaces/Robotics/Projects/CORI/cori_ws/install/cori_vision/share/ament_index
[3.126s] creating /home/juptegraph/Workspaces/Robotics/Projects/CORI/cori_ws/install/cori_vision/share/ament_index/resource_index
[3.126s] creating /home/juptegraph/Workspaces/Robotics/Projects/CORI/cori_ws/install/cori_vision/share/ament_index/resource_index/packages
[3.126s] copying resource/cori_vision -> /home/juptegraph/Workspaces/Robotics/Projects/CORI/cori_ws/install/cori_vision/share/ament_index/resource_index/packages
[3.126s] copying package.xml -> /home/juptegraph/Workspaces/Robotics/Projects/CORI/cori_ws/install/cori_vision/share/cori_vision
[3.127s] creating /home/juptegraph/Workspaces/Robotics/Projects/CORI/cori_ws/install/cori_vision/share/cori_vision/launch
[3.127s] copying launch/laundry_color_detector.launch.py -> /home/juptegraph/Workspaces/Robotics/Projects/CORI/cori_ws/install/cori_vision/share/cori_vision/launch
[3.127s] copying launch/camera_only.launch.py -> /home/juptegraph/Workspaces/Robotics/Projects/CORI/cori_ws/install/cori_vision/share/cori_vision/launch
[3.127s] creating /home/juptegraph/Workspaces/Robotics/Projects/CORI/cori_ws/install/cori_vision/share/cori_vision/config
[3.127s] copying config/color_piles.yaml -> /home/juptegraph/Workspaces/Robotics/Projects/CORI/cori_ws/install/cori_vision/share/cori_vision/config
[3.127s] creating /home/juptegraph/Workspaces/Robotics/Projects/CORI/cori_ws/install/cori_vision/lib/cori_vision
[3.127s] running install_egg_info
[3.134s] Copying ../../build/cori_vision/cori_vision.egg-info to /home/juptegraph/Workspaces/Robotics/Projects/CORI/cori_ws/install/cori_vision/lib/python3.10/site-packages/cori_vision-1.0.0-py3.10.egg-info
[3.134s] running install_scripts
[3.168s] Installing laundry_color_detector script to /home/juptegraph/Workspaces/Robotics/Projects/CORI/cori_ws/install/cori_vision/bin
[3.169s] Installing object_detection script to /home/juptegraph/Workspaces/Robotics/Projects/CORI/cori_ws/install/cori_vision/bin
[3.169s] Installing simple_color_detector script to /home/juptegraph/Workspaces/Robotics/Projects/CORI/cori_ws/install/cori_vision/bin
[3.169s] writing list of installed files to '/home/juptegraph/Workspaces/Robotics/Projects/CORI/cori_ws/build/cori_vision/install.log'
[3.550s] Invoked command in '/home/juptegraph/Workspaces/Robotics/Projects/CORI/cori_ws/src/cori_vision' returned '0': PYTHONPATH=/home/juptegraph/Workspaces/Robotics/Projects/CORI/cori_ws/build/cori_vision/prefix_override:/usr/lib/python3/dist-packages/colcon_core/task/python/colcon_distutils_commands:/home/juptegraph/Workspaces/Robotics/Projects/CORI/cori_ws/install/cori_vision/lib/python3.10/site-packages:${PYTHONPATH} /usr/bin/python3 -W ignore:setup.py install is deprecated -W ignore:easy_install command is deprecated setup.py egg_info --egg-base ../../build/cori_vision build --build-base /home/juptegraph/Workspaces/Robotics/Projects/CORI/cori_ws/build/cori_vision/build install --record /home/juptegraph/Workspaces/Robotics/Projects/CORI/cori_ws/build/cori_vision/install.log --single-version-externally-managed install_data
