[3.189s] Invoking command in '/home/juptegraph/Workspaces/Robotics/Projects/CORI/cori_ws/src/cori_hardware': PYTHONPATH=/home/juptegraph/Workspaces/Robotics/Projects/CORI/cori_ws/build/cori_hardware/prefix_override:/usr/lib/python3/dist-packages/colcon_core/task/python/colcon_distutils_commands:/home/juptegraph/Workspaces/Robotics/Projects/CORI/cori_ws/install/cori_hardware/lib/python3.10/site-packages:${PYTHONPATH} /usr/bin/python3 -W ignore:setup.py install is deprecated -W ignore:easy_install command is deprecated setup.py egg_info --egg-base ../../build/cori_hardware build --build-base /home/juptegraph/Workspaces/Robotics/Projects/CORI/cori_ws/build/cori_hardware/build install --record /home/juptegraph/Workspaces/Robotics/Projects/CORI/cori_ws/build/cori_hardware/install.log --single-version-externally-managed install_data
[3.657s] running egg_info
[3.658s] creating ../../build/cori_hardware/cori_hardware.egg-info
[3.659s] writing ../../build/cori_hardware/cori_hardware.egg-info/PKG-INFO
[3.659s] writing dependency_links to ../../build/cori_hardware/cori_hardware.egg-info/dependency_links.txt
[3.661s] writing entry points to ../../build/cori_hardware/cori_hardware.egg-info/entry_points.txt
[3.662s] writing requirements to ../../build/cori_hardware/cori_hardware.egg-info/requires.txt
[3.662s] writing top-level names to ../../build/cori_hardware/cori_hardware.egg-info/top_level.txt
[3.662s] writing manifest file '../../build/cori_hardware/cori_hardware.egg-info/SOURCES.txt'
[3.663s] reading manifest file '../../build/cori_hardware/cori_hardware.egg-info/SOURCES.txt'
[3.664s] writing manifest file '../../build/cori_hardware/cori_hardware.egg-info/SOURCES.txt'
[3.665s] running build
[3.665s] running build_py
[3.665s] creating /home/juptegraph/Workspaces/Robotics/Projects/CORI/cori_ws/build/cori_hardware/build
[3.666s] creating /home/juptegraph/Workspaces/Robotics/Projects/CORI/cori_ws/build/cori_hardware/build/lib
[3.666s] creating /home/juptegraph/Workspaces/Robotics/Projects/CORI/cori_ws/build/cori_hardware/build/lib/cori_hardware
[3.667s] copying cori_hardware/hardware_bridge.py -> /home/juptegraph/Workspaces/Robotics/Projects/CORI/cori_ws/build/cori_hardware/build/lib/cori_hardware
[3.667s] copying cori_hardware/arduino_bridge.py -> /home/juptegraph/Workspaces/Robotics/Projects/CORI/cori_ws/build/cori_hardware/build/lib/cori_hardware
[3.667s] copying cori_hardware/web_api_simple.py -> /home/juptegraph/Workspaces/Robotics/Projects/CORI/cori_ws/build/cori_hardware/build/lib/cori_hardware
[3.668s] copying cori_hardware/realtime_web_control.py -> /home/juptegraph/Workspaces/Robotics/Projects/CORI/cori_ws/build/cori_hardware/build/lib/cori_hardware
[3.668s] copying cori_hardware/web_api.py -> /home/juptegraph/Workspaces/Robotics/Projects/CORI/cori_ws/build/cori_hardware/build/lib/cori_hardware
[3.668s] copying cori_hardware/hardware_test.py -> /home/juptegraph/Workspaces/Robotics/Projects/CORI/cori_ws/build/cori_hardware/build/lib/cori_hardware
[3.669s] copying cori_hardware/__init__.py -> /home/juptegraph/Workspaces/Robotics/Projects/CORI/cori_ws/build/cori_hardware/build/lib/cori_hardware
[3.669s] copying cori_hardware/ros_web_bridge.py -> /home/juptegraph/Workspaces/Robotics/Projects/CORI/cori_ws/build/cori_hardware/build/lib/cori_hardware
[3.669s] copying cori_hardware/hardware_integration.py -> /home/juptegraph/Workspaces/Robotics/Projects/CORI/cori_ws/build/cori_hardware/build/lib/cori_hardware
[3.670s] running install
[3.671s] running install_lib
[3.671s] creating /home/juptegraph/Workspaces/Robotics/Projects/CORI/cori_ws/install/cori_hardware/lib/python3.10/site-packages/cori_hardware
[3.671s] copying /home/juptegraph/Workspaces/Robotics/Projects/CORI/cori_ws/build/cori_hardware/build/lib/cori_hardware/hardware_bridge.py -> /home/juptegraph/Workspaces/Robotics/Projects/CORI/cori_ws/install/cori_hardware/lib/python3.10/site-packages/cori_hardware
[3.671s] copying /home/juptegraph/Workspaces/Robotics/Projects/CORI/cori_ws/build/cori_hardware/build/lib/cori_hardware/arduino_bridge.py -> /home/juptegraph/Workspaces/Robotics/Projects/CORI/cori_ws/install/cori_hardware/lib/python3.10/site-packages/cori_hardware
[3.672s] copying /home/juptegraph/Workspaces/Robotics/Projects/CORI/cori_ws/build/cori_hardware/build/lib/cori_hardware/web_api_simple.py -> /home/juptegraph/Workspaces/Robotics/Projects/CORI/cori_ws/install/cori_hardware/lib/python3.10/site-packages/cori_hardware
[3.672s] copying /home/juptegraph/Workspaces/Robotics/Projects/CORI/cori_ws/build/cori_hardware/build/lib/cori_hardware/realtime_web_control.py -> /home/juptegraph/Workspaces/Robotics/Projects/CORI/cori_ws/install/cori_hardware/lib/python3.10/site-packages/cori_hardware
[3.672s] copying /home/juptegraph/Workspaces/Robotics/Projects/CORI/cori_ws/build/cori_hardware/build/lib/cori_hardware/web_api.py -> /home/juptegraph/Workspaces/Robotics/Projects/CORI/cori_ws/install/cori_hardware/lib/python3.10/site-packages/cori_hardware
[3.672s] copying /home/juptegraph/Workspaces/Robotics/Projects/CORI/cori_ws/build/cori_hardware/build/lib/cori_hardware/hardware_test.py -> /home/juptegraph/Workspaces/Robotics/Projects/CORI/cori_ws/install/cori_hardware/lib/python3.10/site-packages/cori_hardware
[3.672s] copying /home/juptegraph/Workspaces/Robotics/Projects/CORI/cori_ws/build/cori_hardware/build/lib/cori_hardware/__init__.py -> /home/juptegraph/Workspaces/Robotics/Projects/CORI/cori_ws/install/cori_hardware/lib/python3.10/site-packages/cori_hardware
[3.672s] copying /home/juptegraph/Workspaces/Robotics/Projects/CORI/cori_ws/build/cori_hardware/build/lib/cori_hardware/ros_web_bridge.py -> /home/juptegraph/Workspaces/Robotics/Projects/CORI/cori_ws/install/cori_hardware/lib/python3.10/site-packages/cori_hardware
[3.672s] copying /home/juptegraph/Workspaces/Robotics/Projects/CORI/cori_ws/build/cori_hardware/build/lib/cori_hardware/hardware_integration.py -> /home/juptegraph/Workspaces/Robotics/Projects/CORI/cori_ws/install/cori_hardware/lib/python3.10/site-packages/cori_hardware
[3.672s] byte-compiling /home/juptegraph/Workspaces/Robotics/Projects/CORI/cori_ws/install/cori_hardware/lib/python3.10/site-packages/cori_hardware/hardware_bridge.py to hardware_bridge.cpython-310.pyc
[3.677s] byte-compiling /home/juptegraph/Workspaces/Robotics/Projects/CORI/cori_ws/install/cori_hardware/lib/python3.10/site-packages/cori_hardware/arduino_bridge.py to arduino_bridge.cpython-310.pyc
[3.680s] byte-compiling /home/juptegraph/Workspaces/Robotics/Projects/CORI/cori_ws/install/cori_hardware/lib/python3.10/site-packages/cori_hardware/web_api_simple.py to web_api_simple.cpython-310.pyc
[3.683s] byte-compiling /home/juptegraph/Workspaces/Robotics/Projects/CORI/cori_ws/install/cori_hardware/lib/python3.10/site-packages/cori_hardware/realtime_web_control.py to realtime_web_control.cpython-310.pyc
[3.685s] byte-compiling /home/juptegraph/Workspaces/Robotics/Projects/CORI/cori_ws/install/cori_hardware/lib/python3.10/site-packages/cori_hardware/web_api.py to web_api.cpython-310.pyc
[3.689s] byte-compiling /home/juptegraph/Workspaces/Robotics/Projects/CORI/cori_ws/install/cori_hardware/lib/python3.10/site-packages/cori_hardware/hardware_test.py to hardware_test.cpython-310.pyc
[3.690s] byte-compiling /home/juptegraph/Workspaces/Robotics/Projects/CORI/cori_ws/install/cori_hardware/lib/python3.10/site-packages/cori_hardware/__init__.py to __init__.cpython-310.pyc
[3.690s] byte-compiling /home/juptegraph/Workspaces/Robotics/Projects/CORI/cori_ws/install/cori_hardware/lib/python3.10/site-packages/cori_hardware/ros_web_bridge.py to ros_web_bridge.cpython-310.pyc
[3.692s] byte-compiling /home/juptegraph/Workspaces/Robotics/Projects/CORI/cori_ws/install/cori_hardware/lib/python3.10/site-packages/cori_hardware/hardware_integration.py to hardware_integration.cpython-310.pyc
[3.695s] running install_data
[3.695s] creating /home/juptegraph/Workspaces/Robotics/Projects/CORI/cori_ws/install/cori_hardware/share/ament_index
[3.696s] creating /home/juptegraph/Workspaces/Robotics/Projects/CORI/cori_ws/install/cori_hardware/share/ament_index/resource_index
[3.696s] creating /home/juptegraph/Workspaces/Robotics/Projects/CORI/cori_ws/install/cori_hardware/share/ament_index/resource_index/packages
[3.697s] copying resource/cori_hardware -> /home/juptegraph/Workspaces/Robotics/Projects/CORI/cori_ws/install/cori_hardware/share/ament_index/resource_index/packages
[3.697s] copying package.xml -> /home/juptegraph/Workspaces/Robotics/Projects/CORI/cori_ws/install/cori_hardware/share/cori_hardware
[3.697s] creating /home/juptegraph/Workspaces/Robotics/Projects/CORI/cori_ws/install/cori_hardware/share/cori_hardware/arduino
[3.697s] copying arduino/cori_head_controller/cori_head_controller.ino -> /home/juptegraph/Workspaces/Robotics/Projects/CORI/cori_ws/install/cori_hardware/share/cori_hardware/arduino
[3.698s] creating /home/juptegraph/Workspaces/Robotics/Projects/CORI/cori_ws/install/cori_hardware/share/cori_hardware/launch
[3.698s] copying launch/hardware_bridge.launch.py -> /home/juptegraph/Workspaces/Robotics/Projects/CORI/cori_ws/install/cori_hardware/share/cori_hardware/launch
[3.698s] copying launch/realtime_web_control.launch.py -> /home/juptegraph/Workspaces/Robotics/Projects/CORI/cori_ws/install/cori_hardware/share/cori_hardware/launch
[3.698s] running install_egg_info
[3.700s] Copying ../../build/cori_hardware/cori_hardware.egg-info to /home/juptegraph/Workspaces/Robotics/Projects/CORI/cori_ws/install/cori_hardware/lib/python3.10/site-packages/cori_hardware-1.0.0-py3.10.egg-info
[3.703s] running install_scripts
[3.743s] Installing arduino_bridge script to /home/juptegraph/Workspaces/Robotics/Projects/CORI/cori_ws/install/cori_hardware/bin
[3.743s] Installing hardware_bridge script to /home/juptegraph/Workspaces/Robotics/Projects/CORI/cori_ws/install/cori_hardware/bin
[3.743s] Installing hardware_integration script to /home/juptegraph/Workspaces/Robotics/Projects/CORI/cori_ws/install/cori_hardware/bin
[3.743s] Installing hardware_test script to /home/juptegraph/Workspaces/Robotics/Projects/CORI/cori_ws/install/cori_hardware/bin
[3.743s] Installing realtime_web_control script to /home/juptegraph/Workspaces/Robotics/Projects/CORI/cori_ws/install/cori_hardware/bin
[3.743s] writing list of installed files to '/home/juptegraph/Workspaces/Robotics/Projects/CORI/cori_ws/build/cori_hardware/install.log'
[4.181s] Invoked command in '/home/juptegraph/Workspaces/Robotics/Projects/CORI/cori_ws/src/cori_hardware' returned '0': PYTHONPATH=/home/juptegraph/Workspaces/Robotics/Projects/CORI/cori_ws/build/cori_hardware/prefix_override:/usr/lib/python3/dist-packages/colcon_core/task/python/colcon_distutils_commands:/home/juptegraph/Workspaces/Robotics/Projects/CORI/cori_ws/install/cori_hardware/lib/python3.10/site-packages:${PYTHONPATH} /usr/bin/python3 -W ignore:setup.py install is deprecated -W ignore:easy_install command is deprecated setup.py egg_info --egg-base ../../build/cori_hardware build --build-base /home/juptegraph/Workspaces/Robotics/Projects/CORI/cori_ws/build/cori_hardware/build install --record /home/juptegraph/Workspaces/Robotics/Projects/CORI/cori_ws/build/cori_hardware/install.log --single-version-externally-managed install_data
