[2.311s] Invoking command in '/home/juptegraph/Workspaces/Robotics/Projects/CORI/cori_ws/src/cori_control': PYTHONPATH=/home/juptegraph/Workspaces/Robotics/Projects/CORI/cori_ws/build/cori_control/prefix_override:/usr/lib/python3/dist-packages/colcon_core/task/python/colcon_distutils_commands:/home/juptegraph/Workspaces/Robotics/Projects/CORI/cori_ws/install/cori_control/lib/python3.10/site-packages:${PYTHONPATH} /usr/bin/python3 -W ignore:setup.py install is deprecated -W ignore:easy_install command is deprecated setup.py egg_info --egg-base ../../build/cori_control build --build-base /home/juptegraph/Workspaces/Robotics/Projects/CORI/cori_ws/build/cori_control/build install --record /home/juptegraph/Workspaces/Robotics/Projects/CORI/cori_ws/build/cori_control/install.log --single-version-externally-managed install_data
[2.394s] Traceback (most recent call last):
[2.394s]   File "/home/juptegraph/Workspaces/Robotics/Projects/CORI/cori_ws/src/cori_control/setup.py", line 1, in <module>
[2.394s]     from setuptools import setup
[2.394s]   File "/usr/lib/python3/dist-packages/setuptools/__init__.py", line 16, in <module>
[2.402s]     import setuptools.version
[2.403s]   File "/usr/lib/python3/dist-packages/setuptools/version.py", line 1, in <module>
[2.405s]     import pkg_resources
[2.405s]   File "/usr/lib/python3/dist-packages/pkg_resources/__init__.py", line 36, in <module>
[2.405s]     import textwrap
[2.406s]   File "/usr/lib/python3.10/textwrap.py", line 17, in <module>
[2.407s]     class TextWrapper:
[2.407s]   File "/usr/lib/python3.10/textwrap.py", line 81, in TextWrapper
[2.407s]     wordsep_re = re.compile(r'''
[2.407s]   File "/usr/lib/python3.10/re.py", line 251, in compile
[2.407s]     return _compile(pattern, flags)
[2.407s]   File "/usr/lib/python3.10/re.py", line 303, in _compile
[2.407s]     p = sre_compile.compile(pattern, flags)
[2.408s]   File "/usr/lib/python3.10/sre_compile.py", line 788, in compile
[2.409s]     p = sre_parse.parse(p, flags)
[2.409s]   File "/usr/lib/python3.10/sre_parse.py", line 955, in parse
[2.409s]     p = _parse_sub(source, state, flags & SRE_FLAG_VERBOSE, 0)
[2.409s]   File "/usr/lib/python3.10/sre_parse.py", line 444, in _parse_sub
[2.410s]     itemsappend(_parse(source, state, verbose, nested + 1,
[2.410s]   File "/usr/lib/python3.10/sre_parse.py", line 841, in _parse
[2.412s]     p = _parse_sub(source, state, sub_verbose, nested + 1)
[2.412s]   File "/usr/lib/python3.10/sre_parse.py", line 444, in _parse_sub
[2.412s]     itemsappend(_parse(source, state, verbose, nested + 1,
[2.413s]   File "/usr/lib/python3.10/sre_parse.py", line 841, in _parse
[2.413s]     p = _parse_sub(source, state, sub_verbose, nested + 1)
[2.413s]   File "/usr/lib/python3.10/sre_parse.py", line 444, in _parse_sub
[2.414s]     itemsappend(_parse(source, state, verbose, nested + 1,
[2.415s]   File "/usr/lib/python3.10/sre_parse.py", line 841, in _parse
[2.416s]     p = _parse_sub(source, state, sub_verbose, nested + 1)
[2.417s]   File "/usr/lib/python3.10/sre_parse.py", line 444, in _parse_sub
[2.417s]     itemsappend(_parse(source, state, verbose, nested + 1,
[2.417s]   File "/usr/lib/python3.10/sre_parse.py", line 755, in _parse
[2.417s]     p = _parse_sub(source, state, verbose, nested + 1)
[2.417s]   File "/usr/lib/python3.10/sre_parse.py", line 444, in _parse_sub
[2.418s]     itemsappend(_parse(source, state, verbose, nested + 1,
[2.418s]   File "/usr/lib/python3.10/sre_parse.py", line 496, in _parse
[2.418s]     subpattern = SubPattern(state)
[2.418s]   File "/usr/lib/python3.10/sre_parse.py", line 112, in __init__
[2.418s]     def __init__(self, state, data=None):
[2.418s] KeyboardInterrupt
