[2.029s] Invoking command in '/home/juptegraph/Workspaces/Robotics/Projects/CORI/cori_ws/src/cori_tools': PYTHONPATH=/home/juptegraph/Workspaces/Robotics/Projects/CORI/cori_ws/build/cori_tools/prefix_override:/usr/lib/python3/dist-packages/colcon_core/task/python/colcon_distutils_commands:/home/juptegraph/Workspaces/Robotics/Projects/CORI/cori_ws/install/cori_tools/lib/python3.10/site-packages:${PYTHONPATH} /usr/bin/python3 -W ignore:setup.py install is deprecated -W ignore:easy_install command is deprecated setup.py egg_info --egg-base ../../build/cori_tools build --build-base /home/juptegraph/Workspaces/Robotics/Projects/CORI/cori_ws/build/cori_tools/build install --record /home/juptegraph/Workspaces/Robotics/Projects/CORI/cori_ws/build/cori_tools/install.log --single-version-externally-managed install_data
[2.352s] running egg_info
[2.352s] creating ../../build/cori_tools/cori_tools.egg-info
[2.354s] writing ../../build/cori_tools/cori_tools.egg-info/PKG-INFO
[2.354s] writing dependency_links to ../../build/cori_tools/cori_tools.egg-info/dependency_links.txt
[2.354s] writing entry points to ../../build/cori_tools/cori_tools.egg-info/entry_points.txt
[2.354s] writing requirements to ../../build/cori_tools/cori_tools.egg-info/requires.txt
[2.354s] writing top-level names to ../../build/cori_tools/cori_tools.egg-info/top_level.txt
[2.354s] writing manifest file '../../build/cori_tools/cori_tools.egg-info/SOURCES.txt'
[2.357s] reading manifest file '../../build/cori_tools/cori_tools.egg-info/SOURCES.txt'
[2.358s] writing manifest file '../../build/cori_tools/cori_tools.egg-info/SOURCES.txt'
[2.358s] running build
[2.358s] running build_py
[2.359s] creating /home/juptegraph/Workspaces/Robotics/Projects/CORI/cori_ws/build/cori_tools/build
[2.359s] creating /home/juptegraph/Workspaces/Robotics/Projects/CORI/cori_ws/build/cori_tools/build/lib
[2.359s] creating /home/juptegraph/Workspaces/Robotics/Projects/CORI/cori_ws/build/cori_tools/build/lib/cori_tools
[2.359s] copying cori_tools/cori_ignition_integration.py -> /home/juptegraph/Workspaces/Robotics/Projects/CORI/cori_ws/build/cori_tools/build/lib/cori_tools
[2.359s] copying cori_tools/__init__.py -> /home/juptegraph/Workspaces/Robotics/Projects/CORI/cori_ws/build/cori_tools/build/lib/cori_tools
[2.359s] running install
[2.359s] running install_lib
[2.362s] creating /home/juptegraph/Workspaces/Robotics/Projects/CORI/cori_ws/install/cori_tools/lib/python3.10/site-packages/cori_tools
[2.362s] copying /home/juptegraph/Workspaces/Robotics/Projects/CORI/cori_ws/build/cori_tools/build/lib/cori_tools/cori_ignition_integration.py -> /home/juptegraph/Workspaces/Robotics/Projects/CORI/cori_ws/install/cori_tools/lib/python3.10/site-packages/cori_tools
[2.362s] copying /home/juptegraph/Workspaces/Robotics/Projects/CORI/cori_ws/build/cori_tools/build/lib/cori_tools/__init__.py -> /home/juptegraph/Workspaces/Robotics/Projects/CORI/cori_ws/install/cori_tools/lib/python3.10/site-packages/cori_tools
[2.362s] byte-compiling /home/juptegraph/Workspaces/Robotics/Projects/CORI/cori_ws/install/cori_tools/lib/python3.10/site-packages/cori_tools/cori_ignition_integration.py to cori_ignition_integration.cpython-310.pyc
[2.372s] byte-compiling /home/juptegraph/Workspaces/Robotics/Projects/CORI/cori_ws/install/cori_tools/lib/python3.10/site-packages/cori_tools/__init__.py to __init__.cpython-310.pyc
[2.373s] running install_data
[2.373s] creating /home/juptegraph/Workspaces/Robotics/Projects/CORI/cori_ws/install/cori_tools/share/ament_index
[2.373s] creating /home/juptegraph/Workspaces/Robotics/Projects/CORI/cori_ws/install/cori_tools/share/ament_index/resource_index
[2.373s] creating /home/juptegraph/Workspaces/Robotics/Projects/CORI/cori_ws/install/cori_tools/share/ament_index/resource_index/packages
[2.374s] copying resource/cori_tools -> /home/juptegraph/Workspaces/Robotics/Projects/CORI/cori_ws/install/cori_tools/share/ament_index/resource_index/packages
[2.374s] copying package.xml -> /home/juptegraph/Workspaces/Robotics/Projects/CORI/cori_ws/install/cori_tools/share/cori_tools
[2.374s] creating /home/juptegraph/Workspaces/Robotics/Projects/CORI/cori_ws/install/cori_tools/share/cori_tools/scripts
[2.374s] copying scripts/cori_info_collector.sh -> /home/juptegraph/Workspaces/Robotics/Projects/CORI/cori_ws/install/cori_tools/share/cori_tools/scripts
[2.374s] creating /home/juptegraph/Workspaces/Robotics/Projects/CORI/cori_ws/install/cori_tools/share/cori_tools/config
[2.374s] copying config/cori_ignition_database.json -> /home/juptegraph/Workspaces/Robotics/Projects/CORI/cori_ws/install/cori_tools/share/cori_tools/config
[2.375s] running install_egg_info
[2.376s] Copying ../../build/cori_tools/cori_tools.egg-info to /home/juptegraph/Workspaces/Robotics/Projects/CORI/cori_ws/install/cori_tools/lib/python3.10/site-packages/cori_tools-1.0.0-py3.10.egg-info
[2.377s] running install_scripts
[2.407s] Installing ignition_integration script to /home/juptegraph/Workspaces/Robotics/Projects/CORI/cori_ws/install/cori_tools/bin
[2.408s] writing list of installed files to '/home/juptegraph/Workspaces/Robotics/Projects/CORI/cori_ws/build/cori_tools/install.log'
[2.659s] Invoked command in '/home/juptegraph/Workspaces/Robotics/Projects/CORI/cori_ws/src/cori_tools' returned '0': PYTHONPATH=/home/juptegraph/Workspaces/Robotics/Projects/CORI/cori_ws/build/cori_tools/prefix_override:/usr/lib/python3/dist-packages/colcon_core/task/python/colcon_distutils_commands:/home/juptegraph/Workspaces/Robotics/Projects/CORI/cori_ws/install/cori_tools/lib/python3.10/site-packages:${PYTHONPATH} /usr/bin/python3 -W ignore:setup.py install is deprecated -W ignore:easy_install command is deprecated setup.py egg_info --egg-base ../../build/cori_tools build --build-base /home/juptegraph/Workspaces/Robotics/Projects/CORI/cori_ws/build/cori_tools/build install --record /home/juptegraph/Workspaces/Robotics/Projects/CORI/cori_ws/build/cori_tools/install.log --single-version-externally-managed install_data
