[2.139s] Invoking command in '/home/juptegraph/Workspaces/Robotics/Projects/CORI/cori_ws/src/cori_core': PYTHONPATH=/home/juptegraph/Workspaces/Robotics/Projects/CORI/cori_ws/build/cori_core/prefix_override:/usr/lib/python3/dist-packages/colcon_core/task/python/colcon_distutils_commands:/home/juptegraph/Workspaces/Robotics/Projects/CORI/cori_ws/install/cori_core/lib/python3.10/site-packages:${PYTHONPATH} /usr/bin/python3 -W ignore:setup.py install is deprecated -W ignore:easy_install command is deprecated setup.py egg_info --egg-base ../../build/cori_core build --build-base /home/juptegraph/Workspaces/Robotics/Projects/CORI/cori_ws/build/cori_core/build install --record /home/juptegraph/Workspaces/Robotics/Projects/CORI/cori_ws/build/cori_core/install.log --single-version-externally-managed install_data
[2.547s] running egg_info
[2.548s] creating ../../build/cori_core/cori_core.egg-info
[2.548s] writing ../../build/cori_core/cori_core.egg-info/PKG-INFO
[2.549s] writing dependency_links to ../../build/cori_core/cori_core.egg-info/dependency_links.txt
[2.549s] writing entry points to ../../build/cori_core/cori_core.egg-info/entry_points.txt
[2.549s] writing requirements to ../../build/cori_core/cori_core.egg-info/requires.txt
[2.549s] writing top-level names to ../../build/cori_core/cori_core.egg-info/top_level.txt
[2.549s] writing manifest file '../../build/cori_core/cori_core.egg-info/SOURCES.txt'
[2.552s] reading manifest file '../../build/cori_core/cori_core.egg-info/SOURCES.txt'
[2.553s] writing manifest file '../../build/cori_core/cori_core.egg-info/SOURCES.txt'
[2.553s] running build
[2.553s] running build_py
[2.554s] creating /home/juptegraph/Workspaces/Robotics/Projects/CORI/cori_ws/build/cori_core/build
[2.554s] creating /home/juptegraph/Workspaces/Robotics/Projects/CORI/cori_ws/build/cori_core/build/lib
[2.554s] creating /home/juptegraph/Workspaces/Robotics/Projects/CORI/cori_ws/build/cori_core/build/lib/cori_core
[2.554s] copying cori_core/database_manager.py -> /home/juptegraph/Workspaces/Robotics/Projects/CORI/cori_ws/build/cori_core/build/lib/cori_core
[2.554s] copying cori_core/__init__.py -> /home/juptegraph/Workspaces/Robotics/Projects/CORI/cori_ws/build/cori_core/build/lib/cori_core
[2.554s] copying cori_core/spatial_database.py -> /home/juptegraph/Workspaces/Robotics/Projects/CORI/cori_ws/build/cori_core/build/lib/cori_core
[2.554s] running install
[2.555s] running install_lib
[2.556s] creating /home/juptegraph/Workspaces/Robotics/Projects/CORI/cori_ws/install/cori_core/lib/python3.10/site-packages/cori_core
[2.556s] copying /home/juptegraph/Workspaces/Robotics/Projects/CORI/cori_ws/build/cori_core/build/lib/cori_core/database_manager.py -> /home/juptegraph/Workspaces/Robotics/Projects/CORI/cori_ws/install/cori_core/lib/python3.10/site-packages/cori_core
[2.556s] copying /home/juptegraph/Workspaces/Robotics/Projects/CORI/cori_ws/build/cori_core/build/lib/cori_core/__init__.py -> /home/juptegraph/Workspaces/Robotics/Projects/CORI/cori_ws/install/cori_core/lib/python3.10/site-packages/cori_core
[2.557s] copying /home/juptegraph/Workspaces/Robotics/Projects/CORI/cori_ws/build/cori_core/build/lib/cori_core/spatial_database.py -> /home/juptegraph/Workspaces/Robotics/Projects/CORI/cori_ws/install/cori_core/lib/python3.10/site-packages/cori_core
[2.557s] byte-compiling /home/juptegraph/Workspaces/Robotics/Projects/CORI/cori_ws/install/cori_core/lib/python3.10/site-packages/cori_core/database_manager.py to database_manager.cpython-310.pyc
[2.562s] byte-compiling /home/juptegraph/Workspaces/Robotics/Projects/CORI/cori_ws/install/cori_core/lib/python3.10/site-packages/cori_core/__init__.py to __init__.cpython-310.pyc
[2.562s] byte-compiling /home/juptegraph/Workspaces/Robotics/Projects/CORI/cori_ws/install/cori_core/lib/python3.10/site-packages/cori_core/spatial_database.py to spatial_database.cpython-310.pyc
[2.565s] running install_data
[2.565s] creating /home/juptegraph/Workspaces/Robotics/Projects/CORI/cori_ws/install/cori_core/share/ament_index
[2.566s] creating /home/juptegraph/Workspaces/Robotics/Projects/CORI/cori_ws/install/cori_core/share/ament_index/resource_index
[2.566s] creating /home/juptegraph/Workspaces/Robotics/Projects/CORI/cori_ws/install/cori_core/share/ament_index/resource_index/packages
[2.566s] copying resource/cori_core -> /home/juptegraph/Workspaces/Robotics/Projects/CORI/cori_ws/install/cori_core/share/ament_index/resource_index/packages
[2.566s] copying package.xml -> /home/juptegraph/Workspaces/Robotics/Projects/CORI/cori_ws/install/cori_core/share/cori_core
[2.566s] running install_egg_info
[2.570s] Copying ../../build/cori_core/cori_core.egg-info to /home/juptegraph/Workspaces/Robotics/Projects/CORI/cori_ws/install/cori_core/lib/python3.10/site-packages/cori_core-1.0.0-py3.10.egg-info
[2.572s] running install_scripts
[2.604s] Installing database_manager script to /home/juptegraph/Workspaces/Robotics/Projects/CORI/cori_ws/install/cori_core/bin
[2.604s] writing list of installed files to '/home/juptegraph/Workspaces/Robotics/Projects/CORI/cori_ws/build/cori_core/install.log'
[2.641s] Invoked command in '/home/juptegraph/Workspaces/Robotics/Projects/CORI/cori_ws/src/cori_core' returned '0': PYTHONPATH=/home/juptegraph/Workspaces/Robotics/Projects/CORI/cori_ws/build/cori_core/prefix_override:/usr/lib/python3/dist-packages/colcon_core/task/python/colcon_distutils_commands:/home/juptegraph/Workspaces/Robotics/Projects/CORI/cori_ws/install/cori_core/lib/python3.10/site-packages:${PYTHONPATH} /usr/bin/python3 -W ignore:setup.py install is deprecated -W ignore:easy_install command is deprecated setup.py egg_info --egg-base ../../build/cori_core build --build-base /home/juptegraph/Workspaces/Robotics/Projects/CORI/cori_ws/build/cori_core/build install --record /home/juptegraph/Workspaces/Robotics/Projects/CORI/cori_ws/build/cori_core/install.log --single-version-externally-managed install_data
