[1.871s] Invoking command in '/home/juptegraph/Workspaces/Robotics/Projects/CORI/cori_ws/src/cori_vision': PYTHONPATH=/home/juptegraph/Workspaces/Robotics/Projects/CORI/cori_ws/build/cori_vision/prefix_override:/usr/lib/python3/dist-packages/colcon_core/task/python/colcon_distutils_commands:/home/juptegraph/Workspaces/Robotics/Projects/CORI/cori_ws/install/cori_vision/lib/python3.10/site-packages:${PYTHONPATH} /usr/bin/python3 -W ignore:setup.py install is deprecated -W ignore:easy_install command is deprecated setup.py egg_info --egg-base ../../build/cori_vision build --build-base /home/juptegraph/Workspaces/Robotics/Projects/CORI/cori_ws/build/cori_vision/build install --record /home/juptegraph/Workspaces/Robotics/Projects/CORI/cori_ws/build/cori_vision/install.log --single-version-externally-managed install_data
[2.246s] running egg_info
[2.247s] creating ../../build/cori_vision/cori_vision.egg-info
[2.247s] writing ../../build/cori_vision/cori_vision.egg-info/PKG-INFO
[2.247s] writing dependency_links to ../../build/cori_vision/cori_vision.egg-info/dependency_links.txt
[2.247s] writing entry points to ../../build/cori_vision/cori_vision.egg-info/entry_points.txt
[2.247s] writing requirements to ../../build/cori_vision/cori_vision.egg-info/requires.txt
[2.247s] writing top-level names to ../../build/cori_vision/cori_vision.egg-info/top_level.txt
[2.248s] writing manifest file '../../build/cori_vision/cori_vision.egg-info/SOURCES.txt'
[2.249s] reading manifest file '../../build/cori_vision/cori_vision.egg-info/SOURCES.txt'
[2.250s] writing manifest file '../../build/cori_vision/cori_vision.egg-info/SOURCES.txt'
[2.250s] running build
[2.250s] running build_py
[2.250s] creating /home/juptegraph/Workspaces/Robotics/Projects/CORI/cori_ws/build/cori_vision/build
[2.250s] creating /home/juptegraph/Workspaces/Robotics/Projects/CORI/cori_ws/build/cori_vision/build/lib
[2.250s] creating /home/juptegraph/Workspaces/Robotics/Projects/CORI/cori_ws/build/cori_vision/build/lib/cori_vision
[2.250s] copying cori_vision/simple_color_detector.py -> /home/juptegraph/Workspaces/Robotics/Projects/CORI/cori_ws/build/cori_vision/build/lib/cori_vision
[2.250s] copying cori_vision/laundry_color_detector.py -> /home/juptegraph/Workspaces/Robotics/Projects/CORI/cori_ws/build/cori_vision/build/lib/cori_vision
[2.250s] copying cori_vision/__init__.py -> /home/juptegraph/Workspaces/Robotics/Projects/CORI/cori_ws/build/cori_vision/build/lib/cori_vision
[2.251s] copying cori_vision/object_detection.py -> /home/juptegraph/Workspaces/Robotics/Projects/CORI/cori_ws/build/cori_vision/build/lib/cori_vision
[2.251s] running install
[2.251s] running install_lib
[2.252s] creating /home/juptegraph/Workspaces/Robotics/Projects/CORI/cori_ws/install/cori_vision/lib/python3.10/site-packages/cori_vision
[2.252s] copying /home/juptegraph/Workspaces/Robotics/Projects/CORI/cori_ws/build/cori_vision/build/lib/cori_vision/simple_color_detector.py -> /home/juptegraph/Workspaces/Robotics/Projects/CORI/cori_ws/install/cori_vision/lib/python3.10/site-packages/cori_vision
[2.252s] copying /home/juptegraph/Workspaces/Robotics/Projects/CORI/cori_ws/build/cori_vision/build/lib/cori_vision/laundry_color_detector.py -> /home/juptegraph/Workspaces/Robotics/Projects/CORI/cori_ws/install/cori_vision/lib/python3.10/site-packages/cori_vision
[2.253s] copying /home/juptegraph/Workspaces/Robotics/Projects/CORI/cori_ws/build/cori_vision/build/lib/cori_vision/__init__.py -> /home/juptegraph/Workspaces/Robotics/Projects/CORI/cori_ws/install/cori_vision/lib/python3.10/site-packages/cori_vision
[2.253s] copying /home/juptegraph/Workspaces/Robotics/Projects/CORI/cori_ws/build/cori_vision/build/lib/cori_vision/object_detection.py -> /home/juptegraph/Workspaces/Robotics/Projects/CORI/cori_ws/install/cori_vision/lib/python3.10/site-packages/cori_vision
[2.253s] byte-compiling /home/juptegraph/Workspaces/Robotics/Projects/CORI/cori_ws/install/cori_vision/lib/python3.10/site-packages/cori_vision/simple_color_detector.py to simple_color_detector.cpython-310.pyc
[2.255s] byte-compiling /home/juptegraph/Workspaces/Robotics/Projects/CORI/cori_ws/install/cori_vision/lib/python3.10/site-packages/cori_vision/laundry_color_detector.py to laundry_color_detector.cpython-310.pyc
[2.263s] byte-compiling /home/juptegraph/Workspaces/Robotics/Projects/CORI/cori_ws/install/cori_vision/lib/python3.10/site-packages/cori_vision/__init__.py to __init__.cpython-310.pyc
[2.263s] byte-compiling /home/juptegraph/Workspaces/Robotics/Projects/CORI/cori_ws/install/cori_vision/lib/python3.10/site-packages/cori_vision/object_detection.py to object_detection.cpython-310.pyc
[2.263s] running install_data
[2.264s] creating /home/juptegraph/Workspaces/Robotics/Projects/CORI/cori_ws/install/cori_vision/share/ament_index
[2.264s] creating /home/juptegraph/Workspaces/Robotics/Projects/CORI/cori_ws/install/cori_vision/share/ament_index/resource_index
[2.264s] creating /home/juptegraph/Workspaces/Robotics/Projects/CORI/cori_ws/install/cori_vision/share/ament_index/resource_index/packages
[2.264s] copying resource/cori_vision -> /home/juptegraph/Workspaces/Robotics/Projects/CORI/cori_ws/install/cori_vision/share/ament_index/resource_index/packages
[2.264s] copying package.xml -> /home/juptegraph/Workspaces/Robotics/Projects/CORI/cori_ws/install/cori_vision/share/cori_vision
[2.264s] creating /home/juptegraph/Workspaces/Robotics/Projects/CORI/cori_ws/install/cori_vision/share/cori_vision/launch
[2.264s] copying launch/laundry_color_detector.launch.py -> /home/juptegraph/Workspaces/Robotics/Projects/CORI/cori_ws/install/cori_vision/share/cori_vision/launch
[2.264s] copying launch/camera_only.launch.py -> /home/juptegraph/Workspaces/Robotics/Projects/CORI/cori_ws/install/cori_vision/share/cori_vision/launch
[2.264s] creating /home/juptegraph/Workspaces/Robotics/Projects/CORI/cori_ws/install/cori_vision/share/cori_vision/config
[2.264s] copying config/color_piles.yaml -> /home/juptegraph/Workspaces/Robotics/Projects/CORI/cori_ws/install/cori_vision/share/cori_vision/config
[2.265s] creating /home/juptegraph/Workspaces/Robotics/Projects/CORI/cori_ws/install/cori_vision/lib/cori_vision
[2.265s] running install_egg_info
[2.266s] Copying ../../build/cori_vision/cori_vision.egg-info to /home/juptegraph/Workspaces/Robotics/Projects/CORI/cori_ws/install/cori_vision/lib/python3.10/site-packages/cori_vision-1.0.0-py3.10.egg-info
[2.267s] running install_scripts
[2.290s] Installing laundry_color_detector script to /home/juptegraph/Workspaces/Robotics/Projects/CORI/cori_ws/install/cori_vision/bin
[2.291s] Installing object_detection script to /home/juptegraph/Workspaces/Robotics/Projects/CORI/cori_ws/install/cori_vision/bin
[2.291s] Installing simple_color_detector script to /home/juptegraph/Workspaces/Robotics/Projects/CORI/cori_ws/install/cori_vision/bin
[2.291s] writing list of installed files to '/home/juptegraph/Workspaces/Robotics/Projects/CORI/cori_ws/build/cori_vision/install.log'
[2.478s] Invoked command in '/home/juptegraph/Workspaces/Robotics/Projects/CORI/cori_ws/src/cori_vision' returned '0': PYTHONPATH=/home/juptegraph/Workspaces/Robotics/Projects/CORI/cori_ws/build/cori_vision/prefix_override:/usr/lib/python3/dist-packages/colcon_core/task/python/colcon_distutils_commands:/home/juptegraph/Workspaces/Robotics/Projects/CORI/cori_ws/install/cori_vision/lib/python3.10/site-packages:${PYTHONPATH} /usr/bin/python3 -W ignore:setup.py install is deprecated -W ignore:easy_install command is deprecated setup.py egg_info --egg-base ../../build/cori_vision build --build-base /home/juptegraph/Workspaces/Robotics/Projects/CORI/cori_ws/build/cori_vision/build install --record /home/juptegraph/Workspaces/Robotics/Projects/CORI/cori_ws/build/cori_vision/install.log --single-version-externally-managed install_data
