[1.917s] Invoking command in '/home/juptegraph/Workspaces/Robotics/Projects/CORI/cori_ws/src/cori_hardware': PYTHONPATH=/home/juptegraph/Workspaces/Robotics/Projects/CORI/cori_ws/build/cori_hardware/prefix_override:/usr/lib/python3/dist-packages/colcon_core/task/python/colcon_distutils_commands:/home/juptegraph/Workspaces/Robotics/Projects/CORI/cori_ws/install/cori_hardware/lib/python3.10/site-packages:${PYTHONPATH} /usr/bin/python3 -W ignore:setup.py install is deprecated -W ignore:easy_install command is deprecated setup.py egg_info --egg-base ../../build/cori_hardware build --build-base /home/juptegraph/Workspaces/Robotics/Projects/CORI/cori_ws/build/cori_hardware/build install --record /home/juptegraph/Workspaces/Robotics/Projects/CORI/cori_ws/build/cori_hardware/install.log --single-version-externally-managed install_data
[2.253s] running egg_info
[2.253s] creating ../../build/cori_hardware/cori_hardware.egg-info
[2.254s] writing ../../build/cori_hardware/cori_hardware.egg-info/PKG-INFO
[2.254s] writing dependency_links to ../../build/cori_hardware/cori_hardware.egg-info/dependency_links.txt
[2.254s] writing entry points to ../../build/cori_hardware/cori_hardware.egg-info/entry_points.txt
[2.254s] writing requirements to ../../build/cori_hardware/cori_hardware.egg-info/requires.txt
[2.255s] writing top-level names to ../../build/cori_hardware/cori_hardware.egg-info/top_level.txt
[2.255s] writing manifest file '../../build/cori_hardware/cori_hardware.egg-info/SOURCES.txt'
[2.258s] reading manifest file '../../build/cori_hardware/cori_hardware.egg-info/SOURCES.txt'
[2.259s] writing manifest file '../../build/cori_hardware/cori_hardware.egg-info/SOURCES.txt'
[2.260s] running build
[2.261s] running build_py
[2.261s] creating /home/juptegraph/Workspaces/Robotics/Projects/CORI/cori_ws/build/cori_hardware/build
[2.261s] creating /home/juptegraph/Workspaces/Robotics/Projects/CORI/cori_ws/build/cori_hardware/build/lib
[2.261s] creating /home/juptegraph/Workspaces/Robotics/Projects/CORI/cori_ws/build/cori_hardware/build/lib/cori_hardware
[2.261s] copying cori_hardware/hardware_bridge.py -> /home/juptegraph/Workspaces/Robotics/Projects/CORI/cori_ws/build/cori_hardware/build/lib/cori_hardware
[2.261s] copying cori_hardware/arduino_bridge.py -> /home/juptegraph/Workspaces/Robotics/Projects/CORI/cori_ws/build/cori_hardware/build/lib/cori_hardware
[2.261s] copying cori_hardware/web_api_simple.py -> /home/juptegraph/Workspaces/Robotics/Projects/CORI/cori_ws/build/cori_hardware/build/lib/cori_hardware
[2.261s] copying cori_hardware/realtime_web_control.py -> /home/juptegraph/Workspaces/Robotics/Projects/CORI/cori_ws/build/cori_hardware/build/lib/cori_hardware
[2.261s] copying cori_hardware/web_api.py -> /home/juptegraph/Workspaces/Robotics/Projects/CORI/cori_ws/build/cori_hardware/build/lib/cori_hardware
[2.261s] copying cori_hardware/hardware_test.py -> /home/juptegraph/Workspaces/Robotics/Projects/CORI/cori_ws/build/cori_hardware/build/lib/cori_hardware
[2.261s] copying cori_hardware/__init__.py -> /home/juptegraph/Workspaces/Robotics/Projects/CORI/cori_ws/build/cori_hardware/build/lib/cori_hardware
[2.262s] copying cori_hardware/ros_web_bridge.py -> /home/juptegraph/Workspaces/Robotics/Projects/CORI/cori_ws/build/cori_hardware/build/lib/cori_hardware
[2.262s] copying cori_hardware/hardware_integration.py -> /home/juptegraph/Workspaces/Robotics/Projects/CORI/cori_ws/build/cori_hardware/build/lib/cori_hardware
[2.262s] running install
[2.262s] running install_lib
[2.263s] creating /home/juptegraph/Workspaces/Robotics/Projects/CORI/cori_ws/install/cori_hardware/lib/python3.10/site-packages/cori_hardware
[2.263s] copying /home/juptegraph/Workspaces/Robotics/Projects/CORI/cori_ws/build/cori_hardware/build/lib/cori_hardware/hardware_bridge.py -> /home/juptegraph/Workspaces/Robotics/Projects/CORI/cori_ws/install/cori_hardware/lib/python3.10/site-packages/cori_hardware
[2.263s] copying /home/juptegraph/Workspaces/Robotics/Projects/CORI/cori_ws/build/cori_hardware/build/lib/cori_hardware/arduino_bridge.py -> /home/juptegraph/Workspaces/Robotics/Projects/CORI/cori_ws/install/cori_hardware/lib/python3.10/site-packages/cori_hardware
[2.263s] copying /home/juptegraph/Workspaces/Robotics/Projects/CORI/cori_ws/build/cori_hardware/build/lib/cori_hardware/web_api_simple.py -> /home/juptegraph/Workspaces/Robotics/Projects/CORI/cori_ws/install/cori_hardware/lib/python3.10/site-packages/cori_hardware
[2.263s] copying /home/juptegraph/Workspaces/Robotics/Projects/CORI/cori_ws/build/cori_hardware/build/lib/cori_hardware/realtime_web_control.py -> /home/juptegraph/Workspaces/Robotics/Projects/CORI/cori_ws/install/cori_hardware/lib/python3.10/site-packages/cori_hardware
[2.263s] copying /home/juptegraph/Workspaces/Robotics/Projects/CORI/cori_ws/build/cori_hardware/build/lib/cori_hardware/web_api.py -> /home/juptegraph/Workspaces/Robotics/Projects/CORI/cori_ws/install/cori_hardware/lib/python3.10/site-packages/cori_hardware
[2.263s] copying /home/juptegraph/Workspaces/Robotics/Projects/CORI/cori_ws/build/cori_hardware/build/lib/cori_hardware/hardware_test.py -> /home/juptegraph/Workspaces/Robotics/Projects/CORI/cori_ws/install/cori_hardware/lib/python3.10/site-packages/cori_hardware
[2.263s] copying /home/juptegraph/Workspaces/Robotics/Projects/CORI/cori_ws/build/cori_hardware/build/lib/cori_hardware/__init__.py -> /home/juptegraph/Workspaces/Robotics/Projects/CORI/cori_ws/install/cori_hardware/lib/python3.10/site-packages/cori_hardware
[2.263s] copying /home/juptegraph/Workspaces/Robotics/Projects/CORI/cori_ws/build/cori_hardware/build/lib/cori_hardware/ros_web_bridge.py -> /home/juptegraph/Workspaces/Robotics/Projects/CORI/cori_ws/install/cori_hardware/lib/python3.10/site-packages/cori_hardware
[2.263s] copying /home/juptegraph/Workspaces/Robotics/Projects/CORI/cori_ws/build/cori_hardware/build/lib/cori_hardware/hardware_integration.py -> /home/juptegraph/Workspaces/Robotics/Projects/CORI/cori_ws/install/cori_hardware/lib/python3.10/site-packages/cori_hardware
[2.264s] byte-compiling /home/juptegraph/Workspaces/Robotics/Projects/CORI/cori_ws/install/cori_hardware/lib/python3.10/site-packages/cori_hardware/hardware_bridge.py to hardware_bridge.cpython-310.pyc
[2.267s] byte-compiling /home/juptegraph/Workspaces/Robotics/Projects/CORI/cori_ws/install/cori_hardware/lib/python3.10/site-packages/cori_hardware/arduino_bridge.py to arduino_bridge.cpython-310.pyc
[2.269s] byte-compiling /home/juptegraph/Workspaces/Robotics/Projects/CORI/cori_ws/install/cori_hardware/lib/python3.10/site-packages/cori_hardware/web_api_simple.py to web_api_simple.cpython-310.pyc
[2.272s] byte-compiling /home/juptegraph/Workspaces/Robotics/Projects/CORI/cori_ws/install/cori_hardware/lib/python3.10/site-packages/cori_hardware/realtime_web_control.py to realtime_web_control.cpython-310.pyc
[2.275s] byte-compiling /home/juptegraph/Workspaces/Robotics/Projects/CORI/cori_ws/install/cori_hardware/lib/python3.10/site-packages/cori_hardware/web_api.py to web_api.cpython-310.pyc
[2.278s] byte-compiling /home/juptegraph/Workspaces/Robotics/Projects/CORI/cori_ws/install/cori_hardware/lib/python3.10/site-packages/cori_hardware/hardware_test.py to hardware_test.cpython-310.pyc
[2.280s] byte-compiling /home/juptegraph/Workspaces/Robotics/Projects/CORI/cori_ws/install/cori_hardware/lib/python3.10/site-packages/cori_hardware/__init__.py to __init__.cpython-310.pyc
[2.281s] byte-compiling /home/juptegraph/Workspaces/Robotics/Projects/CORI/cori_ws/install/cori_hardware/lib/python3.10/site-packages/cori_hardware/ros_web_bridge.py to ros_web_bridge.cpython-310.pyc
[2.282s] byte-compiling /home/juptegraph/Workspaces/Robotics/Projects/CORI/cori_ws/install/cori_hardware/lib/python3.10/site-packages/cori_hardware/hardware_integration.py to hardware_integration.cpython-310.pyc
[2.286s] running install_data
[2.287s] creating /home/juptegraph/Workspaces/Robotics/Projects/CORI/cori_ws/install/cori_hardware/share/ament_index
[2.287s] creating /home/juptegraph/Workspaces/Robotics/Projects/CORI/cori_ws/install/cori_hardware/share/ament_index/resource_index
[2.287s] creating /home/juptegraph/Workspaces/Robotics/Projects/CORI/cori_ws/install/cori_hardware/share/ament_index/resource_index/packages
[2.287s] copying resource/cori_hardware -> /home/juptegraph/Workspaces/Robotics/Projects/CORI/cori_ws/install/cori_hardware/share/ament_index/resource_index/packages
[2.290s] copying package.xml -> /home/juptegraph/Workspaces/Robotics/Projects/CORI/cori_ws/install/cori_hardware/share/cori_hardware
[2.290s] creating /home/juptegraph/Workspaces/Robotics/Projects/CORI/cori_ws/install/cori_hardware/share/cori_hardware/arduino
[2.290s] copying arduino/cori_head_controller/cori_head_controller.ino -> /home/juptegraph/Workspaces/Robotics/Projects/CORI/cori_ws/install/cori_hardware/share/cori_hardware/arduino
[2.290s] creating /home/juptegraph/Workspaces/Robotics/Projects/CORI/cori_ws/install/cori_hardware/share/cori_hardware/launch
[2.290s] copying launch/hardware_bridge.launch.py -> /home/juptegraph/Workspaces/Robotics/Projects/CORI/cori_ws/install/cori_hardware/share/cori_hardware/launch
[2.290s] copying launch/realtime_web_control.launch.py -> /home/juptegraph/Workspaces/Robotics/Projects/CORI/cori_ws/install/cori_hardware/share/cori_hardware/launch
[2.290s] running install_egg_info
[2.293s] Copying ../../build/cori_hardware/cori_hardware.egg-info to /home/juptegraph/Workspaces/Robotics/Projects/CORI/cori_ws/install/cori_hardware/lib/python3.10/site-packages/cori_hardware-1.0.0-py3.10.egg-info
[2.293s] running install_scripts
[2.323s] Installing arduino_bridge script to /home/juptegraph/Workspaces/Robotics/Projects/CORI/cori_ws/install/cori_hardware/bin
[2.324s] Installing hardware_bridge script to /home/juptegraph/Workspaces/Robotics/Projects/CORI/cori_ws/install/cori_hardware/bin
[2.324s] Installing hardware_integration script to /home/juptegraph/Workspaces/Robotics/Projects/CORI/cori_ws/install/cori_hardware/bin
[2.324s] Installing hardware_test script to /home/juptegraph/Workspaces/Robotics/Projects/CORI/cori_ws/install/cori_hardware/bin
[2.324s] Installing realtime_web_control script to /home/juptegraph/Workspaces/Robotics/Projects/CORI/cori_ws/install/cori_hardware/bin
[2.324s] writing list of installed files to '/home/juptegraph/Workspaces/Robotics/Projects/CORI/cori_ws/build/cori_hardware/install.log'
[2.601s] Invoked command in '/home/juptegraph/Workspaces/Robotics/Projects/CORI/cori_ws/src/cori_hardware' returned '0': PYTHONPATH=/home/juptegraph/Workspaces/Robotics/Projects/CORI/cori_ws/build/cori_hardware/prefix_override:/usr/lib/python3/dist-packages/colcon_core/task/python/colcon_distutils_commands:/home/juptegraph/Workspaces/Robotics/Projects/CORI/cori_ws/install/cori_hardware/lib/python3.10/site-packages:${PYTHONPATH} /usr/bin/python3 -W ignore:setup.py install is deprecated -W ignore:easy_install command is deprecated setup.py egg_info --egg-base ../../build/cori_hardware build --build-base /home/juptegraph/Workspaces/Robotics/Projects/CORI/cori_ws/build/cori_hardware/build install --record /home/juptegraph/Workspaces/Robotics/Projects/CORI/cori_ws/build/cori_hardware/install.log --single-version-externally-managed install_data
