[2.266s] Invoking command in '/home/juptegraph/Workspaces/Robotics/Projects/CORI/cori_ws/src/cori_core': PYTHONPATH=/home/juptegraph/Workspaces/Robotics/Projects/CORI/cori_ws/build/cori_core/prefix_override:/usr/lib/python3/dist-packages/colcon_core/task/python/colcon_distutils_commands:/home/juptegraph/Workspaces/Robotics/Projects/CORI/cori_ws/install/cori_core/lib/python3.10/site-packages:${PYTHONPATH} /usr/bin/python3 -W ignore:setup.py install is deprecated -W ignore:easy_install command is deprecated setup.py egg_info --egg-base ../../build/cori_core build --build-base /home/juptegraph/Workspaces/Robotics/Projects/CORI/cori_ws/build/cori_core/build install --record /home/juptegraph/Workspaces/Robotics/Projects/CORI/cori_ws/build/cori_core/install.log --single-version-externally-managed install_data
[2.409s] Traceback (most recent call last):
[2.410s]   File "/home/juptegraph/Workspaces/Robotics/Projects/CORI/cori_ws/src/cori_core/setup.py", line 1, in <module>
[2.410s]     from setuptools import setup
[2.410s]   File "/usr/lib/python3/dist-packages/setuptools/__init__.py", line 16, in <module>
[2.419s]     import setuptools.version
[2.419s]   File "/usr/lib/python3/dist-packages/setuptools/version.py", line 1, in <module>
[2.419s]     import pkg_resources
[2.419s]   File "/usr/lib/python3/dist-packages/pkg_resources/__init__.py", line 3267, in <module>
[2.421s]     def _initialize_master_working_set():
[2.421s]   File "/usr/lib/python3/dist-packages/pkg_resources/__init__.py", line 3241, in _call_aside
[2.423s]     f(*args, **kwargs)
[2.423s]   File "/usr/lib/python3/dist-packages/pkg_resources/__init__.py", line 3279, in _initialize_master_working_set
[2.423s]     working_set = WorkingSet._build_master()
[2.423s]   File "/usr/lib/python3/dist-packages/pkg_resources/__init__.py", line 564, in _build_master
[2.424s]     ws = cls()
[2.424s]   File "/usr/lib/python3/dist-packages/pkg_resources/__init__.py", line 557, in __init__
[2.424s]     self.add_entry(entry)
[2.424s]   File "/usr/lib/python3/dist-packages/pkg_resources/__init__.py", line 613, in add_entry
[2.424s]     for dist in find_distributions(entry, True):
[2.425s]   File "/usr/lib/python3/dist-packages/pkg_resources/__init__.py", line 2077, in find_on_path
[2.426s]     for dist in factory(fullpath):
[2.426s]   File "/usr/lib/python3/dist-packages/pkg_resources/__init__.py", line 2142, in distributions_from_metadata
[2.427s]     yield Distribution.from_location(
[2.427s]   File "/usr/lib/python3/dist-packages/pkg_resources/__init__.py", line 2606, in from_location
[2.431s]     )._reload_version()
[2.431s]   File "/usr/lib/python3/dist-packages/pkg_resources/__init__.py", line 3004, in _reload_version
[2.431s]     md_version = self._get_version()
[2.431s]   File "/usr/lib/python3/dist-packages/pkg_resources/__init__.py", line 2785, in _get_version
[2.433s]     version = _version_from_file(lines)
[2.433s]   File "/usr/lib/python3/dist-packages/pkg_resources/__init__.py", line 2569, in _version_from_file
[2.433s]     line = next(iter(version_lines), '')
[2.434s]   File "/usr/lib/python3/dist-packages/pkg_resources/__init__.py", line 2779, in _get_metadata
[2.434s]     if self.has_metadata(name):
[2.434s]   File "/usr/lib/python3/dist-packages/pkg_resources/__init__.py", line 1405, in has_metadata
[2.434s]     path = self._get_metadata_path(name)
[2.434s]   File "/usr/lib/python3/dist-packages/pkg_resources/__init__.py", line 1399, in _get_metadata_path
[2.434s]     return self._fn(self.egg_info, name)
[2.434s]   File "/usr/lib/python3/dist-packages/pkg_resources/__init__.py", line 1478, in _fn
[2.434s]     self._validate_resource_path(resource_name)
[2.434s]   File "/usr/lib/python3/dist-packages/pkg_resources/__init__.py", line 1539, in _validate_resource_path
[2.434s]     ntpath.isabs(path)
[2.434s]   File "/usr/lib/python3.10/ntpath.py", line 96, in isabs
[2.434s]     if s.replace('/', '\\').startswith('\\\\?\\'):
[2.435s] KeyboardInterrupt
