[2.232s] Invoking command in '/home/juptegraph/Workspaces/Robotics/Projects/CORI/cori_ws/src/cori_tools': PYTHONPATH=/home/juptegraph/Workspaces/Robotics/Projects/CORI/cori_ws/build/cori_tools/prefix_override:/usr/lib/python3/dist-packages/colcon_core/task/python/colcon_distutils_commands:/home/juptegraph/Workspaces/Robotics/Projects/CORI/cori_ws/install/cori_tools/lib/python3.10/site-packages:${PYTHONPATH} /usr/bin/python3 -W ignore:setup.py install is deprecated -W ignore:easy_install command is deprecated setup.py egg_info --egg-base ../../build/cori_tools build --build-base /home/juptegraph/Workspaces/Robotics/Projects/CORI/cori_ws/build/cori_tools/build install --record /home/juptegraph/Workspaces/Robotics/Projects/CORI/cori_ws/build/cori_tools/install.log --single-version-externally-managed install_data
[2.373s] Traceback (most recent call last):
[2.373s]   File "/home/juptegraph/Workspaces/Robotics/Projects/CORI/cori_ws/src/cori_tools/setup.py", line 1, in <module>
[2.373s]     from setuptools import setup
[2.373s]   File "/usr/lib/python3/dist-packages/setuptools/__init__.py", line 16, in <module>
[2.381s]     import setuptools.version
[2.381s]   File "/usr/lib/python3/dist-packages/setuptools/version.py", line 1, in <module>
[2.382s]     import pkg_resources
[2.382s]   File "/usr/lib/python3/dist-packages/pkg_resources/__init__.py", line 78, in <module>
[2.384s]     __import__('pkg_resources.extern.packaging.requirements')
[2.384s]   File "/usr/lib/python3/dist-packages/pkg_resources/_vendor/packaging/requirements.py", line 10, in <module>
[2.384s]     from pkg_resources.extern.pyparsing import (  # noqa
[2.384s]   File "<frozen importlib._bootstrap>", line 1027, in _find_and_load
[2.385s]   File "<frozen importlib._bootstrap>", line 1006, in _find_and_load_unlocked
[2.385s]   File "<frozen importlib._bootstrap>", line 674, in _load_unlocked
[2.385s]   File "<frozen importlib._bootstrap>", line 571, in module_from_spec
[2.386s]   File "/usr/lib/python3/dist-packages/pkg_resources/extern/__init__.py", line 52, in create_module
[2.386s]     return self.load_module(spec.name)
[2.386s]   File "/usr/lib/python3/dist-packages/pkg_resources/extern/__init__.py", line 37, in load_module
[2.386s]     __import__(extant)
[2.387s]   File "/usr/lib/python3/dist-packages/pkg_resources/_vendor/pyparsing.py", line 5364, in <module>
[2.396s]     anyOpenTag,anyCloseTag = makeHTMLTags(Word(alphas,alphanums+"_:").setName('any tag'))
[2.396s]   File "/usr/lib/python3/dist-packages/pkg_resources/_vendor/pyparsing.py", line 4921, in makeHTMLTags
[2.396s]     return _makeTags( tagStr, False )
[2.397s]   File "/usr/lib/python3/dist-packages/pkg_resources/_vendor/pyparsing.py", line 4898, in _makeTags
[2.397s]     openTag = openTag.setResultsName("start"+"".join(resname.replace(":"," ").title().split())).setName("<%s>" % resname)
[2.397s]   File "/usr/lib/python3/dist-packages/pkg_resources/_vendor/pyparsing.py", line 3354, in setResultsName
[2.398s]     ret = super(ParseExpression,self).setResultsName(name,listAllMatches)
[2.398s]   File "/usr/lib/python3/dist-packages/pkg_resources/_vendor/pyparsing.py", line 1224, in setResultsName
[2.398s]     newself = self.copy()
[2.398s]   File "/usr/lib/python3/dist-packages/pkg_resources/_vendor/pyparsing.py", line 3365, in copy
[2.398s]     ret.exprs = [e.copy() for e in self.exprs]
[2.398s]   File "/usr/lib/python3/dist-packages/pkg_resources/_vendor/pyparsing.py", line 3365, in <listcomp>
[2.399s]     ret.exprs = [e.copy() for e in self.exprs]
[2.399s]   File "/usr/lib/python3/dist-packages/pkg_resources/_vendor/pyparsing.py", line 3365, in copy
[2.399s]     ret.exprs = [e.copy() for e in self.exprs]
[2.399s]   File "/usr/lib/python3/dist-packages/pkg_resources/_vendor/pyparsing.py", line 3365, in <listcomp>
[2.401s]     ret.exprs = [e.copy() for e in self.exprs]
[2.401s]   File "/usr/lib/python3/dist-packages/pkg_resources/_vendor/pyparsing.py", line 3365, in copy
[2.402s]     ret.exprs = [e.copy() for e in self.exprs]
[2.402s]   File "/usr/lib/python3/dist-packages/pkg_resources/_vendor/pyparsing.py", line 3365, in <listcomp>
[2.402s]     ret.exprs = [e.copy() for e in self.exprs]
[2.402s]   File "/usr/lib/python3/dist-packages/pkg_resources/_vendor/pyparsing.py", line 1183, in copy
[2.402s]     cpy = copy.copy( self )
[2.402s]   File "/usr/lib/python3.10/copy.py", line 92, in copy
[2.402s]     rv = reductor(4)
[2.402s]   File "/usr/lib/python3.10/copyreg.py", line 127, in _slotnames
[2.402s]     if not hasattr(cls, "__slots__"):
[2.404s] KeyboardInterrupt
