[2.819s] Invoking command in '/home/juptegraph/Workspaces/Robotics/Projects/CORI/cori_ws/src/cori_tools': PYTHONPATH=/home/juptegraph/Workspaces/Robotics/Projects/CORI/cori_ws/build/cori_tools/prefix_override:/usr/lib/python3/dist-packages/colcon_core/task/python/colcon_distutils_commands:/home/juptegraph/Workspaces/Robotics/Projects/CORI/cori_ws/install/cori_tools/lib/python3.10/site-packages:${PYTHONPATH} /usr/bin/python3 -W ignore:setup.py install is deprecated -W ignore:easy_install command is deprecated setup.py egg_info --egg-base ../../build/cori_tools build --build-base /home/juptegraph/Workspaces/Robotics/Projects/CORI/cori_ws/build/cori_tools/build install --record /home/juptegraph/Workspaces/Robotics/Projects/CORI/cori_ws/build/cori_tools/install.log --single-version-externally-managed install_data
[3.185s] running egg_info
[3.192s] creating ../../build/cori_tools/cori_tools.egg-info
[3.192s] writing ../../build/cori_tools/cori_tools.egg-info/PKG-INFO
[3.192s] writing dependency_links to ../../build/cori_tools/cori_tools.egg-info/dependency_links.txt
[3.192s] writing entry points to ../../build/cori_tools/cori_tools.egg-info/entry_points.txt
[3.193s] writing requirements to ../../build/cori_tools/cori_tools.egg-info/requires.txt
[3.193s] writing top-level names to ../../build/cori_tools/cori_tools.egg-info/top_level.txt
[3.194s] writing manifest file '../../build/cori_tools/cori_tools.egg-info/SOURCES.txt'
[3.194s] reading manifest file '../../build/cori_tools/cori_tools.egg-info/SOURCES.txt'
[3.195s] writing manifest file '../../build/cori_tools/cori_tools.egg-info/SOURCES.txt'
[3.195s] running build
[3.195s] running build_py
[3.195s] creating /home/juptegraph/Workspaces/Robotics/Projects/CORI/cori_ws/build/cori_tools/build
[3.195s] creating /home/juptegraph/Workspaces/Robotics/Projects/CORI/cori_ws/build/cori_tools/build/lib
[3.196s] creating /home/juptegraph/Workspaces/Robotics/Projects/CORI/cori_ws/build/cori_tools/build/lib/cori_tools
[3.196s] copying cori_tools/cori_ignition_integration.py -> /home/juptegraph/Workspaces/Robotics/Projects/CORI/cori_ws/build/cori_tools/build/lib/cori_tools
[3.196s] copying cori_tools/__init__.py -> /home/juptegraph/Workspaces/Robotics/Projects/CORI/cori_ws/build/cori_tools/build/lib/cori_tools
[3.196s] running install
[3.196s] running install_lib
[3.196s] creating /home/juptegraph/Workspaces/Robotics/Projects/CORI/cori_ws/install/cori_tools/lib/python3.10/site-packages/cori_tools
[3.196s] copying /home/juptegraph/Workspaces/Robotics/Projects/CORI/cori_ws/build/cori_tools/build/lib/cori_tools/cori_ignition_integration.py -> /home/juptegraph/Workspaces/Robotics/Projects/CORI/cori_ws/install/cori_tools/lib/python3.10/site-packages/cori_tools
[3.196s] copying /home/juptegraph/Workspaces/Robotics/Projects/CORI/cori_ws/build/cori_tools/build/lib/cori_tools/__init__.py -> /home/juptegraph/Workspaces/Robotics/Projects/CORI/cori_ws/install/cori_tools/lib/python3.10/site-packages/cori_tools
[3.197s] byte-compiling /home/juptegraph/Workspaces/Robotics/Projects/CORI/cori_ws/install/cori_tools/lib/python3.10/site-packages/cori_tools/cori_ignition_integration.py to cori_ignition_integration.cpython-310.pyc
[3.208s] byte-compiling /home/juptegraph/Workspaces/Robotics/Projects/CORI/cori_ws/install/cori_tools/lib/python3.10/site-packages/cori_tools/__init__.py to __init__.cpython-310.pyc
[3.209s] running install_data
[3.209s] creating /home/juptegraph/Workspaces/Robotics/Projects/CORI/cori_ws/install/cori_tools/share/ament_index
[3.209s] creating /home/juptegraph/Workspaces/Robotics/Projects/CORI/cori_ws/install/cori_tools/share/ament_index/resource_index
[3.209s] creating /home/juptegraph/Workspaces/Robotics/Projects/CORI/cori_ws/install/cori_tools/share/ament_index/resource_index/packages
[3.209s] copying resource/cori_tools -> /home/juptegraph/Workspaces/Robotics/Projects/CORI/cori_ws/install/cori_tools/share/ament_index/resource_index/packages
[3.209s] copying package.xml -> /home/juptegraph/Workspaces/Robotics/Projects/CORI/cori_ws/install/cori_tools/share/cori_tools
[3.209s] creating /home/juptegraph/Workspaces/Robotics/Projects/CORI/cori_ws/install/cori_tools/share/cori_tools/scripts
[3.210s] copying scripts/cori_info_collector.sh -> /home/juptegraph/Workspaces/Robotics/Projects/CORI/cori_ws/install/cori_tools/share/cori_tools/scripts
[3.210s] creating /home/juptegraph/Workspaces/Robotics/Projects/CORI/cori_ws/install/cori_tools/share/cori_tools/config
[3.210s] copying config/cori_ignition_database.json -> /home/juptegraph/Workspaces/Robotics/Projects/CORI/cori_ws/install/cori_tools/share/cori_tools/config
[3.210s] running install_egg_info
[3.213s] Copying ../../build/cori_tools/cori_tools.egg-info to /home/juptegraph/Workspaces/Robotics/Projects/CORI/cori_ws/install/cori_tools/lib/python3.10/site-packages/cori_tools-1.0.0-py3.10.egg-info
[3.214s] running install_scripts
[3.247s] Installing ignition_integration script to /home/juptegraph/Workspaces/Robotics/Projects/CORI/cori_ws/install/cori_tools/bin
[3.248s] writing list of installed files to '/home/juptegraph/Workspaces/Robotics/Projects/CORI/cori_ws/build/cori_tools/install.log'
[3.598s] Invoked command in '/home/juptegraph/Workspaces/Robotics/Projects/CORI/cori_ws/src/cori_tools' returned '0': PYTHONPATH=/home/juptegraph/Workspaces/Robotics/Projects/CORI/cori_ws/build/cori_tools/prefix_override:/usr/lib/python3/dist-packages/colcon_core/task/python/colcon_distutils_commands:/home/juptegraph/Workspaces/Robotics/Projects/CORI/cori_ws/install/cori_tools/lib/python3.10/site-packages:${PYTHONPATH} /usr/bin/python3 -W ignore:setup.py install is deprecated -W ignore:easy_install command is deprecated setup.py egg_info --egg-base ../../build/cori_tools build --build-base /home/juptegraph/Workspaces/Robotics/Projects/CORI/cori_ws/build/cori_tools/build install --record /home/juptegraph/Workspaces/Robotics/Projects/CORI/cori_ws/build/cori_tools/install.log --single-version-externally-managed install_data
