[0.127s] DEBUG:colcon:Command line arguments: ['/usr/bin/colcon', 'build']
[0.127s] DEBUG:colcon:Parsed command line arguments: Namespace(log_base=None, log_level=None, verb_name='build', build_base='build', install_base='install', merge_install=False, symlink_install=False, test_result_base=None, continue_on_error=False, executor='parallel', parallel_workers=20, event_handlers=None, ignore_user_meta=False, metas=['./colcon.meta'], base_paths=['.'], packages_ignore=None, packages_ignore_regex=None, paths=None, packages_up_to=None, packages_up_to_regex=None, packages_above=None, packages_above_and_dependencies=None, packages_above_depth=None, packages_select_by_dep=None, packages_skip_by_dep=None, packages_skip_up_to=None, packages_select_build_failed=False, packages_skip_build_finished=False, packages_select_test_failures=False, packages_skip_test_passed=False, packages_select=None, packages_skip=None, packages_select_regex=None, packages_skip_regex=None, packages_start=None, packages_end=None, allow_overriding=[], cmake_args=None, cmake_target=None, cmake_target_skip_unavailable=False, cmake_clean_cache=False, cmake_clean_first=False, cmake_force_configure=False, ament_cmake_args=None, catkin_cmake_args=None, catkin_skip_building_tests=False, verb_parser=<colcon_defaults.argument_parser.defaults.DefaultArgumentsDecorator object at 0x75469085dfc0>, verb_extension=<colcon_core.verb.build.BuildVerb object at 0x75469085d180>, main=<bound method BuildVerb.main of <colcon_core.verb.build.BuildVerb object at 0x75469085d180>>)
[0.263s] Level 1:colcon.colcon_core.package_discovery:discover_packages(colcon_meta) check parameters
[0.263s] Level 1:colcon.colcon_core.package_discovery:discover_packages(recursive) check parameters
[0.263s] Level 1:colcon.colcon_core.package_discovery:discover_packages(ignore) check parameters
[0.264s] Level 1:colcon.colcon_core.package_discovery:discover_packages(path) check parameters
[0.264s] Level 1:colcon.colcon_core.package_discovery:discover_packages(colcon_meta) discover
[0.264s] Level 1:colcon.colcon_core.package_discovery:discover_packages(recursive) discover
[0.264s] INFO:colcon.colcon_core.package_discovery:Crawling recursively for packages in '/home/juptegraph/Workspaces/Robotics/Projects/CORI/cori_ws'
[0.264s] Level 1:colcon.colcon_core.package_identification:_identify(.) by extensions ['ignore', 'ignore_ament_install']
[0.264s] Level 1:colcon.colcon_core.package_identification:_identify(.) by extension 'ignore'
[0.264s] Level 1:colcon.colcon_core.package_identification:_identify(.) by extension 'ignore_ament_install'
[0.264s] Level 1:colcon.colcon_core.package_identification:_identify(.) by extensions ['colcon_pkg']
[0.264s] Level 1:colcon.colcon_core.package_identification:_identify(.) by extension 'colcon_pkg'
[0.264s] Level 1:colcon.colcon_core.package_identification:_identify(.) by extensions ['colcon_meta']
[0.264s] Level 1:colcon.colcon_core.package_identification:_identify(.) by extension 'colcon_meta'
[0.264s] Level 1:colcon.colcon_core.package_identification:_identify(.) by extensions ['ros']
[0.264s] Level 1:colcon.colcon_core.package_identification:_identify(.) by extension 'ros'
[0.274s] Level 1:colcon.colcon_core.package_identification:_identify(.) by extensions ['cmake', 'python']
[0.274s] Level 1:colcon.colcon_core.package_identification:_identify(.) by extension 'cmake'
[0.274s] Level 1:colcon.colcon_core.package_identification:_identify(.) by extension 'python'
[0.274s] Level 1:colcon.colcon_core.package_identification:_identify(.) by extensions ['python_setup_py']
[0.274s] Level 1:colcon.colcon_core.package_identification:_identify(.) by extension 'python_setup_py'
[0.274s] Level 1:colcon.colcon_core.package_identification:_identify(build) by extensions ['ignore', 'ignore_ament_install']
[0.274s] Level 1:colcon.colcon_core.package_identification:_identify(build) by extension 'ignore'
[0.274s] Level 1:colcon.colcon_core.package_identification:_identify(build) ignored
[0.274s] Level 1:colcon.colcon_core.package_identification:_identify(install) by extensions ['ignore', 'ignore_ament_install']
[0.274s] Level 1:colcon.colcon_core.package_identification:_identify(install) by extension 'ignore'
[0.274s] Level 1:colcon.colcon_core.package_identification:_identify(install) ignored
[0.275s] Level 1:colcon.colcon_core.package_identification:_identify(log) by extensions ['ignore', 'ignore_ament_install']
[0.275s] Level 1:colcon.colcon_core.package_identification:_identify(log) by extension 'ignore'
[0.275s] Level 1:colcon.colcon_core.package_identification:_identify(log) ignored
[0.275s] Level 1:colcon.colcon_core.package_identification:_identify(models) by extensions ['ignore', 'ignore_ament_install']
[0.275s] Level 1:colcon.colcon_core.package_identification:_identify(models) by extension 'ignore'
[0.275s] Level 1:colcon.colcon_core.package_identification:_identify(models) by extension 'ignore_ament_install'
[0.275s] Level 1:colcon.colcon_core.package_identification:_identify(models) by extensions ['colcon_pkg']
[0.275s] Level 1:colcon.colcon_core.package_identification:_identify(models) by extension 'colcon_pkg'
[0.275s] Level 1:colcon.colcon_core.package_identification:_identify(models) by extensions ['colcon_meta']
[0.275s] Level 1:colcon.colcon_core.package_identification:_identify(models) by extension 'colcon_meta'
[0.275s] Level 1:colcon.colcon_core.package_identification:_identify(models) by extensions ['ros']
[0.275s] Level 1:colcon.colcon_core.package_identification:_identify(models) by extension 'ros'
[0.275s] Level 1:colcon.colcon_core.package_identification:_identify(models) by extensions ['cmake', 'python']
[0.275s] Level 1:colcon.colcon_core.package_identification:_identify(models) by extension 'cmake'
[0.275s] Level 1:colcon.colcon_core.package_identification:_identify(models) by extension 'python'
[0.275s] Level 1:colcon.colcon_core.package_identification:_identify(models) by extensions ['python_setup_py']
[0.275s] Level 1:colcon.colcon_core.package_identification:_identify(models) by extension 'python_setup_py'
[0.275s] Level 1:colcon.colcon_core.package_identification:_identify(models/Sun) by extensions ['ignore', 'ignore_ament_install']
[0.275s] Level 1:colcon.colcon_core.package_identification:_identify(models/Sun) by extension 'ignore'
[0.275s] Level 1:colcon.colcon_core.package_identification:_identify(models/Sun) by extension 'ignore_ament_install'
[0.275s] Level 1:colcon.colcon_core.package_identification:_identify(models/Sun) by extensions ['colcon_pkg']
[0.275s] Level 1:colcon.colcon_core.package_identification:_identify(models/Sun) by extension 'colcon_pkg'
[0.275s] Level 1:colcon.colcon_core.package_identification:_identify(models/Sun) by extensions ['colcon_meta']
[0.275s] Level 1:colcon.colcon_core.package_identification:_identify(models/Sun) by extension 'colcon_meta'
[0.275s] Level 1:colcon.colcon_core.package_identification:_identify(models/Sun) by extensions ['ros']
[0.275s] Level 1:colcon.colcon_core.package_identification:_identify(models/Sun) by extension 'ros'
[0.275s] Level 1:colcon.colcon_core.package_identification:_identify(models/Sun) by extensions ['cmake', 'python']
[0.275s] Level 1:colcon.colcon_core.package_identification:_identify(models/Sun) by extension 'cmake'
[0.276s] Level 1:colcon.colcon_core.package_identification:_identify(models/Sun) by extension 'python'
[0.276s] Level 1:colcon.colcon_core.package_identification:_identify(models/Sun) by extensions ['python_setup_py']
[0.276s] Level 1:colcon.colcon_core.package_identification:_identify(models/Sun) by extension 'python_setup_py'
[0.276s] Level 1:colcon.colcon_core.package_identification:_identify(models/ground_plane) by extensions ['ignore', 'ignore_ament_install']
[0.276s] Level 1:colcon.colcon_core.package_identification:_identify(models/ground_plane) by extension 'ignore'
[0.276s] Level 1:colcon.colcon_core.package_identification:_identify(models/ground_plane) by extension 'ignore_ament_install'
[0.276s] Level 1:colcon.colcon_core.package_identification:_identify(models/ground_plane) by extensions ['colcon_pkg']
[0.276s] Level 1:colcon.colcon_core.package_identification:_identify(models/ground_plane) by extension 'colcon_pkg'
[0.276s] Level 1:colcon.colcon_core.package_identification:_identify(models/ground_plane) by extensions ['colcon_meta']
[0.276s] Level 1:colcon.colcon_core.package_identification:_identify(models/ground_plane) by extension 'colcon_meta'
[0.276s] Level 1:colcon.colcon_core.package_identification:_identify(models/ground_plane) by extensions ['ros']
[0.276s] Level 1:colcon.colcon_core.package_identification:_identify(models/ground_plane) by extension 'ros'
[0.276s] Level 1:colcon.colcon_core.package_identification:_identify(models/ground_plane) by extensions ['cmake', 'python']
[0.276s] Level 1:colcon.colcon_core.package_identification:_identify(models/ground_plane) by extension 'cmake'
[0.276s] Level 1:colcon.colcon_core.package_identification:_identify(models/ground_plane) by extension 'python'
[0.276s] Level 1:colcon.colcon_core.package_identification:_identify(models/ground_plane) by extensions ['python_setup_py']
[0.276s] Level 1:colcon.colcon_core.package_identification:_identify(models/ground_plane) by extension 'python_setup_py'
[0.276s] Level 1:colcon.colcon_core.package_identification:_identify(scripts) by extensions ['ignore', 'ignore_ament_install']
[0.276s] Level 1:colcon.colcon_core.package_identification:_identify(scripts) by extension 'ignore'
[0.276s] Level 1:colcon.colcon_core.package_identification:_identify(scripts) by extension 'ignore_ament_install'
[0.276s] Level 1:colcon.colcon_core.package_identification:_identify(scripts) by extensions ['colcon_pkg']
[0.276s] Level 1:colcon.colcon_core.package_identification:_identify(scripts) by extension 'colcon_pkg'
[0.276s] Level 1:colcon.colcon_core.package_identification:_identify(scripts) by extensions ['colcon_meta']
[0.276s] Level 1:colcon.colcon_core.package_identification:_identify(scripts) by extension 'colcon_meta'
[0.276s] Level 1:colcon.colcon_core.package_identification:_identify(scripts) by extensions ['ros']
[0.276s] Level 1:colcon.colcon_core.package_identification:_identify(scripts) by extension 'ros'
[0.276s] Level 1:colcon.colcon_core.package_identification:_identify(scripts) by extensions ['cmake', 'python']
[0.276s] Level 1:colcon.colcon_core.package_identification:_identify(scripts) by extension 'cmake'
[0.276s] Level 1:colcon.colcon_core.package_identification:_identify(scripts) by extension 'python'
[0.276s] Level 1:colcon.colcon_core.package_identification:_identify(scripts) by extensions ['python_setup_py']
[0.276s] Level 1:colcon.colcon_core.package_identification:_identify(scripts) by extension 'python_setup_py'
[0.276s] Level 1:colcon.colcon_core.package_identification:_identify(shared) by extensions ['ignore', 'ignore_ament_install']
[0.277s] Level 1:colcon.colcon_core.package_identification:_identify(shared) by extension 'ignore'
[0.277s] Level 1:colcon.colcon_core.package_identification:_identify(shared) by extension 'ignore_ament_install'
[0.277s] Level 1:colcon.colcon_core.package_identification:_identify(shared) by extensions ['colcon_pkg']
[0.277s] Level 1:colcon.colcon_core.package_identification:_identify(shared) by extension 'colcon_pkg'
[0.277s] Level 1:colcon.colcon_core.package_identification:_identify(shared) by extensions ['colcon_meta']
[0.277s] Level 1:colcon.colcon_core.package_identification:_identify(shared) by extension 'colcon_meta'
[0.277s] Level 1:colcon.colcon_core.package_identification:_identify(shared) by extensions ['ros']
[0.277s] Level 1:colcon.colcon_core.package_identification:_identify(shared) by extension 'ros'
[0.277s] Level 1:colcon.colcon_core.package_identification:_identify(shared) by extensions ['cmake', 'python']
[0.277s] Level 1:colcon.colcon_core.package_identification:_identify(shared) by extension 'cmake'
[0.277s] Level 1:colcon.colcon_core.package_identification:_identify(shared) by extension 'python'
[0.277s] Level 1:colcon.colcon_core.package_identification:_identify(shared) by extensions ['python_setup_py']
[0.277s] Level 1:colcon.colcon_core.package_identification:_identify(shared) by extension 'python_setup_py'
[0.277s] Level 1:colcon.colcon_core.package_identification:_identify(shared/database) by extensions ['ignore', 'ignore_ament_install']
[0.277s] Level 1:colcon.colcon_core.package_identification:_identify(shared/database) by extension 'ignore'
[0.277s] Level 1:colcon.colcon_core.package_identification:_identify(shared/database) by extension 'ignore_ament_install'
[0.277s] Level 1:colcon.colcon_core.package_identification:_identify(shared/database) by extensions ['colcon_pkg']
[0.277s] Level 1:colcon.colcon_core.package_identification:_identify(shared/database) by extension 'colcon_pkg'
[0.277s] Level 1:colcon.colcon_core.package_identification:_identify(shared/database) by extensions ['colcon_meta']
[0.277s] Level 1:colcon.colcon_core.package_identification:_identify(shared/database) by extension 'colcon_meta'
[0.277s] Level 1:colcon.colcon_core.package_identification:_identify(shared/database) by extensions ['ros']
[0.277s] Level 1:colcon.colcon_core.package_identification:_identify(shared/database) by extension 'ros'
[0.277s] Level 1:colcon.colcon_core.package_identification:_identify(shared/database) by extensions ['cmake', 'python']
[0.277s] Level 1:colcon.colcon_core.package_identification:_identify(shared/database) by extension 'cmake'
[0.277s] Level 1:colcon.colcon_core.package_identification:_identify(shared/database) by extension 'python'
[0.277s] Level 1:colcon.colcon_core.package_identification:_identify(shared/database) by extensions ['python_setup_py']
[0.277s] Level 1:colcon.colcon_core.package_identification:_identify(shared/database) by extension 'python_setup_py'
[0.277s] Level 1:colcon.colcon_core.package_identification:_identify(shared/models) by extensions ['ignore', 'ignore_ament_install']
[0.277s] Level 1:colcon.colcon_core.package_identification:_identify(shared/models) by extension 'ignore'
[0.277s] Level 1:colcon.colcon_core.package_identification:_identify(shared/models) by extension 'ignore_ament_install'
[0.277s] Level 1:colcon.colcon_core.package_identification:_identify(shared/models) by extensions ['colcon_pkg']
[0.277s] Level 1:colcon.colcon_core.package_identification:_identify(shared/models) by extension 'colcon_pkg'
[0.277s] Level 1:colcon.colcon_core.package_identification:_identify(shared/models) by extensions ['colcon_meta']
[0.278s] Level 1:colcon.colcon_core.package_identification:_identify(shared/models) by extension 'colcon_meta'
[0.278s] Level 1:colcon.colcon_core.package_identification:_identify(shared/models) by extensions ['ros']
[0.278s] Level 1:colcon.colcon_core.package_identification:_identify(shared/models) by extension 'ros'
[0.278s] Level 1:colcon.colcon_core.package_identification:_identify(shared/models) by extensions ['cmake', 'python']
[0.278s] Level 1:colcon.colcon_core.package_identification:_identify(shared/models) by extension 'cmake'
[0.278s] Level 1:colcon.colcon_core.package_identification:_identify(shared/models) by extension 'python'
[0.278s] Level 1:colcon.colcon_core.package_identification:_identify(shared/models) by extensions ['python_setup_py']
[0.278s] Level 1:colcon.colcon_core.package_identification:_identify(shared/models) by extension 'python_setup_py'
[0.278s] Level 1:colcon.colcon_core.package_identification:_identify(shared/models/Sun) by extensions ['ignore', 'ignore_ament_install']
[0.278s] Level 1:colcon.colcon_core.package_identification:_identify(shared/models/Sun) by extension 'ignore'
[0.278s] Level 1:colcon.colcon_core.package_identification:_identify(shared/models/Sun) by extension 'ignore_ament_install'
[0.278s] Level 1:colcon.colcon_core.package_identification:_identify(shared/models/Sun) by extensions ['colcon_pkg']
[0.278s] Level 1:colcon.colcon_core.package_identification:_identify(shared/models/Sun) by extension 'colcon_pkg'
[0.278s] Level 1:colcon.colcon_core.package_identification:_identify(shared/models/Sun) by extensions ['colcon_meta']
[0.278s] Level 1:colcon.colcon_core.package_identification:_identify(shared/models/Sun) by extension 'colcon_meta'
[0.278s] Level 1:colcon.colcon_core.package_identification:_identify(shared/models/Sun) by extensions ['ros']
[0.278s] Level 1:colcon.colcon_core.package_identification:_identify(shared/models/Sun) by extension 'ros'
[0.278s] Level 1:colcon.colcon_core.package_identification:_identify(shared/models/Sun) by extensions ['cmake', 'python']
[0.278s] Level 1:colcon.colcon_core.package_identification:_identify(shared/models/Sun) by extension 'cmake'
[0.278s] Level 1:colcon.colcon_core.package_identification:_identify(shared/models/Sun) by extension 'python'
[0.278s] Level 1:colcon.colcon_core.package_identification:_identify(shared/models/Sun) by extensions ['python_setup_py']
[0.278s] Level 1:colcon.colcon_core.package_identification:_identify(shared/models/Sun) by extension 'python_setup_py'
[0.278s] Level 1:colcon.colcon_core.package_identification:_identify(shared/models/ground_plane) by extensions ['ignore', 'ignore_ament_install']
[0.278s] Level 1:colcon.colcon_core.package_identification:_identify(shared/models/ground_plane) by extension 'ignore'
[0.278s] Level 1:colcon.colcon_core.package_identification:_identify(shared/models/ground_plane) by extension 'ignore_ament_install'
[0.278s] Level 1:colcon.colcon_core.package_identification:_identify(shared/models/ground_plane) by extensions ['colcon_pkg']
[0.278s] Level 1:colcon.colcon_core.package_identification:_identify(shared/models/ground_plane) by extension 'colcon_pkg'
[0.278s] Level 1:colcon.colcon_core.package_identification:_identify(shared/models/ground_plane) by extensions ['colcon_meta']
[0.278s] Level 1:colcon.colcon_core.package_identification:_identify(shared/models/ground_plane) by extension 'colcon_meta'
[0.278s] Level 1:colcon.colcon_core.package_identification:_identify(shared/models/ground_plane) by extensions ['ros']
[0.278s] Level 1:colcon.colcon_core.package_identification:_identify(shared/models/ground_plane) by extension 'ros'
[0.278s] Level 1:colcon.colcon_core.package_identification:_identify(shared/models/ground_plane) by extensions ['cmake', 'python']
[0.278s] Level 1:colcon.colcon_core.package_identification:_identify(shared/models/ground_plane) by extension 'cmake'
[0.278s] Level 1:colcon.colcon_core.package_identification:_identify(shared/models/ground_plane) by extension 'python'
[0.279s] Level 1:colcon.colcon_core.package_identification:_identify(shared/models/ground_plane) by extensions ['python_setup_py']
[0.279s] Level 1:colcon.colcon_core.package_identification:_identify(shared/models/ground_plane) by extension 'python_setup_py'
[0.279s] Level 1:colcon.colcon_core.package_identification:_identify(shared/worlds) by extensions ['ignore', 'ignore_ament_install']
[0.279s] Level 1:colcon.colcon_core.package_identification:_identify(shared/worlds) by extension 'ignore'
[0.279s] Level 1:colcon.colcon_core.package_identification:_identify(shared/worlds) by extension 'ignore_ament_install'
[0.279s] Level 1:colcon.colcon_core.package_identification:_identify(shared/worlds) by extensions ['colcon_pkg']
[0.279s] Level 1:colcon.colcon_core.package_identification:_identify(shared/worlds) by extension 'colcon_pkg'
[0.279s] Level 1:colcon.colcon_core.package_identification:_identify(shared/worlds) by extensions ['colcon_meta']
[0.279s] Level 1:colcon.colcon_core.package_identification:_identify(shared/worlds) by extension 'colcon_meta'
[0.279s] Level 1:colcon.colcon_core.package_identification:_identify(shared/worlds) by extensions ['ros']
[0.279s] Level 1:colcon.colcon_core.package_identification:_identify(shared/worlds) by extension 'ros'
[0.279s] Level 1:colcon.colcon_core.package_identification:_identify(shared/worlds) by extensions ['cmake', 'python']
[0.279s] Level 1:colcon.colcon_core.package_identification:_identify(shared/worlds) by extension 'cmake'
[0.279s] Level 1:colcon.colcon_core.package_identification:_identify(shared/worlds) by extension 'python'
[0.279s] Level 1:colcon.colcon_core.package_identification:_identify(shared/worlds) by extensions ['python_setup_py']
[0.279s] Level 1:colcon.colcon_core.package_identification:_identify(shared/worlds) by extension 'python_setup_py'
[0.279s] Level 1:colcon.colcon_core.package_identification:_identify(src) by extensions ['ignore', 'ignore_ament_install']
[0.279s] Level 1:colcon.colcon_core.package_identification:_identify(src) by extension 'ignore'
[0.279s] Level 1:colcon.colcon_core.package_identification:_identify(src) by extension 'ignore_ament_install'
[0.279s] Level 1:colcon.colcon_core.package_identification:_identify(src) by extensions ['colcon_pkg']
[0.279s] Level 1:colcon.colcon_core.package_identification:_identify(src) by extension 'colcon_pkg'
[0.279s] Level 1:colcon.colcon_core.package_identification:_identify(src) by extensions ['colcon_meta']
[0.279s] Level 1:colcon.colcon_core.package_identification:_identify(src) by extension 'colcon_meta'
[0.279s] Level 1:colcon.colcon_core.package_identification:_identify(src) by extensions ['ros']
[0.279s] Level 1:colcon.colcon_core.package_identification:_identify(src) by extension 'ros'
[0.279s] Level 1:colcon.colcon_core.package_identification:_identify(src) by extensions ['cmake', 'python']
[0.279s] Level 1:colcon.colcon_core.package_identification:_identify(src) by extension 'cmake'
[0.279s] Level 1:colcon.colcon_core.package_identification:_identify(src) by extension 'python'
[0.279s] Level 1:colcon.colcon_core.package_identification:_identify(src) by extensions ['python_setup_py']
[0.279s] Level 1:colcon.colcon_core.package_identification:_identify(src) by extension 'python_setup_py'
[0.279s] Level 1:colcon.colcon_core.package_identification:_identify(src/cori_control) by extensions ['ignore', 'ignore_ament_install']
[0.279s] Level 1:colcon.colcon_core.package_identification:_identify(src/cori_control) by extension 'ignore'
[0.280s] Level 1:colcon.colcon_core.package_identification:_identify(src/cori_control) by extension 'ignore_ament_install'
[0.280s] Level 1:colcon.colcon_core.package_identification:_identify(src/cori_control) by extensions ['colcon_pkg']
[0.280s] Level 1:colcon.colcon_core.package_identification:_identify(src/cori_control) by extension 'colcon_pkg'
[0.280s] Level 1:colcon.colcon_core.package_identification:_identify(src/cori_control) by extensions ['colcon_meta']
[0.280s] Level 1:colcon.colcon_core.package_identification:_identify(src/cori_control) by extension 'colcon_meta'
[0.280s] Level 1:colcon.colcon_core.package_identification:_identify(src/cori_control) by extensions ['ros']
[0.280s] Level 1:colcon.colcon_core.package_identification:_identify(src/cori_control) by extension 'ros'
[0.282s] DEBUG:colcon.colcon_core.package_identification:Package 'src/cori_control' with type 'ros.ament_python' and name 'cori_control'
[0.282s] Level 1:colcon.colcon_core.package_identification:_identify(src/cori_core) by extensions ['ignore', 'ignore_ament_install']
[0.282s] Level 1:colcon.colcon_core.package_identification:_identify(src/cori_core) by extension 'ignore'
[0.282s] Level 1:colcon.colcon_core.package_identification:_identify(src/cori_core) by extension 'ignore_ament_install'
[0.282s] Level 1:colcon.colcon_core.package_identification:_identify(src/cori_core) by extensions ['colcon_pkg']
[0.282s] Level 1:colcon.colcon_core.package_identification:_identify(src/cori_core) by extension 'colcon_pkg'
[0.282s] Level 1:colcon.colcon_core.package_identification:_identify(src/cori_core) by extensions ['colcon_meta']
[0.282s] Level 1:colcon.colcon_core.package_identification:_identify(src/cori_core) by extension 'colcon_meta'
[0.282s] Level 1:colcon.colcon_core.package_identification:_identify(src/cori_core) by extensions ['ros']
[0.282s] Level 1:colcon.colcon_core.package_identification:_identify(src/cori_core) by extension 'ros'
[0.283s] DEBUG:colcon.colcon_core.package_identification:Package 'src/cori_core' with type 'ros.ament_python' and name 'cori_core'
[0.283s] Level 1:colcon.colcon_core.package_identification:_identify(src/cori_description) by extensions ['ignore', 'ignore_ament_install']
[0.283s] Level 1:colcon.colcon_core.package_identification:_identify(src/cori_description) by extension 'ignore'
[0.283s] Level 1:colcon.colcon_core.package_identification:_identify(src/cori_description) by extension 'ignore_ament_install'
[0.283s] Level 1:colcon.colcon_core.package_identification:_identify(src/cori_description) by extensions ['colcon_pkg']
[0.283s] Level 1:colcon.colcon_core.package_identification:_identify(src/cori_description) by extension 'colcon_pkg'
[0.283s] Level 1:colcon.colcon_core.package_identification:_identify(src/cori_description) by extensions ['colcon_meta']
[0.283s] Level 1:colcon.colcon_core.package_identification:_identify(src/cori_description) by extension 'colcon_meta'
[0.283s] Level 1:colcon.colcon_core.package_identification:_identify(src/cori_description) by extensions ['ros']
[0.283s] Level 1:colcon.colcon_core.package_identification:_identify(src/cori_description) by extension 'ros'
[0.284s] DEBUG:colcon.colcon_core.package_identification:Package 'src/cori_description' with type 'ros.ament_cmake' and name 'cori_description'
[0.284s] Level 1:colcon.colcon_core.package_identification:_identify(src/cori_gui) by extensions ['ignore', 'ignore_ament_install']
[0.284s] Level 1:colcon.colcon_core.package_identification:_identify(src/cori_gui) by extension 'ignore'
[0.284s] Level 1:colcon.colcon_core.package_identification:_identify(src/cori_gui) by extension 'ignore_ament_install'
[0.284s] Level 1:colcon.colcon_core.package_identification:_identify(src/cori_gui) by extensions ['colcon_pkg']
[0.284s] Level 1:colcon.colcon_core.package_identification:_identify(src/cori_gui) by extension 'colcon_pkg'
[0.284s] Level 1:colcon.colcon_core.package_identification:_identify(src/cori_gui) by extensions ['colcon_meta']
[0.284s] Level 1:colcon.colcon_core.package_identification:_identify(src/cori_gui) by extension 'colcon_meta'
[0.284s] Level 1:colcon.colcon_core.package_identification:_identify(src/cori_gui) by extensions ['ros']
[0.284s] Level 1:colcon.colcon_core.package_identification:_identify(src/cori_gui) by extension 'ros'
[0.285s] DEBUG:colcon.colcon_core.package_identification:Package 'src/cori_gui' with type 'ros.ament_python' and name 'cori_gui'
[0.285s] Level 1:colcon.colcon_core.package_identification:_identify(src/cori_hardware) by extensions ['ignore', 'ignore_ament_install']
[0.285s] Level 1:colcon.colcon_core.package_identification:_identify(src/cori_hardware) by extension 'ignore'
[0.285s] Level 1:colcon.colcon_core.package_identification:_identify(src/cori_hardware) by extension 'ignore_ament_install'
[0.285s] Level 1:colcon.colcon_core.package_identification:_identify(src/cori_hardware) by extensions ['colcon_pkg']
[0.285s] Level 1:colcon.colcon_core.package_identification:_identify(src/cori_hardware) by extension 'colcon_pkg'
[0.285s] Level 1:colcon.colcon_core.package_identification:_identify(src/cori_hardware) by extensions ['colcon_meta']
[0.285s] Level 1:colcon.colcon_core.package_identification:_identify(src/cori_hardware) by extension 'colcon_meta'
[0.285s] Level 1:colcon.colcon_core.package_identification:_identify(src/cori_hardware) by extensions ['ros']
[0.285s] Level 1:colcon.colcon_core.package_identification:_identify(src/cori_hardware) by extension 'ros'
[0.286s] DEBUG:colcon.colcon_core.package_identification:Package 'src/cori_hardware' with type 'ros.ament_python' and name 'cori_hardware'
[0.286s] Level 1:colcon.colcon_core.package_identification:_identify(src/cori_simulation) by extensions ['ignore', 'ignore_ament_install']
[0.286s] Level 1:colcon.colcon_core.package_identification:_identify(src/cori_simulation) by extension 'ignore'
[0.286s] Level 1:colcon.colcon_core.package_identification:_identify(src/cori_simulation) by extension 'ignore_ament_install'
[0.286s] Level 1:colcon.colcon_core.package_identification:_identify(src/cori_simulation) by extensions ['colcon_pkg']
[0.286s] Level 1:colcon.colcon_core.package_identification:_identify(src/cori_simulation) by extension 'colcon_pkg'
[0.286s] Level 1:colcon.colcon_core.package_identification:_identify(src/cori_simulation) by extensions ['colcon_meta']
[0.286s] Level 1:colcon.colcon_core.package_identification:_identify(src/cori_simulation) by extension 'colcon_meta'
[0.286s] Level 1:colcon.colcon_core.package_identification:_identify(src/cori_simulation) by extensions ['ros']
[0.286s] Level 1:colcon.colcon_core.package_identification:_identify(src/cori_simulation) by extension 'ros'
[0.287s] DEBUG:colcon.colcon_core.package_identification:Package 'src/cori_simulation' with type 'ros.ament_python' and name 'cori_simulation'
[0.287s] Level 1:colcon.colcon_core.package_identification:_identify(src/cori_tools) by extensions ['ignore', 'ignore_ament_install']
[0.287s] Level 1:colcon.colcon_core.package_identification:_identify(src/cori_tools) by extension 'ignore'
[0.287s] Level 1:colcon.colcon_core.package_identification:_identify(src/cori_tools) by extension 'ignore_ament_install'
[0.287s] Level 1:colcon.colcon_core.package_identification:_identify(src/cori_tools) by extensions ['colcon_pkg']
[0.287s] Level 1:colcon.colcon_core.package_identification:_identify(src/cori_tools) by extension 'colcon_pkg'
[0.287s] Level 1:colcon.colcon_core.package_identification:_identify(src/cori_tools) by extensions ['colcon_meta']
[0.287s] Level 1:colcon.colcon_core.package_identification:_identify(src/cori_tools) by extension 'colcon_meta'
[0.287s] Level 1:colcon.colcon_core.package_identification:_identify(src/cori_tools) by extensions ['ros']
[0.287s] Level 1:colcon.colcon_core.package_identification:_identify(src/cori_tools) by extension 'ros'
[0.288s] DEBUG:colcon.colcon_core.package_identification:Package 'src/cori_tools' with type 'ros.ament_python' and name 'cori_tools'
[0.288s] Level 1:colcon.colcon_core.package_identification:_identify(src/cori_vision) by extensions ['ignore', 'ignore_ament_install']
[0.288s] Level 1:colcon.colcon_core.package_identification:_identify(src/cori_vision) by extension 'ignore'
[0.288s] Level 1:colcon.colcon_core.package_identification:_identify(src/cori_vision) by extension 'ignore_ament_install'
[0.288s] Level 1:colcon.colcon_core.package_identification:_identify(src/cori_vision) by extensions ['colcon_pkg']
[0.288s] Level 1:colcon.colcon_core.package_identification:_identify(src/cori_vision) by extension 'colcon_pkg'
[0.288s] Level 1:colcon.colcon_core.package_identification:_identify(src/cori_vision) by extensions ['colcon_meta']
[0.288s] Level 1:colcon.colcon_core.package_identification:_identify(src/cori_vision) by extension 'colcon_meta'
[0.288s] Level 1:colcon.colcon_core.package_identification:_identify(src/cori_vision) by extensions ['ros']
[0.288s] Level 1:colcon.colcon_core.package_identification:_identify(src/cori_vision) by extension 'ros'
[0.289s] DEBUG:colcon.colcon_core.package_identification:Package 'src/cori_vision' with type 'ros.ament_python' and name 'cori_vision'
[0.289s] Level 1:colcon.colcon_core.package_discovery:discover_packages(recursive) using defaults
[0.289s] Level 1:colcon.colcon_core.package_discovery:discover_packages(ignore) discover
[0.289s] Level 1:colcon.colcon_core.package_discovery:discover_packages(ignore) using defaults
[0.289s] Level 1:colcon.colcon_core.package_discovery:discover_packages(path) discover
[0.289s] Level 1:colcon.colcon_core.package_discovery:discover_packages(path) using defaults
[0.316s] Level 1:colcon.colcon_core.package_discovery:discover_packages(prefix_path) check parameters
[0.316s] Level 1:colcon.colcon_core.package_discovery:discover_packages(prefix_path) discover
[0.317s] WARNING:colcon.colcon_ros.prefix_path.ament:The path '/home/juptegraph/Workspaces/Robotics/Projects/CORI/cori_ws/install/cori_vision' in the environment variable AMENT_PREFIX_PATH doesn't exist
[0.317s] WARNING:colcon.colcon_ros.prefix_path.ament:The path '/home/juptegraph/Workspaces/Robotics/Projects/CORI/cori_ws/install/cori_tools' in the environment variable AMENT_PREFIX_PATH doesn't exist
[0.317s] WARNING:colcon.colcon_ros.prefix_path.ament:The path '/home/juptegraph/Workspaces/Robotics/Projects/CORI/cori_ws/install/cori_simulation' in the environment variable AMENT_PREFIX_PATH doesn't exist
[0.317s] WARNING:colcon.colcon_ros.prefix_path.ament:The path '/home/juptegraph/Workspaces/Robotics/Projects/CORI/cori_ws/install/cori_hardware' in the environment variable AMENT_PREFIX_PATH doesn't exist
[0.317s] WARNING:colcon.colcon_ros.prefix_path.ament:The path '/home/juptegraph/Workspaces/Robotics/Projects/CORI/cori_ws/install/cori_gui' in the environment variable AMENT_PREFIX_PATH doesn't exist
[0.317s] WARNING:colcon.colcon_ros.prefix_path.ament:The path '/home/juptegraph/Workspaces/Robotics/Projects/CORI/cori_ws/install/cori_description' in the environment variable AMENT_PREFIX_PATH doesn't exist
[0.317s] WARNING:colcon.colcon_ros.prefix_path.ament:The path '/home/juptegraph/Workspaces/Robotics/Projects/CORI/cori_ws/install/cori_core' in the environment variable AMENT_PREFIX_PATH doesn't exist
[0.317s] WARNING:colcon.colcon_ros.prefix_path.ament:The path '/home/juptegraph/Workspaces/Robotics/Projects/CORI/cori_ws/install/cori_control' in the environment variable AMENT_PREFIX_PATH doesn't exist
[0.317s] WARNING:colcon.colcon_ros.prefix_path.catkin:The path '/home/juptegraph/Workspaces/Robotics/Projects/CORI/cori_ws/install/cori_description' in the environment variable CMAKE_PREFIX_PATH doesn't exist
[0.318s] DEBUG:colcon.colcon_installed_package_information.package_discovery:Found 0 installed packages in /home/juptegraph/Workspaces/Robotics/Projects/CORI/cori_ws/install
[0.319s] DEBUG:colcon.colcon_installed_package_information.package_discovery:Found 338 installed packages in /opt/ros/humble
[0.320s] Level 1:colcon.colcon_core.package_discovery:discover_packages(prefix_path) using defaults
[0.364s] Level 5:colcon.colcon_core.verb:set package 'cori_control' build argument 'cmake_args' from command line to 'None'
[0.364s] Level 5:colcon.colcon_core.verb:set package 'cori_control' build argument 'cmake_target' from command line to 'None'
[0.364s] Level 5:colcon.colcon_core.verb:set package 'cori_control' build argument 'cmake_target_skip_unavailable' from command line to 'False'
[0.364s] Level 5:colcon.colcon_core.verb:set package 'cori_control' build argument 'cmake_clean_cache' from command line to 'False'
[0.364s] Level 5:colcon.colcon_core.verb:set package 'cori_control' build argument 'cmake_clean_first' from command line to 'False'
[0.364s] Level 5:colcon.colcon_core.verb:set package 'cori_control' build argument 'cmake_force_configure' from command line to 'False'
[0.364s] Level 5:colcon.colcon_core.verb:set package 'cori_control' build argument 'ament_cmake_args' from command line to 'None'
[0.364s] Level 5:colcon.colcon_core.verb:set package 'cori_control' build argument 'catkin_cmake_args' from command line to 'None'
[0.364s] Level 5:colcon.colcon_core.verb:set package 'cori_control' build argument 'catkin_skip_building_tests' from command line to 'False'
[0.364s] DEBUG:colcon.colcon_core.verb:Building package 'cori_control' with the following arguments: {'ament_cmake_args': None, 'build_base': '/home/juptegraph/Workspaces/Robotics/Projects/CORI/cori_ws/build/cori_control', 'catkin_cmake_args': None, 'catkin_skip_building_tests': False, 'cmake_args': None, 'cmake_clean_cache': False, 'cmake_clean_first': False, 'cmake_force_configure': False, 'cmake_target': None, 'cmake_target_skip_unavailable': False, 'install_base': '/home/juptegraph/Workspaces/Robotics/Projects/CORI/cori_ws/install/cori_control', 'merge_install': False, 'path': '/home/juptegraph/Workspaces/Robotics/Projects/CORI/cori_ws/src/cori_control', 'symlink_install': False, 'test_result_base': None}
[0.364s] Level 5:colcon.colcon_core.verb:set package 'cori_core' build argument 'cmake_args' from command line to 'None'
[0.365s] Level 5:colcon.colcon_core.verb:set package 'cori_core' build argument 'cmake_target' from command line to 'None'
[0.365s] Level 5:colcon.colcon_core.verb:set package 'cori_core' build argument 'cmake_target_skip_unavailable' from command line to 'False'
[0.365s] Level 5:colcon.colcon_core.verb:set package 'cori_core' build argument 'cmake_clean_cache' from command line to 'False'
[0.365s] Level 5:colcon.colcon_core.verb:set package 'cori_core' build argument 'cmake_clean_first' from command line to 'False'
[0.365s] Level 5:colcon.colcon_core.verb:set package 'cori_core' build argument 'cmake_force_configure' from command line to 'False'
[0.365s] Level 5:colcon.colcon_core.verb:set package 'cori_core' build argument 'ament_cmake_args' from command line to 'None'
[0.365s] Level 5:colcon.colcon_core.verb:set package 'cori_core' build argument 'catkin_cmake_args' from command line to 'None'
[0.365s] Level 5:colcon.colcon_core.verb:set package 'cori_core' build argument 'catkin_skip_building_tests' from command line to 'False'
[0.365s] DEBUG:colcon.colcon_core.verb:Building package 'cori_core' with the following arguments: {'ament_cmake_args': None, 'build_base': '/home/juptegraph/Workspaces/Robotics/Projects/CORI/cori_ws/build/cori_core', 'catkin_cmake_args': None, 'catkin_skip_building_tests': False, 'cmake_args': None, 'cmake_clean_cache': False, 'cmake_clean_first': False, 'cmake_force_configure': False, 'cmake_target': None, 'cmake_target_skip_unavailable': False, 'install_base': '/home/juptegraph/Workspaces/Robotics/Projects/CORI/cori_ws/install/cori_core', 'merge_install': False, 'path': '/home/juptegraph/Workspaces/Robotics/Projects/CORI/cori_ws/src/cori_core', 'symlink_install': False, 'test_result_base': None}
[0.365s] Level 5:colcon.colcon_core.verb:set package 'cori_description' build argument 'cmake_args' from command line to 'None'
[0.365s] Level 5:colcon.colcon_core.verb:set package 'cori_description' build argument 'cmake_target' from command line to 'None'
[0.365s] Level 5:colcon.colcon_core.verb:set package 'cori_description' build argument 'cmake_target_skip_unavailable' from command line to 'False'
[0.365s] Level 5:colcon.colcon_core.verb:set package 'cori_description' build argument 'cmake_clean_cache' from command line to 'False'
[0.365s] Level 5:colcon.colcon_core.verb:set package 'cori_description' build argument 'cmake_clean_first' from command line to 'False'
[0.365s] Level 5:colcon.colcon_core.verb:set package 'cori_description' build argument 'cmake_force_configure' from command line to 'False'
[0.365s] Level 5:colcon.colcon_core.verb:set package 'cori_description' build argument 'ament_cmake_args' from command line to 'None'
[0.365s] Level 5:colcon.colcon_core.verb:set package 'cori_description' build argument 'catkin_cmake_args' from command line to 'None'
[0.365s] Level 5:colcon.colcon_core.verb:set package 'cori_description' build argument 'catkin_skip_building_tests' from command line to 'False'
[0.365s] DEBUG:colcon.colcon_core.verb:Building package 'cori_description' with the following arguments: {'ament_cmake_args': None, 'build_base': '/home/juptegraph/Workspaces/Robotics/Projects/CORI/cori_ws/build/cori_description', 'catkin_cmake_args': None, 'catkin_skip_building_tests': False, 'cmake_args': None, 'cmake_clean_cache': False, 'cmake_clean_first': False, 'cmake_force_configure': False, 'cmake_target': None, 'cmake_target_skip_unavailable': False, 'install_base': '/home/juptegraph/Workspaces/Robotics/Projects/CORI/cori_ws/install/cori_description', 'merge_install': False, 'path': '/home/juptegraph/Workspaces/Robotics/Projects/CORI/cori_ws/src/cori_description', 'symlink_install': False, 'test_result_base': None}
[0.366s] Level 5:colcon.colcon_core.verb:set package 'cori_gui' build argument 'cmake_args' from command line to 'None'
[0.366s] Level 5:colcon.colcon_core.verb:set package 'cori_gui' build argument 'cmake_target' from command line to 'None'
[0.366s] Level 5:colcon.colcon_core.verb:set package 'cori_gui' build argument 'cmake_target_skip_unavailable' from command line to 'False'
[0.366s] Level 5:colcon.colcon_core.verb:set package 'cori_gui' build argument 'cmake_clean_cache' from command line to 'False'
[0.366s] Level 5:colcon.colcon_core.verb:set package 'cori_gui' build argument 'cmake_clean_first' from command line to 'False'
[0.366s] Level 5:colcon.colcon_core.verb:set package 'cori_gui' build argument 'cmake_force_configure' from command line to 'False'
[0.366s] Level 5:colcon.colcon_core.verb:set package 'cori_gui' build argument 'ament_cmake_args' from command line to 'None'
[0.366s] Level 5:colcon.colcon_core.verb:set package 'cori_gui' build argument 'catkin_cmake_args' from command line to 'None'
[0.366s] Level 5:colcon.colcon_core.verb:set package 'cori_gui' build argument 'catkin_skip_building_tests' from command line to 'False'
[0.366s] DEBUG:colcon.colcon_core.verb:Building package 'cori_gui' with the following arguments: {'ament_cmake_args': None, 'build_base': '/home/juptegraph/Workspaces/Robotics/Projects/CORI/cori_ws/build/cori_gui', 'catkin_cmake_args': None, 'catkin_skip_building_tests': False, 'cmake_args': None, 'cmake_clean_cache': False, 'cmake_clean_first': False, 'cmake_force_configure': False, 'cmake_target': None, 'cmake_target_skip_unavailable': False, 'install_base': '/home/juptegraph/Workspaces/Robotics/Projects/CORI/cori_ws/install/cori_gui', 'merge_install': False, 'path': '/home/juptegraph/Workspaces/Robotics/Projects/CORI/cori_ws/src/cori_gui', 'symlink_install': False, 'test_result_base': None}
[0.367s] Level 5:colcon.colcon_core.verb:set package 'cori_hardware' build argument 'cmake_args' from command line to 'None'
[0.367s] Level 5:colcon.colcon_core.verb:set package 'cori_hardware' build argument 'cmake_target' from command line to 'None'
[0.367s] Level 5:colcon.colcon_core.verb:set package 'cori_hardware' build argument 'cmake_target_skip_unavailable' from command line to 'False'
[0.367s] Level 5:colcon.colcon_core.verb:set package 'cori_hardware' build argument 'cmake_clean_cache' from command line to 'False'
[0.367s] Level 5:colcon.colcon_core.verb:set package 'cori_hardware' build argument 'cmake_clean_first' from command line to 'False'
[0.367s] Level 5:colcon.colcon_core.verb:set package 'cori_hardware' build argument 'cmake_force_configure' from command line to 'False'
[0.367s] Level 5:colcon.colcon_core.verb:set package 'cori_hardware' build argument 'ament_cmake_args' from command line to 'None'
[0.367s] Level 5:colcon.colcon_core.verb:set package 'cori_hardware' build argument 'catkin_cmake_args' from command line to 'None'
[0.367s] Level 5:colcon.colcon_core.verb:set package 'cori_hardware' build argument 'catkin_skip_building_tests' from command line to 'False'
[0.367s] DEBUG:colcon.colcon_core.verb:Building package 'cori_hardware' with the following arguments: {'ament_cmake_args': None, 'build_base': '/home/juptegraph/Workspaces/Robotics/Projects/CORI/cori_ws/build/cori_hardware', 'catkin_cmake_args': None, 'catkin_skip_building_tests': False, 'cmake_args': None, 'cmake_clean_cache': False, 'cmake_clean_first': False, 'cmake_force_configure': False, 'cmake_target': None, 'cmake_target_skip_unavailable': False, 'install_base': '/home/juptegraph/Workspaces/Robotics/Projects/CORI/cori_ws/install/cori_hardware', 'merge_install': False, 'path': '/home/juptegraph/Workspaces/Robotics/Projects/CORI/cori_ws/src/cori_hardware', 'symlink_install': False, 'test_result_base': None}
[0.367s] Level 5:colcon.colcon_core.verb:set package 'cori_tools' build argument 'cmake_args' from command line to 'None'
[0.367s] Level 5:colcon.colcon_core.verb:set package 'cori_tools' build argument 'cmake_target' from command line to 'None'
[0.367s] Level 5:colcon.colcon_core.verb:set package 'cori_tools' build argument 'cmake_target_skip_unavailable' from command line to 'False'
[0.367s] Level 5:colcon.colcon_core.verb:set package 'cori_tools' build argument 'cmake_clean_cache' from command line to 'False'
[0.367s] Level 5:colcon.colcon_core.verb:set package 'cori_tools' build argument 'cmake_clean_first' from command line to 'False'
[0.367s] Level 5:colcon.colcon_core.verb:set package 'cori_tools' build argument 'cmake_force_configure' from command line to 'False'
[0.367s] Level 5:colcon.colcon_core.verb:set package 'cori_tools' build argument 'ament_cmake_args' from command line to 'None'
[0.367s] Level 5:colcon.colcon_core.verb:set package 'cori_tools' build argument 'catkin_cmake_args' from command line to 'None'
[0.367s] Level 5:colcon.colcon_core.verb:set package 'cori_tools' build argument 'catkin_skip_building_tests' from command line to 'False'
[0.367s] DEBUG:colcon.colcon_core.verb:Building package 'cori_tools' with the following arguments: {'ament_cmake_args': None, 'build_base': '/home/juptegraph/Workspaces/Robotics/Projects/CORI/cori_ws/build/cori_tools', 'catkin_cmake_args': None, 'catkin_skip_building_tests': False, 'cmake_args': None, 'cmake_clean_cache': False, 'cmake_clean_first': False, 'cmake_force_configure': False, 'cmake_target': None, 'cmake_target_skip_unavailable': False, 'install_base': '/home/juptegraph/Workspaces/Robotics/Projects/CORI/cori_ws/install/cori_tools', 'merge_install': False, 'path': '/home/juptegraph/Workspaces/Robotics/Projects/CORI/cori_ws/src/cori_tools', 'symlink_install': False, 'test_result_base': None}
[0.368s] Level 5:colcon.colcon_core.verb:set package 'cori_vision' build argument 'cmake_args' from command line to 'None'
[0.368s] Level 5:colcon.colcon_core.verb:set package 'cori_vision' build argument 'cmake_target' from command line to 'None'
[0.368s] Level 5:colcon.colcon_core.verb:set package 'cori_vision' build argument 'cmake_target_skip_unavailable' from command line to 'False'
[0.368s] Level 5:colcon.colcon_core.verb:set package 'cori_vision' build argument 'cmake_clean_cache' from command line to 'False'
[0.368s] Level 5:colcon.colcon_core.verb:set package 'cori_vision' build argument 'cmake_clean_first' from command line to 'False'
[0.368s] Level 5:colcon.colcon_core.verb:set package 'cori_vision' build argument 'cmake_force_configure' from command line to 'False'
[0.368s] Level 5:colcon.colcon_core.verb:set package 'cori_vision' build argument 'ament_cmake_args' from command line to 'None'
[0.368s] Level 5:colcon.colcon_core.verb:set package 'cori_vision' build argument 'catkin_cmake_args' from command line to 'None'
[0.368s] Level 5:colcon.colcon_core.verb:set package 'cori_vision' build argument 'catkin_skip_building_tests' from command line to 'False'
[0.368s] DEBUG:colcon.colcon_core.verb:Building package 'cori_vision' with the following arguments: {'ament_cmake_args': None, 'build_base': '/home/juptegraph/Workspaces/Robotics/Projects/CORI/cori_ws/build/cori_vision', 'catkin_cmake_args': None, 'catkin_skip_building_tests': False, 'cmake_args': None, 'cmake_clean_cache': False, 'cmake_clean_first': False, 'cmake_force_configure': False, 'cmake_target': None, 'cmake_target_skip_unavailable': False, 'install_base': '/home/juptegraph/Workspaces/Robotics/Projects/CORI/cori_ws/install/cori_vision', 'merge_install': False, 'path': '/home/juptegraph/Workspaces/Robotics/Projects/CORI/cori_ws/src/cori_vision', 'symlink_install': False, 'test_result_base': None}
[0.368s] Level 5:colcon.colcon_core.verb:set package 'cori_simulation' build argument 'cmake_args' from command line to 'None'
[0.368s] Level 5:colcon.colcon_core.verb:set package 'cori_simulation' build argument 'cmake_target' from command line to 'None'
[0.369s] Level 5:colcon.colcon_core.verb:set package 'cori_simulation' build argument 'cmake_target_skip_unavailable' from command line to 'False'
[0.369s] Level 5:colcon.colcon_core.verb:set package 'cori_simulation' build argument 'cmake_clean_cache' from command line to 'False'
[0.369s] Level 5:colcon.colcon_core.verb:set package 'cori_simulation' build argument 'cmake_clean_first' from command line to 'False'
[0.369s] Level 5:colcon.colcon_core.verb:set package 'cori_simulation' build argument 'cmake_force_configure' from command line to 'False'
[0.369s] Level 5:colcon.colcon_core.verb:set package 'cori_simulation' build argument 'ament_cmake_args' from command line to 'None'
[0.369s] Level 5:colcon.colcon_core.verb:set package 'cori_simulation' build argument 'catkin_cmake_args' from command line to 'None'
[0.369s] Level 5:colcon.colcon_core.verb:set package 'cori_simulation' build argument 'catkin_skip_building_tests' from command line to 'False'
[0.369s] DEBUG:colcon.colcon_core.verb:Building package 'cori_simulation' with the following arguments: {'ament_cmake_args': None, 'build_base': '/home/juptegraph/Workspaces/Robotics/Projects/CORI/cori_ws/build/cori_simulation', 'catkin_cmake_args': None, 'catkin_skip_building_tests': False, 'cmake_args': None, 'cmake_clean_cache': False, 'cmake_clean_first': False, 'cmake_force_configure': False, 'cmake_target': None, 'cmake_target_skip_unavailable': False, 'install_base': '/home/juptegraph/Workspaces/Robotics/Projects/CORI/cori_ws/install/cori_simulation', 'merge_install': False, 'path': '/home/juptegraph/Workspaces/Robotics/Projects/CORI/cori_ws/src/cori_simulation', 'symlink_install': False, 'test_result_base': None}
[0.369s] INFO:colcon.colcon_core.executor:Executing jobs using 'parallel' executor
[0.370s] DEBUG:colcon.colcon_parallel_executor.executor.parallel:run_until_complete
[0.371s] INFO:colcon.colcon_ros.task.ament_python.build:Building ROS package in '/home/juptegraph/Workspaces/Robotics/Projects/CORI/cori_ws/src/cori_core' with build type 'ament_python'
[0.371s] Level 1:colcon.colcon_core.shell:create_environment_hook('cori_core', 'ament_prefix_path')
[0.374s] INFO:colcon.colcon_core.plugin_system:Skipping extension 'colcon_core.shell.bat': Not used on non-Windows systems
[0.374s] INFO:colcon.colcon_core.shell:Creating environment hook '/home/juptegraph/Workspaces/Robotics/Projects/CORI/cori_ws/install/cori_core/share/cori_core/hook/ament_prefix_path.ps1'
[0.376s] INFO:colcon.colcon_core.shell:Creating environment descriptor '/home/juptegraph/Workspaces/Robotics/Projects/CORI/cori_ws/install/cori_core/share/cori_core/hook/ament_prefix_path.dsv'
[0.376s] INFO:colcon.colcon_core.shell:Creating environment hook '/home/juptegraph/Workspaces/Robotics/Projects/CORI/cori_ws/install/cori_core/share/cori_core/hook/ament_prefix_path.sh'
[0.377s] INFO:colcon.colcon_core.shell:Skip shell extension 'powershell' for command environment: Not usable outside of PowerShell
[0.377s] DEBUG:colcon.colcon_core.shell:Skip shell extension 'dsv' for command environment
[0.383s] INFO:colcon.colcon_ros.task.ament_python.build:Building ROS package in '/home/juptegraph/Workspaces/Robotics/Projects/CORI/cori_ws/src/cori_control' with build type 'ament_python'
[0.387s] Level 1:colcon.colcon_core.shell:create_environment_hook('cori_control', 'ament_prefix_path')
[0.387s] INFO:colcon.colcon_core.shell:Creating environment hook '/home/juptegraph/Workspaces/Robotics/Projects/CORI/cori_ws/install/cori_control/share/cori_control/hook/ament_prefix_path.ps1'
[0.388s] INFO:colcon.colcon_core.shell:Creating environment descriptor '/home/juptegraph/Workspaces/Robotics/Projects/CORI/cori_ws/install/cori_control/share/cori_control/hook/ament_prefix_path.dsv'
[0.388s] INFO:colcon.colcon_core.shell:Creating environment hook '/home/juptegraph/Workspaces/Robotics/Projects/CORI/cori_ws/install/cori_control/share/cori_control/hook/ament_prefix_path.sh'
[0.389s] INFO:colcon.colcon_core.shell:Skip shell extension 'powershell' for command environment: Not usable outside of PowerShell
[0.389s] DEBUG:colcon.colcon_core.shell:Skip shell extension 'dsv' for command environment
[0.394s] INFO:colcon.colcon_ros.task.ament_cmake.build:Building ROS package in '/home/juptegraph/Workspaces/Robotics/Projects/CORI/cori_ws/src/cori_description' with build type 'ament_cmake'
[0.394s] INFO:colcon.colcon_cmake.task.cmake.build:Building CMake package in '/home/juptegraph/Workspaces/Robotics/Projects/CORI/cori_ws/src/cori_description'
[0.395s] INFO:colcon.colcon_core.shell:Skip shell extension 'powershell' for command environment: Not usable outside of PowerShell
[0.395s] DEBUG:colcon.colcon_core.shell:Skip shell extension 'dsv' for command environment
[0.398s] INFO:colcon.colcon_ros.task.ament_python.build:Building ROS package in '/home/juptegraph/Workspaces/Robotics/Projects/CORI/cori_ws/src/cori_gui' with build type 'ament_python'
[0.398s] Level 1:colcon.colcon_core.shell:create_environment_hook('cori_gui', 'ament_prefix_path')
[0.398s] INFO:colcon.colcon_core.shell:Creating environment hook '/home/juptegraph/Workspaces/Robotics/Projects/CORI/cori_ws/install/cori_gui/share/cori_gui/hook/ament_prefix_path.ps1'
[0.399s] INFO:colcon.colcon_core.shell:Creating environment descriptor '/home/juptegraph/Workspaces/Robotics/Projects/CORI/cori_ws/install/cori_gui/share/cori_gui/hook/ament_prefix_path.dsv'
[0.400s] INFO:colcon.colcon_core.shell:Creating environment hook '/home/juptegraph/Workspaces/Robotics/Projects/CORI/cori_ws/install/cori_gui/share/cori_gui/hook/ament_prefix_path.sh'
[0.400s] INFO:colcon.colcon_core.shell:Skip shell extension 'powershell' for command environment: Not usable outside of PowerShell
[0.400s] DEBUG:colcon.colcon_core.shell:Skip shell extension 'dsv' for command environment
[0.404s] INFO:colcon.colcon_ros.task.ament_python.build:Building ROS package in '/home/juptegraph/Workspaces/Robotics/Projects/CORI/cori_ws/src/cori_hardware' with build type 'ament_python'
[0.404s] Level 1:colcon.colcon_core.shell:create_environment_hook('cori_hardware', 'ament_prefix_path')
[0.404s] INFO:colcon.colcon_core.shell:Creating environment hook '/home/juptegraph/Workspaces/Robotics/Projects/CORI/cori_ws/install/cori_hardware/share/cori_hardware/hook/ament_prefix_path.ps1'
[0.405s] INFO:colcon.colcon_core.shell:Creating environment descriptor '/home/juptegraph/Workspaces/Robotics/Projects/CORI/cori_ws/install/cori_hardware/share/cori_hardware/hook/ament_prefix_path.dsv'
[0.405s] INFO:colcon.colcon_core.shell:Creating environment hook '/home/juptegraph/Workspaces/Robotics/Projects/CORI/cori_ws/install/cori_hardware/share/cori_hardware/hook/ament_prefix_path.sh'
[0.405s] INFO:colcon.colcon_core.shell:Skip shell extension 'powershell' for command environment: Not usable outside of PowerShell
[0.405s] DEBUG:colcon.colcon_core.shell:Skip shell extension 'dsv' for command environment
[0.408s] INFO:colcon.colcon_ros.task.ament_python.build:Building ROS package in '/home/juptegraph/Workspaces/Robotics/Projects/CORI/cori_ws/src/cori_tools' with build type 'ament_python'
[0.409s] Level 1:colcon.colcon_core.shell:create_environment_hook('cori_tools', 'ament_prefix_path')
[0.410s] INFO:colcon.colcon_core.shell:Creating environment hook '/home/juptegraph/Workspaces/Robotics/Projects/CORI/cori_ws/install/cori_tools/share/cori_tools/hook/ament_prefix_path.ps1'
[0.410s] INFO:colcon.colcon_core.shell:Creating environment descriptor '/home/juptegraph/Workspaces/Robotics/Projects/CORI/cori_ws/install/cori_tools/share/cori_tools/hook/ament_prefix_path.dsv'
[0.411s] INFO:colcon.colcon_core.shell:Creating environment hook '/home/juptegraph/Workspaces/Robotics/Projects/CORI/cori_ws/install/cori_tools/share/cori_tools/hook/ament_prefix_path.sh'
[0.411s] INFO:colcon.colcon_core.shell:Skip shell extension 'powershell' for command environment: Not usable outside of PowerShell
[0.411s] DEBUG:colcon.colcon_core.shell:Skip shell extension 'dsv' for command environment
[0.414s] INFO:colcon.colcon_ros.task.ament_python.build:Building ROS package in '/home/juptegraph/Workspaces/Robotics/Projects/CORI/cori_ws/src/cori_vision' with build type 'ament_python'
[0.414s] Level 1:colcon.colcon_core.shell:create_environment_hook('cori_vision', 'ament_prefix_path')
[0.415s] INFO:colcon.colcon_core.shell:Creating environment hook '/home/juptegraph/Workspaces/Robotics/Projects/CORI/cori_ws/install/cori_vision/share/cori_vision/hook/ament_prefix_path.ps1'
[0.416s] INFO:colcon.colcon_core.shell:Creating environment descriptor '/home/juptegraph/Workspaces/Robotics/Projects/CORI/cori_ws/install/cori_vision/share/cori_vision/hook/ament_prefix_path.dsv'
[0.416s] INFO:colcon.colcon_core.shell:Creating environment hook '/home/juptegraph/Workspaces/Robotics/Projects/CORI/cori_ws/install/cori_vision/share/cori_vision/hook/ament_prefix_path.sh'
[0.416s] INFO:colcon.colcon_core.shell:Skip shell extension 'powershell' for command environment: Not usable outside of PowerShell
[0.416s] DEBUG:colcon.colcon_core.shell:Skip shell extension 'dsv' for command environment
[0.728s] INFO:colcon.colcon_core.task.python.build:Building Python package in '/home/juptegraph/Workspaces/Robotics/Projects/CORI/cori_ws/src/cori_core'
[0.728s] INFO:colcon.colcon_core.shell:Skip shell extension 'powershell' for command environment: Not usable outside of PowerShell
[0.728s] DEBUG:colcon.colcon_core.shell:Skip shell extension 'dsv' for command environment
[1.041s] INFO:colcon.colcon_core.task.python.build:Building Python package in '/home/juptegraph/Workspaces/Robotics/Projects/CORI/cori_ws/src/cori_control'
[1.041s] INFO:colcon.colcon_core.shell:Skip shell extension 'powershell' for command environment: Not usable outside of PowerShell
[1.041s] DEBUG:colcon.colcon_core.shell:Skip shell extension 'dsv' for command environment
[1.050s] DEBUG:colcon.colcon_core.event_handler.log_command:Invoking command in '/home/juptegraph/Workspaces/Robotics/Projects/CORI/cori_ws/build/cori_description': CMAKE_PREFIX_PATH=${CMAKE_PREFIX_PATH}:/home/juptegraph/Workspaces/Robotics/Projects/CORI/cori_ws/install/cori_vision:/home/juptegraph/Workspaces/Robotics/Projects/CORI/cori_ws/install/cori_tools:/home/juptegraph/Workspaces/Robotics/Projects/CORI/cori_ws/install/cori_simulation:/home/juptegraph/Workspaces/Robotics/Projects/CORI/cori_ws/install/cori_hardware:/home/juptegraph/Workspaces/Robotics/Projects/CORI/cori_ws/install/cori_gui:/home/juptegraph/Workspaces/Robotics/Projects/CORI/cori_ws/install/cori_core:/home/juptegraph/Workspaces/Robotics/Projects/CORI/cori_ws/install/cori_control:/opt/ros/humble /usr/bin/cmake /home/juptegraph/Workspaces/Robotics/Projects/CORI/cori_ws/src/cori_description -DCMAKE_INSTALL_PREFIX=/home/juptegraph/Workspaces/Robotics/Projects/CORI/cori_ws/install/cori_description
[1.307s] INFO:colcon.colcon_core.task.python.build:Building Python package in '/home/juptegraph/Workspaces/Robotics/Projects/CORI/cori_ws/src/cori_gui'
[1.307s] INFO:colcon.colcon_core.shell:Skip shell extension 'powershell' for command environment: Not usable outside of PowerShell
[1.308s] DEBUG:colcon.colcon_core.shell:Skip shell extension 'dsv' for command environment
[1.596s] INFO:colcon.colcon_core.task.python.build:Building Python package in '/home/juptegraph/Workspaces/Robotics/Projects/CORI/cori_ws/src/cori_hardware'
[1.597s] INFO:colcon.colcon_core.shell:Skip shell extension 'powershell' for command environment: Not usable outside of PowerShell
[1.597s] DEBUG:colcon.colcon_core.shell:Skip shell extension 'dsv' for command environment
[1.871s] INFO:colcon.colcon_core.task.python.build:Building Python package in '/home/juptegraph/Workspaces/Robotics/Projects/CORI/cori_ws/src/cori_tools'
[1.871s] INFO:colcon.colcon_core.shell:Skip shell extension 'powershell' for command environment: Not usable outside of PowerShell
[1.871s] DEBUG:colcon.colcon_core.shell:Skip shell extension 'dsv' for command environment
[2.135s] INFO:colcon.colcon_core.task.python.build:Building Python package in '/home/juptegraph/Workspaces/Robotics/Projects/CORI/cori_ws/src/cori_vision'
[2.136s] INFO:colcon.colcon_core.shell:Skip shell extension 'powershell' for command environment: Not usable outside of PowerShell
[2.136s] DEBUG:colcon.colcon_core.shell:Skip shell extension 'dsv' for command environment
[2.150s] DEBUG:colcon.colcon_core.event_handler.log_command:Invoked command in '/home/juptegraph/Workspaces/Robotics/Projects/CORI/cori_ws/build/cori_description' returned '0': CMAKE_PREFIX_PATH=${CMAKE_PREFIX_PATH}:/home/juptegraph/Workspaces/Robotics/Projects/CORI/cori_ws/install/cori_vision:/home/juptegraph/Workspaces/Robotics/Projects/CORI/cori_ws/install/cori_tools:/home/juptegraph/Workspaces/Robotics/Projects/CORI/cori_ws/install/cori_simulation:/home/juptegraph/Workspaces/Robotics/Projects/CORI/cori_ws/install/cori_hardware:/home/juptegraph/Workspaces/Robotics/Projects/CORI/cori_ws/install/cori_gui:/home/juptegraph/Workspaces/Robotics/Projects/CORI/cori_ws/install/cori_core:/home/juptegraph/Workspaces/Robotics/Projects/CORI/cori_ws/install/cori_control:/opt/ros/humble /usr/bin/cmake /home/juptegraph/Workspaces/Robotics/Projects/CORI/cori_ws/src/cori_description -DCMAKE_INSTALL_PREFIX=/home/juptegraph/Workspaces/Robotics/Projects/CORI/cori_ws/install/cori_description
[2.152s] DEBUG:colcon.colcon_core.event_handler.log_command:Invoking command in '/home/juptegraph/Workspaces/Robotics/Projects/CORI/cori_ws/build/cori_description': CMAKE_PREFIX_PATH=${CMAKE_PREFIX_PATH}:/home/juptegraph/Workspaces/Robotics/Projects/CORI/cori_ws/install/cori_vision:/home/juptegraph/Workspaces/Robotics/Projects/CORI/cori_ws/install/cori_tools:/home/juptegraph/Workspaces/Robotics/Projects/CORI/cori_ws/install/cori_simulation:/home/juptegraph/Workspaces/Robotics/Projects/CORI/cori_ws/install/cori_hardware:/home/juptegraph/Workspaces/Robotics/Projects/CORI/cori_ws/install/cori_gui:/home/juptegraph/Workspaces/Robotics/Projects/CORI/cori_ws/install/cori_core:/home/juptegraph/Workspaces/Robotics/Projects/CORI/cori_ws/install/cori_control:/opt/ros/humble /usr/bin/cmake --build /home/juptegraph/Workspaces/Robotics/Projects/CORI/cori_ws/build/cori_description -- -j20 -l20
[2.214s] DEBUG:colcon.colcon_core.event_handler.log_command:Invoked command in '/home/juptegraph/Workspaces/Robotics/Projects/CORI/cori_ws/build/cori_description' returned '0': CMAKE_PREFIX_PATH=${CMAKE_PREFIX_PATH}:/home/juptegraph/Workspaces/Robotics/Projects/CORI/cori_ws/install/cori_vision:/home/juptegraph/Workspaces/Robotics/Projects/CORI/cori_ws/install/cori_tools:/home/juptegraph/Workspaces/Robotics/Projects/CORI/cori_ws/install/cori_simulation:/home/juptegraph/Workspaces/Robotics/Projects/CORI/cori_ws/install/cori_hardware:/home/juptegraph/Workspaces/Robotics/Projects/CORI/cori_ws/install/cori_gui:/home/juptegraph/Workspaces/Robotics/Projects/CORI/cori_ws/install/cori_core:/home/juptegraph/Workspaces/Robotics/Projects/CORI/cori_ws/install/cori_control:/opt/ros/humble /usr/bin/cmake --build /home/juptegraph/Workspaces/Robotics/Projects/CORI/cori_ws/build/cori_description -- -j20 -l20
[2.228s] DEBUG:colcon.colcon_core.event_handler.log_command:Invoking command in '/home/juptegraph/Workspaces/Robotics/Projects/CORI/cori_ws/build/cori_description': CMAKE_PREFIX_PATH=${CMAKE_PREFIX_PATH}:/home/juptegraph/Workspaces/Robotics/Projects/CORI/cori_ws/install/cori_vision:/home/juptegraph/Workspaces/Robotics/Projects/CORI/cori_ws/install/cori_tools:/home/juptegraph/Workspaces/Robotics/Projects/CORI/cori_ws/install/cori_simulation:/home/juptegraph/Workspaces/Robotics/Projects/CORI/cori_ws/install/cori_hardware:/home/juptegraph/Workspaces/Robotics/Projects/CORI/cori_ws/install/cori_gui:/home/juptegraph/Workspaces/Robotics/Projects/CORI/cori_ws/install/cori_core:/home/juptegraph/Workspaces/Robotics/Projects/CORI/cori_ws/install/cori_control:/opt/ros/humble /usr/bin/cmake --install /home/juptegraph/Workspaces/Robotics/Projects/CORI/cori_ws/build/cori_description
[2.271s] Level 1:colcon.colcon_core.environment:create_environment_scripts_only(cori_description)
[2.274s] DEBUG:colcon.colcon_core.event_handler.log_command:Invoked command in '/home/juptegraph/Workspaces/Robotics/Projects/CORI/cori_ws/build/cori_description' returned '0': CMAKE_PREFIX_PATH=${CMAKE_PREFIX_PATH}:/home/juptegraph/Workspaces/Robotics/Projects/CORI/cori_ws/install/cori_vision:/home/juptegraph/Workspaces/Robotics/Projects/CORI/cori_ws/install/cori_tools:/home/juptegraph/Workspaces/Robotics/Projects/CORI/cori_ws/install/cori_simulation:/home/juptegraph/Workspaces/Robotics/Projects/CORI/cori_ws/install/cori_hardware:/home/juptegraph/Workspaces/Robotics/Projects/CORI/cori_ws/install/cori_gui:/home/juptegraph/Workspaces/Robotics/Projects/CORI/cori_ws/install/cori_core:/home/juptegraph/Workspaces/Robotics/Projects/CORI/cori_ws/install/cori_control:/opt/ros/humble /usr/bin/cmake --install /home/juptegraph/Workspaces/Robotics/Projects/CORI/cori_ws/build/cori_description
[2.276s] Level 1:colcon.colcon_core.environment:checking '/home/juptegraph/Workspaces/Robotics/Projects/CORI/cori_ws/install/cori_description' for CMake module files
[2.276s] Level 1:colcon.colcon_core.environment:checking '/home/juptegraph/Workspaces/Robotics/Projects/CORI/cori_ws/install/cori_description' for CMake config files
[2.277s] Level 1:colcon.colcon_core.shell:create_environment_hook('cori_description', 'cmake_prefix_path')
[2.277s] INFO:colcon.colcon_core.shell:Creating environment hook '/home/juptegraph/Workspaces/Robotics/Projects/CORI/cori_ws/install/cori_description/share/cori_description/hook/cmake_prefix_path.ps1'
[2.278s] INFO:colcon.colcon_core.shell:Creating environment descriptor '/home/juptegraph/Workspaces/Robotics/Projects/CORI/cori_ws/install/cori_description/share/cori_description/hook/cmake_prefix_path.dsv'
[2.278s] INFO:colcon.colcon_core.shell:Creating environment hook '/home/juptegraph/Workspaces/Robotics/Projects/CORI/cori_ws/install/cori_description/share/cori_description/hook/cmake_prefix_path.sh'
[2.279s] Level 1:colcon.colcon_core.environment:checking '/home/juptegraph/Workspaces/Robotics/Projects/CORI/cori_ws/install/cori_description/bin'
[2.279s] Level 1:colcon.colcon_core.environment:checking '/home/juptegraph/Workspaces/Robotics/Projects/CORI/cori_ws/install/cori_description/lib/pkgconfig/cori_description.pc'
[2.279s] Level 1:colcon.colcon_core.environment:checking '/home/juptegraph/Workspaces/Robotics/Projects/CORI/cori_ws/install/cori_description/lib/python3.10/site-packages'
[2.279s] Level 1:colcon.colcon_core.environment:checking '/home/juptegraph/Workspaces/Robotics/Projects/CORI/cori_ws/install/cori_description/bin'
[2.280s] INFO:colcon.colcon_core.shell:Creating package script '/home/juptegraph/Workspaces/Robotics/Projects/CORI/cori_ws/install/cori_description/share/cori_description/package.ps1'
[2.281s] INFO:colcon.colcon_core.shell:Creating package descriptor '/home/juptegraph/Workspaces/Robotics/Projects/CORI/cori_ws/install/cori_description/share/cori_description/package.dsv'
[2.281s] INFO:colcon.colcon_core.shell:Creating package script '/home/juptegraph/Workspaces/Robotics/Projects/CORI/cori_ws/install/cori_description/share/cori_description/package.sh'
[2.282s] INFO:colcon.colcon_core.shell:Creating package script '/home/juptegraph/Workspaces/Robotics/Projects/CORI/cori_ws/install/cori_description/share/cori_description/package.bash'
[2.283s] INFO:colcon.colcon_core.shell:Creating package script '/home/juptegraph/Workspaces/Robotics/Projects/CORI/cori_ws/install/cori_description/share/cori_description/package.zsh'
[2.284s] Level 1:colcon.colcon_core.environment:create_file_with_runtime_dependencies(/home/juptegraph/Workspaces/Robotics/Projects/CORI/cori_ws/install/cori_description/share/colcon-core/packages/cori_description)
[2.285s] Level 1:colcon.colcon_core.environment:create_environment_scripts_only(cori_description)
[2.285s] Level 1:colcon.colcon_core.environment:checking '/home/juptegraph/Workspaces/Robotics/Projects/CORI/cori_ws/install/cori_description' for CMake module files
[2.286s] Level 1:colcon.colcon_core.environment:checking '/home/juptegraph/Workspaces/Robotics/Projects/CORI/cori_ws/install/cori_description' for CMake config files
[2.286s] Level 1:colcon.colcon_core.shell:create_environment_hook('cori_description', 'cmake_prefix_path')
[2.286s] INFO:colcon.colcon_core.shell:Creating environment hook '/home/juptegraph/Workspaces/Robotics/Projects/CORI/cori_ws/install/cori_description/share/cori_description/hook/cmake_prefix_path.ps1'
[2.287s] INFO:colcon.colcon_core.shell:Creating environment descriptor '/home/juptegraph/Workspaces/Robotics/Projects/CORI/cori_ws/install/cori_description/share/cori_description/hook/cmake_prefix_path.dsv'
[2.287s] INFO:colcon.colcon_core.shell:Creating environment hook '/home/juptegraph/Workspaces/Robotics/Projects/CORI/cori_ws/install/cori_description/share/cori_description/hook/cmake_prefix_path.sh'
[2.288s] Level 1:colcon.colcon_core.environment:checking '/home/juptegraph/Workspaces/Robotics/Projects/CORI/cori_ws/install/cori_description/bin'
[2.288s] Level 1:colcon.colcon_core.environment:checking '/home/juptegraph/Workspaces/Robotics/Projects/CORI/cori_ws/install/cori_description/lib/pkgconfig/cori_description.pc'
[2.288s] Level 1:colcon.colcon_core.environment:checking '/home/juptegraph/Workspaces/Robotics/Projects/CORI/cori_ws/install/cori_description/lib/python3.10/site-packages'
[2.289s] Level 1:colcon.colcon_core.environment:checking '/home/juptegraph/Workspaces/Robotics/Projects/CORI/cori_ws/install/cori_description/bin'
[2.289s] INFO:colcon.colcon_core.shell:Creating package script '/home/juptegraph/Workspaces/Robotics/Projects/CORI/cori_ws/install/cori_description/share/cori_description/package.ps1'
[2.290s] INFO:colcon.colcon_core.shell:Creating package descriptor '/home/juptegraph/Workspaces/Robotics/Projects/CORI/cori_ws/install/cori_description/share/cori_description/package.dsv'
[2.291s] INFO:colcon.colcon_core.shell:Creating package script '/home/juptegraph/Workspaces/Robotics/Projects/CORI/cori_ws/install/cori_description/share/cori_description/package.sh'
[2.291s] INFO:colcon.colcon_core.shell:Creating package script '/home/juptegraph/Workspaces/Robotics/Projects/CORI/cori_ws/install/cori_description/share/cori_description/package.bash'
[2.292s] INFO:colcon.colcon_core.shell:Creating package script '/home/juptegraph/Workspaces/Robotics/Projects/CORI/cori_ws/install/cori_description/share/cori_description/package.zsh'
[2.292s] Level 1:colcon.colcon_core.environment:create_file_with_runtime_dependencies(/home/juptegraph/Workspaces/Robotics/Projects/CORI/cori_ws/install/cori_description/share/colcon-core/packages/cori_description)
[2.639s] DEBUG:colcon.colcon_core.event_handler.log_command:Invoking command in '/home/juptegraph/Workspaces/Robotics/Projects/CORI/cori_ws/src/cori_core': PYTHONPATH=/home/juptegraph/Workspaces/Robotics/Projects/CORI/cori_ws/build/cori_core/prefix_override:/usr/lib/python3/dist-packages/colcon_core/task/python/colcon_distutils_commands:/home/juptegraph/Workspaces/Robotics/Projects/CORI/cori_ws/install/cori_core/lib/python3.10/site-packages:${PYTHONPATH} /usr/bin/python3 -W ignore:setup.py install is deprecated -W ignore:easy_install command is deprecated setup.py egg_info --egg-base ../../build/cori_core build --build-base /home/juptegraph/Workspaces/Robotics/Projects/CORI/cori_ws/build/cori_core/build install --record /home/juptegraph/Workspaces/Robotics/Projects/CORI/cori_ws/build/cori_core/install.log --single-version-externally-managed install_data
[2.641s] DEBUG:colcon.colcon_core.event_handler.log_command:Invoking command in '/home/juptegraph/Workspaces/Robotics/Projects/CORI/cori_ws/src/cori_tools': PYTHONPATH=/home/juptegraph/Workspaces/Robotics/Projects/CORI/cori_ws/build/cori_tools/prefix_override:/usr/lib/python3/dist-packages/colcon_core/task/python/colcon_distutils_commands:/home/juptegraph/Workspaces/Robotics/Projects/CORI/cori_ws/install/cori_tools/lib/python3.10/site-packages:${PYTHONPATH} /usr/bin/python3 -W ignore:setup.py install is deprecated -W ignore:easy_install command is deprecated setup.py egg_info --egg-base ../../build/cori_tools build --build-base /home/juptegraph/Workspaces/Robotics/Projects/CORI/cori_ws/build/cori_tools/build install --record /home/juptegraph/Workspaces/Robotics/Projects/CORI/cori_ws/build/cori_tools/install.log --single-version-externally-managed install_data
[2.672s] DEBUG:colcon.colcon_core.event_handler.log_command:Invoking command in '/home/juptegraph/Workspaces/Robotics/Projects/CORI/cori_ws/src/cori_hardware': PYTHONPATH=/home/juptegraph/Workspaces/Robotics/Projects/CORI/cori_ws/build/cori_hardware/prefix_override:/usr/lib/python3/dist-packages/colcon_core/task/python/colcon_distutils_commands:/home/juptegraph/Workspaces/Robotics/Projects/CORI/cori_ws/install/cori_hardware/lib/python3.10/site-packages:${PYTHONPATH} /usr/bin/python3 -W ignore:setup.py install is deprecated -W ignore:easy_install command is deprecated setup.py egg_info --egg-base ../../build/cori_hardware build --build-base /home/juptegraph/Workspaces/Robotics/Projects/CORI/cori_ws/build/cori_hardware/build install --record /home/juptegraph/Workspaces/Robotics/Projects/CORI/cori_ws/build/cori_hardware/install.log --single-version-externally-managed install_data
[2.697s] DEBUG:colcon.colcon_core.event_handler.log_command:Invoking command in '/home/juptegraph/Workspaces/Robotics/Projects/CORI/cori_ws/src/cori_control': PYTHONPATH=/home/juptegraph/Workspaces/Robotics/Projects/CORI/cori_ws/build/cori_control/prefix_override:/usr/lib/python3/dist-packages/colcon_core/task/python/colcon_distutils_commands:/home/juptegraph/Workspaces/Robotics/Projects/CORI/cori_ws/install/cori_control/lib/python3.10/site-packages:${PYTHONPATH} /usr/bin/python3 -W ignore:setup.py install is deprecated -W ignore:easy_install command is deprecated setup.py egg_info --egg-base ../../build/cori_control build --build-base /home/juptegraph/Workspaces/Robotics/Projects/CORI/cori_ws/build/cori_control/build install --record /home/juptegraph/Workspaces/Robotics/Projects/CORI/cori_ws/build/cori_control/install.log --single-version-externally-managed install_data
[2.710s] DEBUG:colcon.colcon_core.event_handler.log_command:Invoking command in '/home/juptegraph/Workspaces/Robotics/Projects/CORI/cori_ws/src/cori_vision': PYTHONPATH=/home/juptegraph/Workspaces/Robotics/Projects/CORI/cori_ws/build/cori_vision/prefix_override:/usr/lib/python3/dist-packages/colcon_core/task/python/colcon_distutils_commands:/home/juptegraph/Workspaces/Robotics/Projects/CORI/cori_ws/install/cori_vision/lib/python3.10/site-packages:${PYTHONPATH} /usr/bin/python3 -W ignore:setup.py install is deprecated -W ignore:easy_install command is deprecated setup.py egg_info --egg-base ../../build/cori_vision build --build-base /home/juptegraph/Workspaces/Robotics/Projects/CORI/cori_ws/build/cori_vision/build install --record /home/juptegraph/Workspaces/Robotics/Projects/CORI/cori_ws/build/cori_vision/install.log --single-version-externally-managed install_data
[2.743s] DEBUG:colcon.colcon_core.event_handler.log_command:Invoking command in '/home/juptegraph/Workspaces/Robotics/Projects/CORI/cori_ws/src/cori_gui': PYTHONPATH=/home/juptegraph/Workspaces/Robotics/Projects/CORI/cori_ws/build/cori_gui/prefix_override:/usr/lib/python3/dist-packages/colcon_core/task/python/colcon_distutils_commands:/home/juptegraph/Workspaces/Robotics/Projects/CORI/cori_ws/install/cori_gui/lib/python3.10/site-packages:${PYTHONPATH} /usr/bin/python3 -W ignore:setup.py install is deprecated -W ignore:easy_install command is deprecated setup.py egg_info --egg-base ../../build/cori_gui build --build-base /home/juptegraph/Workspaces/Robotics/Projects/CORI/cori_ws/build/cori_gui/build install --record /home/juptegraph/Workspaces/Robotics/Projects/CORI/cori_ws/build/cori_gui/install.log --single-version-externally-managed install_data
[2.778s] DEBUG:colcon.colcon_parallel_executor.executor.parallel:run_until_complete was interrupted
[2.779s] DEBUG:colcon.colcon_parallel_executor.executor.parallel:run_until_complete again
[2.808s] DEBUG:colcon.colcon_core.event_handler.log_command:Invoked command in '/home/juptegraph/Workspaces/Robotics/Projects/CORI/cori_ws/src/cori_gui' returned '-2': PYTHONPATH=/home/juptegraph/Workspaces/Robotics/Projects/CORI/cori_ws/build/cori_gui/prefix_override:/usr/lib/python3/dist-packages/colcon_core/task/python/colcon_distutils_commands:/home/juptegraph/Workspaces/Robotics/Projects/CORI/cori_ws/install/cori_gui/lib/python3.10/site-packages:${PYTHONPATH} /usr/bin/python3 -W ignore:setup.py install is deprecated -W ignore:easy_install command is deprecated setup.py egg_info --egg-base ../../build/cori_gui build --build-base /home/juptegraph/Workspaces/Robotics/Projects/CORI/cori_ws/build/cori_gui/build install --record /home/juptegraph/Workspaces/Robotics/Projects/CORI/cori_ws/build/cori_gui/install.log --single-version-externally-managed install_data
[2.841s] DEBUG:colcon.colcon_parallel_executor.executor.parallel:run_until_complete finished
[2.841s] DEBUG:colcon.colcon_parallel_executor.executor.parallel:closing loop
[2.842s] DEBUG:colcon.colcon_parallel_executor.executor.parallel:loop closed
[2.842s] DEBUG:colcon.colcon_core.event_reactor:joining thread
[2.850s] INFO:colcon.colcon_core.plugin_system:Skipping extension 'colcon_notification.desktop_notification.terminal_notifier': Not used on non-Darwin systems
[2.850s] INFO:colcon.colcon_core.plugin_system:Skipping extension 'colcon_notification.desktop_notification.win32': Not used on non-Windows systems
[2.850s] INFO:colcon.colcon_notification.desktop_notification:Sending desktop notification using 'notify2'
[2.870s] DEBUG:colcon.colcon_core.event_reactor:joined thread
[2.871s] INFO:colcon.colcon_core.shell:Creating prefix script '/home/juptegraph/Workspaces/Robotics/Projects/CORI/cori_ws/install/local_setup.ps1'
[2.872s] INFO:colcon.colcon_core.shell:Creating prefix util module '/home/juptegraph/Workspaces/Robotics/Projects/CORI/cori_ws/install/_local_setup_util_ps1.py'
[2.875s] INFO:colcon.colcon_core.shell:Creating prefix chain script '/home/juptegraph/Workspaces/Robotics/Projects/CORI/cori_ws/install/setup.ps1'
[2.876s] INFO:colcon.colcon_core.shell:Creating prefix script '/home/juptegraph/Workspaces/Robotics/Projects/CORI/cori_ws/install/local_setup.sh'
[2.877s] INFO:colcon.colcon_core.shell:Creating prefix util module '/home/juptegraph/Workspaces/Robotics/Projects/CORI/cori_ws/install/_local_setup_util_sh.py'
[2.877s] INFO:colcon.colcon_core.shell:Creating prefix chain script '/home/juptegraph/Workspaces/Robotics/Projects/CORI/cori_ws/install/setup.sh'
[2.879s] INFO:colcon.colcon_core.shell:Creating prefix script '/home/juptegraph/Workspaces/Robotics/Projects/CORI/cori_ws/install/local_setup.bash'
[2.879s] INFO:colcon.colcon_core.shell:Creating prefix chain script '/home/juptegraph/Workspaces/Robotics/Projects/CORI/cori_ws/install/setup.bash'
[2.880s] INFO:colcon.colcon_core.shell:Creating prefix script '/home/juptegraph/Workspaces/Robotics/Projects/CORI/cori_ws/install/local_setup.zsh'
[2.881s] INFO:colcon.colcon_core.shell:Creating prefix chain script '/home/juptegraph/Workspaces/Robotics/Projects/CORI/cori_ws/install/setup.zsh'
