[2.740s] Invoking command in '/home/juptegraph/Workspaces/Robotics/Projects/CORI/cori_ws/src/cori_core': PYTHONPATH=/home/juptegraph/Workspaces/Robotics/Projects/CORI/cori_ws/build/cori_core/prefix_override:/usr/lib/python3/dist-packages/colcon_core/task/python/colcon_distutils_commands:/home/juptegraph/Workspaces/Robotics/Projects/CORI/cori_ws/install/cori_core/lib/python3.10/site-packages:${PYTHONPATH} /usr/bin/python3 -W ignore:setup.py install is deprecated -W ignore:easy_install command is deprecated setup.py egg_info --egg-base ../../build/cori_core build --build-base /home/juptegraph/Workspaces/Robotics/Projects/CORI/cori_ws/build/cori_core/build install --record /home/juptegraph/Workspaces/Robotics/Projects/CORI/cori_ws/build/cori_core/install.log --single-version-externally-managed install_data
[3.064s] running egg_info
[3.065s] creating ../../build/cori_core/cori_core.egg-info
[3.065s] writing ../../build/cori_core/cori_core.egg-info/PKG-INFO
[3.065s] writing dependency_links to ../../build/cori_core/cori_core.egg-info/dependency_links.txt
[3.066s] writing entry points to ../../build/cori_core/cori_core.egg-info/entry_points.txt
[3.066s] writing requirements to ../../build/cori_core/cori_core.egg-info/requires.txt
[3.066s] writing top-level names to ../../build/cori_core/cori_core.egg-info/top_level.txt
[3.066s] writing manifest file '../../build/cori_core/cori_core.egg-info/SOURCES.txt'
[3.068s] reading manifest file '../../build/cori_core/cori_core.egg-info/SOURCES.txt'
[3.070s] writing manifest file '../../build/cori_core/cori_core.egg-info/SOURCES.txt'
[3.070s] running build
[3.070s] running build_py
[3.072s] creating /home/juptegraph/Workspaces/Robotics/Projects/CORI/cori_ws/build/cori_core/build
[3.073s] creating /home/juptegraph/Workspaces/Robotics/Projects/CORI/cori_ws/build/cori_core/build/lib
[3.073s] creating /home/juptegraph/Workspaces/Robotics/Projects/CORI/cori_ws/build/cori_core/build/lib/cori_core
[3.073s] copying cori_core/database_manager.py -> /home/juptegraph/Workspaces/Robotics/Projects/CORI/cori_ws/build/cori_core/build/lib/cori_core
[3.073s] copying cori_core/__init__.py -> /home/juptegraph/Workspaces/Robotics/Projects/CORI/cori_ws/build/cori_core/build/lib/cori_core
[3.073s] copying cori_core/spatial_database.py -> /home/juptegraph/Workspaces/Robotics/Projects/CORI/cori_ws/build/cori_core/build/lib/cori_core
[3.073s] running install
[3.073s] running install_lib
[3.073s] creating /home/juptegraph/Workspaces/Robotics/Projects/CORI/cori_ws/install/cori_core/lib/python3.10/site-packages/cori_core
[3.073s] copying /home/juptegraph/Workspaces/Robotics/Projects/CORI/cori_ws/build/cori_core/build/lib/cori_core/database_manager.py -> /home/juptegraph/Workspaces/Robotics/Projects/CORI/cori_ws/install/cori_core/lib/python3.10/site-packages/cori_core
[3.073s] copying /home/juptegraph/Workspaces/Robotics/Projects/CORI/cori_ws/build/cori_core/build/lib/cori_core/__init__.py -> /home/juptegraph/Workspaces/Robotics/Projects/CORI/cori_ws/install/cori_core/lib/python3.10/site-packages/cori_core
[3.073s] copying /home/juptegraph/Workspaces/Robotics/Projects/CORI/cori_ws/build/cori_core/build/lib/cori_core/spatial_database.py -> /home/juptegraph/Workspaces/Robotics/Projects/CORI/cori_ws/install/cori_core/lib/python3.10/site-packages/cori_core
[3.074s] byte-compiling /home/juptegraph/Workspaces/Robotics/Projects/CORI/cori_ws/install/cori_core/lib/python3.10/site-packages/cori_core/database_manager.py to database_manager.cpython-310.pyc
[3.078s] byte-compiling /home/juptegraph/Workspaces/Robotics/Projects/CORI/cori_ws/install/cori_core/lib/python3.10/site-packages/cori_core/__init__.py to __init__.cpython-310.pyc
[3.078s] byte-compiling /home/juptegraph/Workspaces/Robotics/Projects/CORI/cori_ws/install/cori_core/lib/python3.10/site-packages/cori_core/spatial_database.py to spatial_database.cpython-310.pyc
[3.081s] running install_data
[3.082s] creating /home/juptegraph/Workspaces/Robotics/Projects/CORI/cori_ws/install/cori_core/share/ament_index
[3.082s] creating /home/juptegraph/Workspaces/Robotics/Projects/CORI/cori_ws/install/cori_core/share/ament_index/resource_index
[3.082s] creating /home/juptegraph/Workspaces/Robotics/Projects/CORI/cori_ws/install/cori_core/share/ament_index/resource_index/packages
[3.082s] copying resource/cori_core -> /home/juptegraph/Workspaces/Robotics/Projects/CORI/cori_ws/install/cori_core/share/ament_index/resource_index/packages
[3.082s] copying package.xml -> /home/juptegraph/Workspaces/Robotics/Projects/CORI/cori_ws/install/cori_core/share/cori_core
[3.083s] running install_egg_info
[3.087s] Copying ../../build/cori_core/cori_core.egg-info to /home/juptegraph/Workspaces/Robotics/Projects/CORI/cori_ws/install/cori_core/lib/python3.10/site-packages/cori_core-1.0.0-py3.10.egg-info
[3.088s] running install_scripts
[3.122s] Installing database_manager script to /home/juptegraph/Workspaces/Robotics/Projects/CORI/cori_ws/install/cori_core/bin
[3.123s] writing list of installed files to '/home/juptegraph/Workspaces/Robotics/Projects/CORI/cori_ws/build/cori_core/install.log'
[3.164s] Invoked command in '/home/juptegraph/Workspaces/Robotics/Projects/CORI/cori_ws/src/cori_core' returned '0': PYTHONPATH=/home/juptegraph/Workspaces/Robotics/Projects/CORI/cori_ws/build/cori_core/prefix_override:/usr/lib/python3/dist-packages/colcon_core/task/python/colcon_distutils_commands:/home/juptegraph/Workspaces/Robotics/Projects/CORI/cori_ws/install/cori_core/lib/python3.10/site-packages:${PYTHONPATH} /usr/bin/python3 -W ignore:setup.py install is deprecated -W ignore:easy_install command is deprecated setup.py egg_info --egg-base ../../build/cori_core build --build-base /home/juptegraph/Workspaces/Robotics/Projects/CORI/cori_ws/build/cori_core/build install --record /home/juptegraph/Workspaces/Robotics/Projects/CORI/cori_ws/build/cori_core/install.log --single-version-externally-managed install_data
