[0.529s] Invoking command in '/home/juptegraph/Workspaces/Robotics/Projects/CORI/cori_ws/build/cori_description': CMAKE_PREFIX_PATH=${CMAKE_PREFIX_PATH}:/home/juptegraph/Workspaces/Robotics/Projects/CORI/cori_ws/install/cori_vision:/home/juptegraph/Workspaces/Robotics/Projects/CORI/cori_ws/install/cori_tools:/home/juptegraph/Workspaces/Robotics/Projects/CORI/cori_ws/install/cori_simulation:/home/juptegraph/Workspaces/Robotics/Projects/CORI/cori_ws/install/cori_hardware:/home/juptegraph/Workspaces/Robotics/Projects/CORI/cori_ws/install/cori_gui:/home/juptegraph/Workspaces/Robotics/Projects/CORI/cori_ws/install/cori_core:/home/juptegraph/Workspaces/Robotics/Projects/CORI/cori_ws/install/cori_control:/opt/ros/humble /usr/bin/cmake /home/juptegraph/Workspaces/Robotics/Projects/CORI/cori_ws/src/cori_description -DCMAKE_INSTALL_PREFIX=/home/juptegraph/Workspaces/Robotics/Projects/CORI/cori_ws/install/cori_description
[1.255s] -- The C compiler identification is GNU 11.4.0
[1.255s] -- The CXX compiler identification is GNU 11.4.0
[1.255s] -- Detecting C compiler ABI info
[1.255s] -- Detecting C compiler ABI info - done
[1.255s] -- Check for working C compiler: /usr/bin/cc - skipped
[1.255s] -- Detecting C compile features
[1.255s] -- Detecting C compile features - done
[1.255s] -- Detecting CXX compiler ABI info
[1.255s] -- Detecting CXX compiler ABI info - done
[1.255s] -- Check for working CXX compiler: /usr/bin/c++ - skipped
[1.255s] -- Detecting CXX compile features
[1.255s] -- Detecting CXX compile features - done
[1.255s] -- Found ament_cmake: 1.3.11 (/opt/ros/humble/share/ament_cmake/cmake)
[1.255s] -- Found Python3: /usr/bin/python3 (found version "3.10.12") found components: Interpreter 
[1.255s] -- Found ament_lint_auto: 0.12.12 (/opt/ros/humble/share/ament_lint_auto/cmake)
[1.255s] -- Added test 'flake8' to check Python code syntax and style conventions
[1.255s] -- Added test 'lint_cmake' to check CMake code style
[1.255s] -- Added test 'pep257' to check Python code against some of the docstring style conventions in PEP 257
[1.255s] -- Added test 'xmllint' to check XML markup files
[1.255s] -- Configuring done
[1.255s] -- Generating done
[1.255s] -- Build files have been written to: /home/juptegraph/Workspaces/Robotics/Projects/CORI/cori_ws/build/cori_description
[1.483s] Invoked command in '/home/juptegraph/Workspaces/Robotics/Projects/CORI/cori_ws/build/cori_description' returned '0': CMAKE_PREFIX_PATH=${CMAKE_PREFIX_PATH}:/home/juptegraph/Workspaces/Robotics/Projects/CORI/cori_ws/install/cori_vision:/home/juptegraph/Workspaces/Robotics/Projects/CORI/cori_ws/install/cori_tools:/home/juptegraph/Workspaces/Robotics/Projects/CORI/cori_ws/install/cori_simulation:/home/juptegraph/Workspaces/Robotics/Projects/CORI/cori_ws/install/cori_hardware:/home/juptegraph/Workspaces/Robotics/Projects/CORI/cori_ws/install/cori_gui:/home/juptegraph/Workspaces/Robotics/Projects/CORI/cori_ws/install/cori_core:/home/juptegraph/Workspaces/Robotics/Projects/CORI/cori_ws/install/cori_control:/opt/ros/humble /usr/bin/cmake /home/juptegraph/Workspaces/Robotics/Projects/CORI/cori_ws/src/cori_description -DCMAKE_INSTALL_PREFIX=/home/juptegraph/Workspaces/Robotics/Projects/CORI/cori_ws/install/cori_description
[1.485s] Invoking command in '/home/juptegraph/Workspaces/Robotics/Projects/CORI/cori_ws/build/cori_description': CMAKE_PREFIX_PATH=${CMAKE_PREFIX_PATH}:/home/juptegraph/Workspaces/Robotics/Projects/CORI/cori_ws/install/cori_vision:/home/juptegraph/Workspaces/Robotics/Projects/CORI/cori_ws/install/cori_tools:/home/juptegraph/Workspaces/Robotics/Projects/CORI/cori_ws/install/cori_simulation:/home/juptegraph/Workspaces/Robotics/Projects/CORI/cori_ws/install/cori_hardware:/home/juptegraph/Workspaces/Robotics/Projects/CORI/cori_ws/install/cori_gui:/home/juptegraph/Workspaces/Robotics/Projects/CORI/cori_ws/install/cori_core:/home/juptegraph/Workspaces/Robotics/Projects/CORI/cori_ws/install/cori_control:/opt/ros/humble /usr/bin/cmake --build /home/juptegraph/Workspaces/Robotics/Projects/CORI/cori_ws/build/cori_description -- -j20 -l20
[1.534s] Invoked command in '/home/juptegraph/Workspaces/Robotics/Projects/CORI/cori_ws/build/cori_description' returned '0': CMAKE_PREFIX_PATH=${CMAKE_PREFIX_PATH}:/home/juptegraph/Workspaces/Robotics/Projects/CORI/cori_ws/install/cori_vision:/home/juptegraph/Workspaces/Robotics/Projects/CORI/cori_ws/install/cori_tools:/home/juptegraph/Workspaces/Robotics/Projects/CORI/cori_ws/install/cori_simulation:/home/juptegraph/Workspaces/Robotics/Projects/CORI/cori_ws/install/cori_hardware:/home/juptegraph/Workspaces/Robotics/Projects/CORI/cori_ws/install/cori_gui:/home/juptegraph/Workspaces/Robotics/Projects/CORI/cori_ws/install/cori_core:/home/juptegraph/Workspaces/Robotics/Projects/CORI/cori_ws/install/cori_control:/opt/ros/humble /usr/bin/cmake --build /home/juptegraph/Workspaces/Robotics/Projects/CORI/cori_ws/build/cori_description -- -j20 -l20
[1.543s] Invoking command in '/home/juptegraph/Workspaces/Robotics/Projects/CORI/cori_ws/build/cori_description': CMAKE_PREFIX_PATH=${CMAKE_PREFIX_PATH}:/home/juptegraph/Workspaces/Robotics/Projects/CORI/cori_ws/install/cori_vision:/home/juptegraph/Workspaces/Robotics/Projects/CORI/cori_ws/install/cori_tools:/home/juptegraph/Workspaces/Robotics/Projects/CORI/cori_ws/install/cori_simulation:/home/juptegraph/Workspaces/Robotics/Projects/CORI/cori_ws/install/cori_hardware:/home/juptegraph/Workspaces/Robotics/Projects/CORI/cori_ws/install/cori_gui:/home/juptegraph/Workspaces/Robotics/Projects/CORI/cori_ws/install/cori_core:/home/juptegraph/Workspaces/Robotics/Projects/CORI/cori_ws/install/cori_control:/opt/ros/humble /usr/bin/cmake --install /home/juptegraph/Workspaces/Robotics/Projects/CORI/cori_ws/build/cori_description
[1.554s] -- Install configuration: ""
[1.554s] -- Installing: /home/juptegraph/Workspaces/Robotics/Projects/CORI/cori_ws/install/cori_description/share/cori_description/meshes/
[1.554s] -- Installing: /home/juptegraph/Workspaces/Robotics/Projects/CORI/cori_ws/install/cori_description/share/cori_description/meshes//cori_body_v1.0
[1.554s] -- Installing: /home/juptegraph/Workspaces/Robotics/Projects/CORI/cori_ws/install/cori_description/share/cori_description/meshes//cori_body_v1.0/cori_pelvis.stl
[1.557s] -- Installing: /home/juptegraph/Workspaces/Robotics/Projects/CORI/cori_ws/install/cori_description/share/cori_description/meshes//cori_body_v1.0/cori_left_shin.stl
[1.558s] -- Installing: /home/juptegraph/Workspaces/Robotics/Projects/CORI/cori_ws/install/cori_description/share/cori_description/meshes//cori_body_v1.0/cori_right_foot.stl
[1.559s] -- Installing: /home/juptegraph/Workspaces/Robotics/Projects/CORI/cori_ws/install/cori_description/share/cori_description/meshes//cori_body_v1.0/cori_left_knee.stl
[1.560s] -- Installing: /home/juptegraph/Workspaces/Robotics/Projects/CORI/cori_ws/install/cori_description/share/cori_description/meshes//cori_body_v1.0/cori_left_forearm.stl
[1.562s] -- Installing: /home/juptegraph/Workspaces/Robotics/Projects/CORI/cori_ws/install/cori_description/share/cori_description/meshes//cori_body_v1.0/cori_left_thigh.stl
[1.564s] -- Installing: /home/juptegraph/Workspaces/Robotics/Projects/CORI/cori_ws/install/cori_description/share/cori_description/meshes//cori_body_v1.0/cori_right_hand.stl
[1.566s] -- Installing: /home/juptegraph/Workspaces/Robotics/Projects/CORI/cori_ws/install/cori_description/share/cori_description/meshes//cori_body_v1.0/cori_right_upper_arm.stl
[1.568s] -- Installing: /home/juptegraph/Workspaces/Robotics/Projects/CORI/cori_ws/install/cori_description/share/cori_description/meshes//cori_body_v1.0/cori_torso.stl
[1.573s] -- Installing: /home/juptegraph/Workspaces/Robotics/Projects/CORI/cori_ws/install/cori_description/share/cori_description/meshes//cori_body_v1.0/cori_right_forearm.stl
[1.575s] -- Installing: /home/juptegraph/Workspaces/Robotics/Projects/CORI/cori_ws/install/cori_description/share/cori_description/meshes//cori_body_v1.0/cori_right_knee.stl
[1.576s] -- Installing: /home/juptegraph/Workspaces/Robotics/Projects/CORI/cori_ws/install/cori_description/share/cori_description/meshes//cori_body_v1.0/cori_left_hand.stl
[1.577s] -- Installing: /home/juptegraph/Workspaces/Robotics/Projects/CORI/cori_ws/install/cori_description/share/cori_description/meshes//cori_body_v1.0/cori_right_shin.stl
[1.578s] -- Installing: /home/juptegraph/Workspaces/Robotics/Projects/CORI/cori_ws/install/cori_description/share/cori_description/meshes//cori_body_v1.0/cori_right_thigh.stl
[1.581s] -- Installing: /home/juptegraph/Workspaces/Robotics/Projects/CORI/cori_ws/install/cori_description/share/cori_description/meshes//cori_body_v1.0/cori_left_upper_arm.stl
[1.583s] -- Installing: /home/juptegraph/Workspaces/Robotics/Projects/CORI/cori_ws/install/cori_description/share/cori_description/meshes//cori_body_v1.0/cori_head.stl
[1.587s] -- Installing: /home/juptegraph/Workspaces/Robotics/Projects/CORI/cori_ws/install/cori_description/share/cori_description/meshes//cori_body_v1.0/cori_left_foot.stl
[1.588s] -- Installing: /home/juptegraph/Workspaces/Robotics/Projects/CORI/cori_ws/install/cori_description/share/cori_description/meshes//mesh archive
[1.588s] -- Installing: /home/juptegraph/Workspaces/Robotics/Projects/CORI/cori_ws/install/cori_description/share/cori_description/meshes//CORI_Solid.stl
[1.589s] -- Installing: /home/juptegraph/Workspaces/Robotics/Projects/CORI/cori_ws/install/cori_description/share/cori_description/launch
[1.589s] -- Installing: /home/juptegraph/Workspaces/Robotics/Projects/CORI/cori_ws/install/cori_description/share/cori_description/launch/display_rviz.launch.py
[1.590s] -- Installing: /home/juptegraph/Workspaces/Robotics/Projects/CORI/cori_ws/install/cori_description/share/cori_description/launch/spawn_cori_ignition.launch.py
[1.590s] -- Installing: /home/juptegraph/Workspaces/Robotics/Projects/CORI/cori_ws/install/cori_description/share/cori_description/launch/spawn_cori.launch.py
[1.590s] -- Up-to-date: /home/juptegraph/Workspaces/Robotics/Projects/CORI/cori_ws/install/cori_description/share/cori_description/meshes
[1.590s] -- Up-to-date: /home/juptegraph/Workspaces/Robotics/Projects/CORI/cori_ws/install/cori_description/share/cori_description/meshes/cori_body_v1.0
[1.590s] -- Up-to-date: /home/juptegraph/Workspaces/Robotics/Projects/CORI/cori_ws/install/cori_description/share/cori_description/meshes/cori_body_v1.0/cori_pelvis.stl
[1.590s] -- Up-to-date: /home/juptegraph/Workspaces/Robotics/Projects/CORI/cori_ws/install/cori_description/share/cori_description/meshes/cori_body_v1.0/cori_left_shin.stl
[1.590s] -- Up-to-date: /home/juptegraph/Workspaces/Robotics/Projects/CORI/cori_ws/install/cori_description/share/cori_description/meshes/cori_body_v1.0/cori_right_foot.stl
[1.591s] -- Up-to-date: /home/juptegraph/Workspaces/Robotics/Projects/CORI/cori_ws/install/cori_description/share/cori_description/meshes/cori_body_v1.0/cori_left_knee.stl
[1.591s] -- Up-to-date: /home/juptegraph/Workspaces/Robotics/Projects/CORI/cori_ws/install/cori_description/share/cori_description/meshes/cori_body_v1.0/cori_left_forearm.stl
[1.591s] -- Up-to-date: /home/juptegraph/Workspaces/Robotics/Projects/CORI/cori_ws/install/cori_description/share/cori_description/meshes/cori_body_v1.0/cori_left_thigh.stl
[1.592s] -- Up-to-date: /home/juptegraph/Workspaces/Robotics/Projects/CORI/cori_ws/install/cori_description/share/cori_description/meshes/cori_body_v1.0/cori_right_hand.stl
[1.592s] -- Up-to-date: /home/juptegraph/Workspaces/Robotics/Projects/CORI/cori_ws/install/cori_description/share/cori_description/meshes/cori_body_v1.0/cori_right_upper_arm.stl
[1.592s] -- Up-to-date: /home/juptegraph/Workspaces/Robotics/Projects/CORI/cori_ws/install/cori_description/share/cori_description/meshes/cori_body_v1.0/cori_torso.stl
[1.592s] -- Up-to-date: /home/juptegraph/Workspaces/Robotics/Projects/CORI/cori_ws/install/cori_description/share/cori_description/meshes/cori_body_v1.0/cori_right_forearm.stl
[1.592s] -- Up-to-date: /home/juptegraph/Workspaces/Robotics/Projects/CORI/cori_ws/install/cori_description/share/cori_description/meshes/cori_body_v1.0/cori_right_knee.stl
[1.592s] -- Up-to-date: /home/juptegraph/Workspaces/Robotics/Projects/CORI/cori_ws/install/cori_description/share/cori_description/meshes/cori_body_v1.0/cori_left_hand.stl
[1.592s] -- Up-to-date: /home/juptegraph/Workspaces/Robotics/Projects/CORI/cori_ws/install/cori_description/share/cori_description/meshes/cori_body_v1.0/cori_right_shin.stl
[1.592s] -- Up-to-date: /home/juptegraph/Workspaces/Robotics/Projects/CORI/cori_ws/install/cori_description/share/cori_description/meshes/cori_body_v1.0/cori_right_thigh.stl
[1.592s] -- Up-to-date: /home/juptegraph/Workspaces/Robotics/Projects/CORI/cori_ws/install/cori_description/share/cori_description/meshes/cori_body_v1.0/cori_left_upper_arm.stl
[1.592s] -- Up-to-date: /home/juptegraph/Workspaces/Robotics/Projects/CORI/cori_ws/install/cori_description/share/cori_description/meshes/cori_body_v1.0/cori_head.stl
[1.593s] -- Up-to-date: /home/juptegraph/Workspaces/Robotics/Projects/CORI/cori_ws/install/cori_description/share/cori_description/meshes/cori_body_v1.0/cori_left_foot.stl
[1.593s] -- Up-to-date: /home/juptegraph/Workspaces/Robotics/Projects/CORI/cori_ws/install/cori_description/share/cori_description/meshes/mesh archive
[1.593s] -- Up-to-date: /home/juptegraph/Workspaces/Robotics/Projects/CORI/cori_ws/install/cori_description/share/cori_description/meshes/CORI_Solid.stl
[1.593s] -- Installing: /home/juptegraph/Workspaces/Robotics/Projects/CORI/cori_ws/install/cori_description/share/cori_description/urdf
[1.593s] -- Installing: /home/juptegraph/Workspaces/Robotics/Projects/CORI/cori_ws/install/cori_description/share/cori_description/urdf/cori.urdf.xacro
[1.593s] -- Installing: /home/juptegraph/Workspaces/Robotics/Projects/CORI/cori_ws/install/cori_description/share/cori_description/worlds
[1.593s] -- Installing: /home/juptegraph/Workspaces/Robotics/Projects/CORI/cori_ws/install/cori_description/share/cori_description/worlds/laundry_world.sdf
[1.593s] -- Installing: /home/juptegraph/Workspaces/Robotics/Projects/CORI/cori_ws/install/cori_description/share/cori_description/worlds/simple_world.sdf
[1.593s] -- Installing: /home/juptegraph/Workspaces/Robotics/Projects/CORI/cori_ws/install/cori_description/share/ament_index/resource_index/package_run_dependencies/cori_description
[1.593s] -- Installing: /home/juptegraph/Workspaces/Robotics/Projects/CORI/cori_ws/install/cori_description/share/ament_index/resource_index/parent_prefix_path/cori_description
[1.594s] -- Installing: /home/juptegraph/Workspaces/Robotics/Projects/CORI/cori_ws/install/cori_description/share/cori_description/environment/ament_prefix_path.sh
[1.594s] -- Installing: /home/juptegraph/Workspaces/Robotics/Projects/CORI/cori_ws/install/cori_description/share/cori_description/environment/ament_prefix_path.dsv
[1.594s] -- Installing: /home/juptegraph/Workspaces/Robotics/Projects/CORI/cori_ws/install/cori_description/share/cori_description/environment/path.sh
[1.594s] -- Installing: /home/juptegraph/Workspaces/Robotics/Projects/CORI/cori_ws/install/cori_description/share/cori_description/environment/path.dsv
[1.594s] -- Installing: /home/juptegraph/Workspaces/Robotics/Projects/CORI/cori_ws/install/cori_description/share/cori_description/local_setup.bash
[1.594s] -- Installing: /home/juptegraph/Workspaces/Robotics/Projects/CORI/cori_ws/install/cori_description/share/cori_description/local_setup.sh
[1.594s] -- Installing: /home/juptegraph/Workspaces/Robotics/Projects/CORI/cori_ws/install/cori_description/share/cori_description/local_setup.zsh
[1.594s] -- Installing: /home/juptegraph/Workspaces/Robotics/Projects/CORI/cori_ws/install/cori_description/share/cori_description/local_setup.dsv
[1.594s] -- Installing: /home/juptegraph/Workspaces/Robotics/Projects/CORI/cori_ws/install/cori_description/share/cori_description/package.dsv
[1.595s] -- Installing: /home/juptegraph/Workspaces/Robotics/Projects/CORI/cori_ws/install/cori_description/share/ament_index/resource_index/packages/cori_description
[1.595s] -- Installing: /home/juptegraph/Workspaces/Robotics/Projects/CORI/cori_ws/install/cori_description/share/cori_description/cmake/cori_descriptionConfig.cmake
[1.595s] -- Installing: /home/juptegraph/Workspaces/Robotics/Projects/CORI/cori_ws/install/cori_description/share/cori_description/cmake/cori_descriptionConfig-version.cmake
[1.595s] -- Installing: /home/juptegraph/Workspaces/Robotics/Projects/CORI/cori_ws/install/cori_description/share/cori_description/package.xml
[1.598s] Invoked command in '/home/juptegraph/Workspaces/Robotics/Projects/CORI/cori_ws/build/cori_description' returned '0': CMAKE_PREFIX_PATH=${CMAKE_PREFIX_PATH}:/home/juptegraph/Workspaces/Robotics/Projects/CORI/cori_ws/install/cori_vision:/home/juptegraph/Workspaces/Robotics/Projects/CORI/cori_ws/install/cori_tools:/home/juptegraph/Workspaces/Robotics/Projects/CORI/cori_ws/install/cori_simulation:/home/juptegraph/Workspaces/Robotics/Projects/CORI/cori_ws/install/cori_hardware:/home/juptegraph/Workspaces/Robotics/Projects/CORI/cori_ws/install/cori_gui:/home/juptegraph/Workspaces/Robotics/Projects/CORI/cori_ws/install/cori_core:/home/juptegraph/Workspaces/Robotics/Projects/CORI/cori_ws/install/cori_control:/opt/ros/humble /usr/bin/cmake --install /home/juptegraph/Workspaces/Robotics/Projects/CORI/cori_ws/build/cori_description
