[1.824s] Invoking command in '/home/juptegraph/Workspaces/Robotics/Projects/CORI/cori_ws/src/cori_hardware': PYTHONPATH=/home/juptegraph/Workspaces/Robotics/Projects/CORI/cori_ws/build/cori_hardware/prefix_override:/usr/lib/python3/dist-packages/colcon_core/task/python/colcon_distutils_commands:/home/juptegraph/Workspaces/Robotics/Projects/CORI/cori_ws/install/cori_hardware/lib/python3.10/site-packages:${PYTHONPATH} /usr/bin/python3 -W ignore:setup.py install is deprecated -W ignore:easy_install command is deprecated setup.py egg_info --egg-base ../../build/cori_hardware build --build-base /home/juptegraph/Workspaces/Robotics/Projects/CORI/cori_ws/build/cori_hardware/build install --record /home/juptegraph/Workspaces/Robotics/Projects/CORI/cori_ws/build/cori_hardware/install.log --single-version-externally-managed install_data
[2.056s] running egg_info
[2.057s] creating ../../build/cori_hardware/cori_hardware.egg-info
[2.057s] writing ../../build/cori_hardware/cori_hardware.egg-info/PKG-INFO
[2.057s] writing dependency_links to ../../build/cori_hardware/cori_hardware.egg-info/dependency_links.txt
[2.058s] writing entry points to ../../build/cori_hardware/cori_hardware.egg-info/entry_points.txt
[2.058s] writing requirements to ../../build/cori_hardware/cori_hardware.egg-info/requires.txt
[2.058s] writing top-level names to ../../build/cori_hardware/cori_hardware.egg-info/top_level.txt
[2.058s] writing manifest file '../../build/cori_hardware/cori_hardware.egg-info/SOURCES.txt'
[2.059s] reading manifest file '../../build/cori_hardware/cori_hardware.egg-info/SOURCES.txt'
[2.060s] writing manifest file '../../build/cori_hardware/cori_hardware.egg-info/SOURCES.txt'
[2.061s] running build
[2.061s] running build_py
[2.061s] creating /home/juptegraph/Workspaces/Robotics/Projects/CORI/cori_ws/build/cori_hardware/build
[2.061s] creating /home/juptegraph/Workspaces/Robotics/Projects/CORI/cori_ws/build/cori_hardware/build/lib
[2.061s] creating /home/juptegraph/Workspaces/Robotics/Projects/CORI/cori_ws/build/cori_hardware/build/lib/cori_hardware
[2.061s] copying cori_hardware/hardware_bridge.py -> /home/juptegraph/Workspaces/Robotics/Projects/CORI/cori_ws/build/cori_hardware/build/lib/cori_hardware
[2.061s] copying cori_hardware/arduino_bridge.py -> /home/juptegraph/Workspaces/Robotics/Projects/CORI/cori_ws/build/cori_hardware/build/lib/cori_hardware
[2.061s] copying cori_hardware/web_api_simple.py -> /home/juptegraph/Workspaces/Robotics/Projects/CORI/cori_ws/build/cori_hardware/build/lib/cori_hardware
[2.062s] copying cori_hardware/realtime_web_control.py -> /home/juptegraph/Workspaces/Robotics/Projects/CORI/cori_ws/build/cori_hardware/build/lib/cori_hardware
[2.062s] copying cori_hardware/web_api.py -> /home/juptegraph/Workspaces/Robotics/Projects/CORI/cori_ws/build/cori_hardware/build/lib/cori_hardware
[2.062s] copying cori_hardware/hardware_test.py -> /home/juptegraph/Workspaces/Robotics/Projects/CORI/cori_ws/build/cori_hardware/build/lib/cori_hardware
[2.062s] copying cori_hardware/__init__.py -> /home/juptegraph/Workspaces/Robotics/Projects/CORI/cori_ws/build/cori_hardware/build/lib/cori_hardware
[2.062s] copying cori_hardware/ros_web_bridge.py -> /home/juptegraph/Workspaces/Robotics/Projects/CORI/cori_ws/build/cori_hardware/build/lib/cori_hardware
[2.062s] copying cori_hardware/hardware_integration.py -> /home/juptegraph/Workspaces/Robotics/Projects/CORI/cori_ws/build/cori_hardware/build/lib/cori_hardware
[2.062s] running install
[2.062s] running install_lib
[2.063s] creating /home/juptegraph/Workspaces/Robotics/Projects/CORI/cori_ws/install/cori_hardware/lib/python3.10/site-packages/cori_hardware
[2.063s] copying /home/juptegraph/Workspaces/Robotics/Projects/CORI/cori_ws/build/cori_hardware/build/lib/cori_hardware/hardware_bridge.py -> /home/juptegraph/Workspaces/Robotics/Projects/CORI/cori_ws/install/cori_hardware/lib/python3.10/site-packages/cori_hardware
[2.063s] copying /home/juptegraph/Workspaces/Robotics/Projects/CORI/cori_ws/build/cori_hardware/build/lib/cori_hardware/arduino_bridge.py -> /home/juptegraph/Workspaces/Robotics/Projects/CORI/cori_ws/install/cori_hardware/lib/python3.10/site-packages/cori_hardware
[2.063s] copying /home/juptegraph/Workspaces/Robotics/Projects/CORI/cori_ws/build/cori_hardware/build/lib/cori_hardware/web_api_simple.py -> /home/juptegraph/Workspaces/Robotics/Projects/CORI/cori_ws/install/cori_hardware/lib/python3.10/site-packages/cori_hardware
[2.063s] copying /home/juptegraph/Workspaces/Robotics/Projects/CORI/cori_ws/build/cori_hardware/build/lib/cori_hardware/realtime_web_control.py -> /home/juptegraph/Workspaces/Robotics/Projects/CORI/cori_ws/install/cori_hardware/lib/python3.10/site-packages/cori_hardware
[2.063s] copying /home/juptegraph/Workspaces/Robotics/Projects/CORI/cori_ws/build/cori_hardware/build/lib/cori_hardware/web_api.py -> /home/juptegraph/Workspaces/Robotics/Projects/CORI/cori_ws/install/cori_hardware/lib/python3.10/site-packages/cori_hardware
[2.063s] copying /home/juptegraph/Workspaces/Robotics/Projects/CORI/cori_ws/build/cori_hardware/build/lib/cori_hardware/hardware_test.py -> /home/juptegraph/Workspaces/Robotics/Projects/CORI/cori_ws/install/cori_hardware/lib/python3.10/site-packages/cori_hardware
[2.063s] copying /home/juptegraph/Workspaces/Robotics/Projects/CORI/cori_ws/build/cori_hardware/build/lib/cori_hardware/__init__.py -> /home/juptegraph/Workspaces/Robotics/Projects/CORI/cori_ws/install/cori_hardware/lib/python3.10/site-packages/cori_hardware
[2.064s] copying /home/juptegraph/Workspaces/Robotics/Projects/CORI/cori_ws/build/cori_hardware/build/lib/cori_hardware/ros_web_bridge.py -> /home/juptegraph/Workspaces/Robotics/Projects/CORI/cori_ws/install/cori_hardware/lib/python3.10/site-packages/cori_hardware
[2.064s] copying /home/juptegraph/Workspaces/Robotics/Projects/CORI/cori_ws/build/cori_hardware/build/lib/cori_hardware/hardware_integration.py -> /home/juptegraph/Workspaces/Robotics/Projects/CORI/cori_ws/install/cori_hardware/lib/python3.10/site-packages/cori_hardware
[2.064s] byte-compiling /home/juptegraph/Workspaces/Robotics/Projects/CORI/cori_ws/install/cori_hardware/lib/python3.10/site-packages/cori_hardware/hardware_bridge.py to hardware_bridge.cpython-310.pyc
[2.067s] byte-compiling /home/juptegraph/Workspaces/Robotics/Projects/CORI/cori_ws/install/cori_hardware/lib/python3.10/site-packages/cori_hardware/arduino_bridge.py to arduino_bridge.cpython-310.pyc
[2.069s] byte-compiling /home/juptegraph/Workspaces/Robotics/Projects/CORI/cori_ws/install/cori_hardware/lib/python3.10/site-packages/cori_hardware/web_api_simple.py to web_api_simple.cpython-310.pyc
[2.070s] byte-compiling /home/juptegraph/Workspaces/Robotics/Projects/CORI/cori_ws/install/cori_hardware/lib/python3.10/site-packages/cori_hardware/realtime_web_control.py to realtime_web_control.cpython-310.pyc
[2.072s] byte-compiling /home/juptegraph/Workspaces/Robotics/Projects/CORI/cori_ws/install/cori_hardware/lib/python3.10/site-packages/cori_hardware/web_api.py to web_api.cpython-310.pyc
[2.074s] byte-compiling /home/juptegraph/Workspaces/Robotics/Projects/CORI/cori_ws/install/cori_hardware/lib/python3.10/site-packages/cori_hardware/hardware_test.py to hardware_test.cpython-310.pyc
[2.075s] byte-compiling /home/juptegraph/Workspaces/Robotics/Projects/CORI/cori_ws/install/cori_hardware/lib/python3.10/site-packages/cori_hardware/__init__.py to __init__.cpython-310.pyc
[2.075s] byte-compiling /home/juptegraph/Workspaces/Robotics/Projects/CORI/cori_ws/install/cori_hardware/lib/python3.10/site-packages/cori_hardware/ros_web_bridge.py to ros_web_bridge.cpython-310.pyc
[2.076s] byte-compiling /home/juptegraph/Workspaces/Robotics/Projects/CORI/cori_ws/install/cori_hardware/lib/python3.10/site-packages/cori_hardware/hardware_integration.py to hardware_integration.cpython-310.pyc
[2.078s] running install_data
[2.079s] creating /home/juptegraph/Workspaces/Robotics/Projects/CORI/cori_ws/install/cori_hardware/share/ament_index
[2.079s] creating /home/juptegraph/Workspaces/Robotics/Projects/CORI/cori_ws/install/cori_hardware/share/ament_index/resource_index
[2.079s] creating /home/juptegraph/Workspaces/Robotics/Projects/CORI/cori_ws/install/cori_hardware/share/ament_index/resource_index/packages
[2.080s] copying resource/cori_hardware -> /home/juptegraph/Workspaces/Robotics/Projects/CORI/cori_ws/install/cori_hardware/share/ament_index/resource_index/packages
[2.080s] copying package.xml -> /home/juptegraph/Workspaces/Robotics/Projects/CORI/cori_ws/install/cori_hardware/share/cori_hardware
[2.080s] creating /home/juptegraph/Workspaces/Robotics/Projects/CORI/cori_ws/install/cori_hardware/share/cori_hardware/arduino
[2.081s] copying arduino/cori_head_controller/cori_head_controller.ino -> /home/juptegraph/Workspaces/Robotics/Projects/CORI/cori_ws/install/cori_hardware/share/cori_hardware/arduino
[2.081s] creating /home/juptegraph/Workspaces/Robotics/Projects/CORI/cori_ws/install/cori_hardware/share/cori_hardware/launch
[2.081s] copying launch/hardware_bridge.launch.py -> /home/juptegraph/Workspaces/Robotics/Projects/CORI/cori_ws/install/cori_hardware/share/cori_hardware/launch
[2.083s] copying launch/realtime_web_control.launch.py -> /home/juptegraph/Workspaces/Robotics/Projects/CORI/cori_ws/install/cori_hardware/share/cori_hardware/launch
[2.083s] creating /home/juptegraph/Workspaces/Robotics/Projects/CORI/cori_ws/install/cori_hardware/share/cori_hardware/web
[2.083s] copying cori_hardware/index.html -> /home/juptegraph/Workspaces/Robotics/Projects/CORI/cori_ws/install/cori_hardware/share/cori_hardware/web
[2.083s] running install_egg_info
[2.083s] Copying ../../build/cori_hardware/cori_hardware.egg-info to /home/juptegraph/Workspaces/Robotics/Projects/CORI/cori_ws/install/cori_hardware/lib/python3.10/site-packages/cori_hardware-1.0.0-py3.10.egg-info
[2.084s] running install_scripts
[2.107s] Installing arduino_bridge script to /home/juptegraph/Workspaces/Robotics/Projects/CORI/cori_ws/install/cori_hardware/bin
[2.107s] Installing hardware_bridge script to /home/juptegraph/Workspaces/Robotics/Projects/CORI/cori_ws/install/cori_hardware/bin
[2.107s] Installing hardware_integration script to /home/juptegraph/Workspaces/Robotics/Projects/CORI/cori_ws/install/cori_hardware/bin
[2.108s] Installing hardware_test script to /home/juptegraph/Workspaces/Robotics/Projects/CORI/cori_ws/install/cori_hardware/bin
[2.108s] Installing realtime_web_control script to /home/juptegraph/Workspaces/Robotics/Projects/CORI/cori_ws/install/cori_hardware/bin
[2.108s] writing list of installed files to '/home/juptegraph/Workspaces/Robotics/Projects/CORI/cori_ws/build/cori_hardware/install.log'
[2.147s] Invoked command in '/home/juptegraph/Workspaces/Robotics/Projects/CORI/cori_ws/src/cori_hardware' returned '0': PYTHONPATH=/home/juptegraph/Workspaces/Robotics/Projects/CORI/cori_ws/build/cori_hardware/prefix_override:/usr/lib/python3/dist-packages/colcon_core/task/python/colcon_distutils_commands:/home/juptegraph/Workspaces/Robotics/Projects/CORI/cori_ws/install/cori_hardware/lib/python3.10/site-packages:${PYTHONPATH} /usr/bin/python3 -W ignore:setup.py install is deprecated -W ignore:easy_install command is deprecated setup.py egg_info --egg-base ../../build/cori_hardware build --build-base /home/juptegraph/Workspaces/Robotics/Projects/CORI/cori_ws/build/cori_hardware/build install --record /home/juptegraph/Workspaces/Robotics/Projects/CORI/cori_ws/build/cori_hardware/install.log --single-version-externally-managed install_data
