Traceback (most recent call last):
  File "/home/juptegraph/Workspaces/Robotics/Projects/CORI/cori_ws/src/cori_hardware/setup.py", line 1, in <module>
    from setuptools import find_packages, setup
  File "/usr/lib/python3/dist-packages/setuptools/__init__.py", line 16, in <module>
    import setuptools.version
  File "/usr/lib/python3/dist-packages/setuptools/version.py", line 1, in <module>
    import pkg_resources
  File "/usr/lib/python3/dist-packages/pkg_resources/__init__.py", line 76, in <module>
    __import__('pkg_resources.extern.packaging.version')
  File "/usr/lib/python3/dist-packages/pkg_resources/_vendor/packaging/version.py", line 394, in <module>
    letter: str, number: Union[str, bytes, SupportsInt]
  File "/usr/lib/python3.10/typing.py", line 309, in inner
    return cached(*args, **kwds)
  File "/usr/lib/python3.10/typing.py", line 403, in __getitem__
    return self._getitem(self, parameters)
  File "/usr/lib/python3.10/typing.py", line 515, in Union
    parameters = tuple(_type_check(p, msg) for p in parameters)
  File "/usr/lib/python3.10/typing.py", line 515, in <genexpr>
    parameters = tuple(_type_check(p, msg) for p in parameters)
  File "/usr/lib/python3.10/typing.py", line 170, in _type_check
    if isinstance(arg, _SpecialForm) or arg in (Generic, Protocol):
KeyboardInterrupt
