[2.267s] Invoking command in '/home/juptegraph/Workspaces/Robotics/Projects/CORI/cori_ws/src/cori_hardware': PYTHONPATH=/home/juptegraph/Workspaces/Robotics/Projects/CORI/cori_ws/build/cori_hardware/prefix_override:/usr/lib/python3/dist-packages/colcon_core/task/python/colcon_distutils_commands:/home/juptegraph/Workspaces/Robotics/Projects/CORI/cori_ws/install/cori_hardware/lib/python3.10/site-packages:${PYTHONPATH} /usr/bin/python3 -W ignore:setup.py install is deprecated -W ignore:easy_install command is deprecated setup.py egg_info --egg-base ../../build/cori_hardware build --build-base /home/juptegraph/Workspaces/Robotics/Projects/CORI/cori_ws/build/cori_hardware/build install --record /home/juptegraph/Workspaces/Robotics/Projects/CORI/cori_ws/build/cori_hardware/install.log --single-version-externally-managed install_data
[2.376s] Traceback (most recent call last):
[2.376s]   File "/home/juptegraph/Workspaces/Robotics/Projects/CORI/cori_ws/src/cori_hardware/setup.py", line 1, in <module>
[2.376s]     from setuptools import find_packages, setup
[2.376s]   File "/usr/lib/python3/dist-packages/setuptools/__init__.py", line 16, in <module>
[2.386s]     import setuptools.version
[2.386s]   File "/usr/lib/python3/dist-packages/setuptools/version.py", line 1, in <module>
[2.387s]     import pkg_resources
[2.387s]   File "/usr/lib/python3/dist-packages/pkg_resources/__init__.py", line 76, in <module>
[2.388s]     __import__('pkg_resources.extern.packaging.version')
[2.388s]   File "/usr/lib/python3/dist-packages/pkg_resources/_vendor/packaging/version.py", line 394, in <module>
[2.390s]     letter: str, number: Union[str, bytes, SupportsInt]
[2.390s]   File "/usr/lib/python3.10/typing.py", line 309, in inner
[2.391s]     return cached(*args, **kwds)
[2.391s]   File "/usr/lib/python3.10/typing.py", line 403, in __getitem__
[2.391s]     return self._getitem(self, parameters)
[2.391s]   File "/usr/lib/python3.10/typing.py", line 515, in Union
[2.391s]     parameters = tuple(_type_check(p, msg) for p in parameters)
[2.391s]   File "/usr/lib/python3.10/typing.py", line 515, in <genexpr>
[2.391s]     parameters = tuple(_type_check(p, msg) for p in parameters)
[2.391s]   File "/usr/lib/python3.10/typing.py", line 170, in _type_check
[2.391s]     if isinstance(arg, _SpecialForm) or arg in (Generic, Protocol):
[2.391s] KeyboardInterrupt
