[2.842s] Invoking command in '/home/juptegraph/Workspaces/Robotics/Projects/CORI/cori_ws/src/cori_control': PYTHONPATH=/home/juptegraph/Workspaces/Robotics/Projects/CORI/cori_ws/build/cori_control/prefix_override:/usr/lib/python3/dist-packages/colcon_core/task/python/colcon_distutils_commands:/home/juptegraph/Workspaces/Robotics/Projects/CORI/cori_ws/install/cori_control/lib/python3.10/site-packages:${PYTHONPATH} /usr/bin/python3 -W ignore:setup.py install is deprecated -W ignore:easy_install command is deprecated setup.py egg_info --egg-base ../../build/cori_control build --build-base /home/juptegraph/Workspaces/Robotics/Projects/CORI/cori_ws/build/cori_control/build install --record /home/juptegraph/Workspaces/Robotics/Projects/CORI/cori_ws/build/cori_control/install.log --single-version-externally-managed install_data
[3.264s] running egg_info
[3.264s] creating ../../build/cori_control/cori_control.egg-info
[3.264s] writing ../../build/cori_control/cori_control.egg-info/PKG-INFO
[3.264s] writing dependency_links to ../../build/cori_control/cori_control.egg-info/dependency_links.txt
[3.264s] writing entry points to ../../build/cori_control/cori_control.egg-info/entry_points.txt
[3.265s] writing requirements to ../../build/cori_control/cori_control.egg-info/requires.txt
[3.265s] writing top-level names to ../../build/cori_control/cori_control.egg-info/top_level.txt
[3.265s] writing manifest file '../../build/cori_control/cori_control.egg-info/SOURCES.txt'
[3.267s] reading manifest file '../../build/cori_control/cori_control.egg-info/SOURCES.txt'
[3.269s] writing manifest file '../../build/cori_control/cori_control.egg-info/SOURCES.txt'
[3.269s] running build
[3.269s] running build_py
[3.269s] creating /home/juptegraph/Workspaces/Robotics/Projects/CORI/cori_ws/build/cori_control/build
[3.270s] creating /home/juptegraph/Workspaces/Robotics/Projects/CORI/cori_ws/build/cori_control/build/lib
[3.270s] creating /home/juptegraph/Workspaces/Robotics/Projects/CORI/cori_ws/build/cori_control/build/lib/cori_control
[3.271s] copying cori_control/joint_controller.py -> /home/juptegraph/Workspaces/Robotics/Projects/CORI/cori_ws/build/cori_control/build/lib/cori_control
[3.271s] copying cori_control/__init__.py -> /home/juptegraph/Workspaces/Robotics/Projects/CORI/cori_ws/build/cori_control/build/lib/cori_control
[3.271s] running install
[3.271s] running install_lib
[3.272s] creating /home/juptegraph/Workspaces/Robotics/Projects/CORI/cori_ws/install/cori_control/lib/python3.10/site-packages/cori_control
[3.272s] copying /home/juptegraph/Workspaces/Robotics/Projects/CORI/cori_ws/build/cori_control/build/lib/cori_control/joint_controller.py -> /home/juptegraph/Workspaces/Robotics/Projects/CORI/cori_ws/install/cori_control/lib/python3.10/site-packages/cori_control
[3.272s] copying /home/juptegraph/Workspaces/Robotics/Projects/CORI/cori_ws/build/cori_control/build/lib/cori_control/__init__.py -> /home/juptegraph/Workspaces/Robotics/Projects/CORI/cori_ws/install/cori_control/lib/python3.10/site-packages/cori_control
[3.273s] byte-compiling /home/juptegraph/Workspaces/Robotics/Projects/CORI/cori_ws/install/cori_control/lib/python3.10/site-packages/cori_control/joint_controller.py to joint_controller.cpython-310.pyc
[3.274s] byte-compiling /home/juptegraph/Workspaces/Robotics/Projects/CORI/cori_ws/install/cori_control/lib/python3.10/site-packages/cori_control/__init__.py to __init__.cpython-310.pyc
[3.274s] running install_data
[3.274s] creating /home/juptegraph/Workspaces/Robotics/Projects/CORI/cori_ws/install/cori_control/share/ament_index
[3.275s] creating /home/juptegraph/Workspaces/Robotics/Projects/CORI/cori_ws/install/cori_control/share/ament_index/resource_index
[3.275s] creating /home/juptegraph/Workspaces/Robotics/Projects/CORI/cori_ws/install/cori_control/share/ament_index/resource_index/packages
[3.275s] copying resource/cori_control -> /home/juptegraph/Workspaces/Robotics/Projects/CORI/cori_ws/install/cori_control/share/ament_index/resource_index/packages
[3.275s] copying package.xml -> /home/juptegraph/Workspaces/Robotics/Projects/CORI/cori_ws/install/cori_control/share/cori_control
[3.275s] running install_egg_info
[3.280s] Copying ../../build/cori_control/cori_control.egg-info to /home/juptegraph/Workspaces/Robotics/Projects/CORI/cori_ws/install/cori_control/lib/python3.10/site-packages/cori_control-1.0.0-py3.10.egg-info
[3.282s] running install_scripts
[3.317s] Installing joint_controller script to /home/juptegraph/Workspaces/Robotics/Projects/CORI/cori_ws/install/cori_control/bin
[3.317s] writing list of installed files to '/home/juptegraph/Workspaces/Robotics/Projects/CORI/cori_ws/build/cori_control/install.log'
[3.632s] Invoked command in '/home/juptegraph/Workspaces/Robotics/Projects/CORI/cori_ws/src/cori_control' returned '0': PYTHONPATH=/home/juptegraph/Workspaces/Robotics/Projects/CORI/cori_ws/build/cori_control/prefix_override:/usr/lib/python3/dist-packages/colcon_core/task/python/colcon_distutils_commands:/home/juptegraph/Workspaces/Robotics/Projects/CORI/cori_ws/install/cori_control/lib/python3.10/site-packages:${PYTHONPATH} /usr/bin/python3 -W ignore:setup.py install is deprecated -W ignore:easy_install command is deprecated setup.py egg_info --egg-base ../../build/cori_control build --build-base /home/juptegraph/Workspaces/Robotics/Projects/CORI/cori_ws/build/cori_control/build install --record /home/juptegraph/Workspaces/Robotics/Projects/CORI/cori_ws/build/cori_control/install.log --single-version-externally-managed install_data
