[3.433s] Invoking command in '/home/juptegraph/Workspaces/Robotics/Projects/CORI/cori_ws/src/cori_gui': PYTHONPATH=/home/juptegraph/Workspaces/Robotics/Projects/CORI/cori_ws/build/cori_gui/prefix_override:/usr/lib/python3/dist-packages/colcon_core/task/python/colcon_distutils_commands:/home/juptegraph/Workspaces/Robotics/Projects/CORI/cori_ws/install/cori_gui/lib/python3.10/site-packages:${PYTHONPATH} /usr/bin/python3 -W ignore:setup.py install is deprecated -W ignore:easy_install command is deprecated setup.py egg_info --egg-base ../../build/cori_gui build --build-base /home/juptegraph/Workspaces/Robotics/Projects/CORI/cori_ws/build/cori_gui/build install --record /home/juptegraph/Workspaces/Robotics/Projects/CORI/cori_ws/build/cori_gui/install.log --single-version-externally-managed install_data
[3.830s] running egg_info
[3.831s] creating ../../build/cori_gui/cori_gui.egg-info
[3.831s] writing ../../build/cori_gui/cori_gui.egg-info/PKG-INFO
[3.831s] writing dependency_links to ../../build/cori_gui/cori_gui.egg-info/dependency_links.txt
[3.831s] writing entry points to ../../build/cori_gui/cori_gui.egg-info/entry_points.txt
[3.832s] writing requirements to ../../build/cori_gui/cori_gui.egg-info/requires.txt
[3.832s] writing top-level names to ../../build/cori_gui/cori_gui.egg-info/top_level.txt
[3.833s] writing manifest file '../../build/cori_gui/cori_gui.egg-info/SOURCES.txt'
[3.835s] reading manifest file '../../build/cori_gui/cori_gui.egg-info/SOURCES.txt'
[3.838s] writing manifest file '../../build/cori_gui/cori_gui.egg-info/SOURCES.txt'
[3.838s] running build
[3.838s] running build_py
[3.838s] creating /home/juptegraph/Workspaces/Robotics/Projects/CORI/cori_ws/build/cori_gui/build
[3.838s] creating /home/juptegraph/Workspaces/Robotics/Projects/CORI/cori_ws/build/cori_gui/build/lib
[3.838s] creating /home/juptegraph/Workspaces/Robotics/Projects/CORI/cori_ws/build/cori_gui/build/lib/cori_gui
[3.838s] copying cori_gui/__init__.py -> /home/juptegraph/Workspaces/Robotics/Projects/CORI/cori_ws/build/cori_gui/build/lib/cori_gui
[3.838s] copying cori_gui/color_display.py -> /home/juptegraph/Workspaces/Robotics/Projects/CORI/cori_ws/build/cori_gui/build/lib/cori_gui
[3.838s] running install
[3.838s] running install_lib
[3.839s] creating /home/juptegraph/Workspaces/Robotics/Projects/CORI/cori_ws/install/cori_gui/lib/python3.10/site-packages/cori_gui
[3.839s] copying /home/juptegraph/Workspaces/Robotics/Projects/CORI/cori_ws/build/cori_gui/build/lib/cori_gui/__init__.py -> /home/juptegraph/Workspaces/Robotics/Projects/CORI/cori_ws/install/cori_gui/lib/python3.10/site-packages/cori_gui
[3.839s] copying /home/juptegraph/Workspaces/Robotics/Projects/CORI/cori_ws/build/cori_gui/build/lib/cori_gui/color_display.py -> /home/juptegraph/Workspaces/Robotics/Projects/CORI/cori_ws/install/cori_gui/lib/python3.10/site-packages/cori_gui
[3.840s] byte-compiling /home/juptegraph/Workspaces/Robotics/Projects/CORI/cori_ws/install/cori_gui/lib/python3.10/site-packages/cori_gui/__init__.py to __init__.cpython-310.pyc
[3.840s] byte-compiling /home/juptegraph/Workspaces/Robotics/Projects/CORI/cori_ws/install/cori_gui/lib/python3.10/site-packages/cori_gui/color_display.py to color_display.cpython-310.pyc
[3.841s] running install_data
[3.841s] creating /home/juptegraph/Workspaces/Robotics/Projects/CORI/cori_ws/install/cori_gui/share/ament_index
[3.841s] creating /home/juptegraph/Workspaces/Robotics/Projects/CORI/cori_ws/install/cori_gui/share/ament_index/resource_index
[3.841s] creating /home/juptegraph/Workspaces/Robotics/Projects/CORI/cori_ws/install/cori_gui/share/ament_index/resource_index/packages
[3.842s] copying resource/cori_gui -> /home/juptegraph/Workspaces/Robotics/Projects/CORI/cori_ws/install/cori_gui/share/ament_index/resource_index/packages
[3.842s] copying package.xml -> /home/juptegraph/Workspaces/Robotics/Projects/CORI/cori_ws/install/cori_gui/share/cori_gui
[3.842s] running install_egg_info
[3.846s] Copying ../../build/cori_gui/cori_gui.egg-info to /home/juptegraph/Workspaces/Robotics/Projects/CORI/cori_ws/install/cori_gui/lib/python3.10/site-packages/cori_gui-1.0.0-py3.10.egg-info
[3.847s] running install_scripts
[3.891s] Installing color_display script to /home/juptegraph/Workspaces/Robotics/Projects/CORI/cori_ws/install/cori_gui/bin
[3.891s] writing list of installed files to '/home/juptegraph/Workspaces/Robotics/Projects/CORI/cori_ws/build/cori_gui/install.log'
[3.956s] Invoked command in '/home/juptegraph/Workspaces/Robotics/Projects/CORI/cori_ws/src/cori_gui' returned '0': PYTHONPATH=/home/juptegraph/Workspaces/Robotics/Projects/CORI/cori_ws/build/cori_gui/prefix_override:/usr/lib/python3/dist-packages/colcon_core/task/python/colcon_distutils_commands:/home/juptegraph/Workspaces/Robotics/Projects/CORI/cori_ws/install/cori_gui/lib/python3.10/site-packages:${PYTHONPATH} /usr/bin/python3 -W ignore:setup.py install is deprecated -W ignore:easy_install command is deprecated setup.py egg_info --egg-base ../../build/cori_gui build --build-base /home/juptegraph/Workspaces/Robotics/Projects/CORI/cori_ws/build/cori_gui/build install --record /home/juptegraph/Workspaces/Robotics/Projects/CORI/cori_ws/build/cori_gui/install.log --single-version-externally-managed install_data
