[0.682s] Invoking command in '/home/juptegraph/Workspaces/Robotics/Projects/CORI/cori_ws/src/cori_hardware': PYTHONPATH=/home/juptegraph/Workspaces/Robotics/Projects/CORI/cori_ws/build/cori_hardware/prefix_override:/usr/lib/python3/dist-packages/colcon_core/task/python/colcon_distutils_commands:/home/juptegraph/Workspaces/Robotics/Projects/CORI/cori_ws/install/cori_hardware/lib/python3.10/site-packages:${PYTHONPATH} /usr/bin/python3 -W ignore:setup.py install is deprecated -W ignore:easy_install command is deprecated setup.py egg_info --egg-base ../../build/cori_hardware build --build-base /home/juptegraph/Workspaces/Robotics/Projects/CORI/cori_ws/build/cori_hardware/build install --record /home/juptegraph/Workspaces/Robotics/Projects/CORI/cori_ws/build/cori_hardware/install.log --single-version-externally-managed install_data
[0.888s] running egg_info
[0.888s] writing ../../build/cori_hardware/cori_hardware.egg-info/PKG-INFO
[0.888s] writing dependency_links to ../../build/cori_hardware/cori_hardware.egg-info/dependency_links.txt
[0.888s] writing entry points to ../../build/cori_hardware/cori_hardware.egg-info/entry_points.txt
[0.888s] writing requirements to ../../build/cori_hardware/cori_hardware.egg-info/requires.txt
[0.889s] writing top-level names to ../../build/cori_hardware/cori_hardware.egg-info/top_level.txt
[0.890s] reading manifest file '../../build/cori_hardware/cori_hardware.egg-info/SOURCES.txt'
[0.891s] writing manifest file '../../build/cori_hardware/cori_hardware.egg-info/SOURCES.txt'
[0.891s] running build
[0.891s] running build_py
[0.891s] copying cori_hardware/realtime_web_control.py -> /home/juptegraph/Workspaces/Robotics/Projects/CORI/cori_ws/build/cori_hardware/build/lib/cori_hardware
[0.891s] running install
[0.892s] running install_lib
[0.893s] copying /home/juptegraph/Workspaces/Robotics/Projects/CORI/cori_ws/build/cori_hardware/build/lib/cori_hardware/realtime_web_control.py -> /home/juptegraph/Workspaces/Robotics/Projects/CORI/cori_ws/install/cori_hardware/lib/python3.10/site-packages/cori_hardware
[0.894s] byte-compiling /home/juptegraph/Workspaces/Robotics/Projects/CORI/cori_ws/install/cori_hardware/lib/python3.10/site-packages/cori_hardware/realtime_web_control.py to realtime_web_control.cpython-310.pyc
[0.896s] running install_data
[0.896s] running install_egg_info
[0.897s] removing '/home/juptegraph/Workspaces/Robotics/Projects/CORI/cori_ws/install/cori_hardware/lib/python3.10/site-packages/cori_hardware-1.0.0-py3.10.egg-info' (and everything under it)
[0.898s] Copying ../../build/cori_hardware/cori_hardware.egg-info to /home/juptegraph/Workspaces/Robotics/Projects/CORI/cori_ws/install/cori_hardware/lib/python3.10/site-packages/cori_hardware-1.0.0-py3.10.egg-info
[0.898s] running install_scripts
[0.915s] Installing arduino_bridge script to /home/juptegraph/Workspaces/Robotics/Projects/CORI/cori_ws/install/cori_hardware/bin
[0.915s] Installing hardware_bridge script to /home/juptegraph/Workspaces/Robotics/Projects/CORI/cori_ws/install/cori_hardware/bin
[0.915s] Installing hardware_integration script to /home/juptegraph/Workspaces/Robotics/Projects/CORI/cori_ws/install/cori_hardware/bin
[0.915s] Installing hardware_test script to /home/juptegraph/Workspaces/Robotics/Projects/CORI/cori_ws/install/cori_hardware/bin
[0.915s] Installing realtime_web_control script to /home/juptegraph/Workspaces/Robotics/Projects/CORI/cori_ws/install/cori_hardware/bin
[0.915s] writing list of installed files to '/home/juptegraph/Workspaces/Robotics/Projects/CORI/cori_ws/build/cori_hardware/install.log'
[0.935s] Invoked command in '/home/juptegraph/Workspaces/Robotics/Projects/CORI/cori_ws/src/cori_hardware' returned '0': PYTHONPATH=/home/juptegraph/Workspaces/Robotics/Projects/CORI/cori_ws/build/cori_hardware/prefix_override:/usr/lib/python3/dist-packages/colcon_core/task/python/colcon_distutils_commands:/home/juptegraph/Workspaces/Robotics/Projects/CORI/cori_ws/install/cori_hardware/lib/python3.10/site-packages:${PYTHONPATH} /usr/bin/python3 -W ignore:setup.py install is deprecated -W ignore:easy_install command is deprecated setup.py egg_info --egg-base ../../build/cori_hardware build --build-base /home/juptegraph/Workspaces/Robotics/Projects/CORI/cori_ws/build/cori_hardware/build install --record /home/juptegraph/Workspaces/Robotics/Projects/CORI/cori_ws/build/cori_hardware/install.log --single-version-externally-managed install_data
