[1.646s] Invoking command in '/home/juptegraph/Workspaces/Robotics/Projects/CORI/cori_ws/src/cori_control': PYTHONPATH=/home/juptegraph/Workspaces/Robotics/Projects/CORI/cori_ws/build/cori_control/prefix_override:/usr/lib/python3/dist-packages/colcon_core/task/python/colcon_distutils_commands:/home/juptegraph/Workspaces/Robotics/Projects/CORI/cori_ws/install/cori_control/lib/python3.10/site-packages:${PYTHONPATH} /usr/bin/python3 -W ignore:setup.py install is deprecated -W ignore:easy_install command is deprecated setup.py egg_info --egg-base ../../build/cori_control build --build-base /home/juptegraph/Workspaces/Robotics/Projects/CORI/cori_ws/build/cori_control/build install --record /home/juptegraph/Workspaces/Robotics/Projects/CORI/cori_ws/build/cori_control/install.log --single-version-externally-managed install_data
[1.885s] running egg_info
[1.885s] creating ../../build/cori_control/cori_control.egg-info
[1.886s] writing ../../build/cori_control/cori_control.egg-info/PKG-INFO
[1.886s] writing dependency_links to ../../build/cori_control/cori_control.egg-info/dependency_links.txt
[1.886s] writing entry points to ../../build/cori_control/cori_control.egg-info/entry_points.txt
[1.886s] writing requirements to ../../build/cori_control/cori_control.egg-info/requires.txt
[1.886s] writing top-level names to ../../build/cori_control/cori_control.egg-info/top_level.txt
[1.886s] writing manifest file '../../build/cori_control/cori_control.egg-info/SOURCES.txt'
[1.887s] reading manifest file '../../build/cori_control/cori_control.egg-info/SOURCES.txt'
[1.888s] writing manifest file '../../build/cori_control/cori_control.egg-info/SOURCES.txt'
[1.888s] running build
[1.888s] running build_py
[1.888s] creating /home/juptegraph/Workspaces/Robotics/Projects/CORI/cori_ws/build/cori_control/build
[1.888s] creating /home/juptegraph/Workspaces/Robotics/Projects/CORI/cori_ws/build/cori_control/build/lib
[1.889s] creating /home/juptegraph/Workspaces/Robotics/Projects/CORI/cori_ws/build/cori_control/build/lib/cori_control
[1.889s] copying cori_control/joint_controller.py -> /home/juptegraph/Workspaces/Robotics/Projects/CORI/cori_ws/build/cori_control/build/lib/cori_control
[1.889s] copying cori_control/__init__.py -> /home/juptegraph/Workspaces/Robotics/Projects/CORI/cori_ws/build/cori_control/build/lib/cori_control
[1.889s] running install
[1.889s] running install_lib
[1.889s] creating /home/juptegraph/Workspaces/Robotics/Projects/CORI/cori_ws/install/cori_control/lib/python3.10/site-packages/cori_control
[1.889s] copying /home/juptegraph/Workspaces/Robotics/Projects/CORI/cori_ws/build/cori_control/build/lib/cori_control/joint_controller.py -> /home/juptegraph/Workspaces/Robotics/Projects/CORI/cori_ws/install/cori_control/lib/python3.10/site-packages/cori_control
[1.890s] copying /home/juptegraph/Workspaces/Robotics/Projects/CORI/cori_ws/build/cori_control/build/lib/cori_control/__init__.py -> /home/juptegraph/Workspaces/Robotics/Projects/CORI/cori_ws/install/cori_control/lib/python3.10/site-packages/cori_control
[1.890s] byte-compiling /home/juptegraph/Workspaces/Robotics/Projects/CORI/cori_ws/install/cori_control/lib/python3.10/site-packages/cori_control/joint_controller.py to joint_controller.cpython-310.pyc
[1.891s] byte-compiling /home/juptegraph/Workspaces/Robotics/Projects/CORI/cori_ws/install/cori_control/lib/python3.10/site-packages/cori_control/__init__.py to __init__.cpython-310.pyc
[1.891s] running install_data
[1.891s] creating /home/juptegraph/Workspaces/Robotics/Projects/CORI/cori_ws/install/cori_control/share/ament_index
[1.891s] creating /home/juptegraph/Workspaces/Robotics/Projects/CORI/cori_ws/install/cori_control/share/ament_index/resource_index
[1.891s] creating /home/juptegraph/Workspaces/Robotics/Projects/CORI/cori_ws/install/cori_control/share/ament_index/resource_index/packages
[1.891s] copying resource/cori_control -> /home/juptegraph/Workspaces/Robotics/Projects/CORI/cori_ws/install/cori_control/share/ament_index/resource_index/packages
[1.891s] copying package.xml -> /home/juptegraph/Workspaces/Robotics/Projects/CORI/cori_ws/install/cori_control/share/cori_control
[1.892s] running install_egg_info
[1.893s] Copying ../../build/cori_control/cori_control.egg-info to /home/juptegraph/Workspaces/Robotics/Projects/CORI/cori_ws/install/cori_control/lib/python3.10/site-packages/cori_control-1.0.0-py3.10.egg-info
[1.894s] running install_scripts
[1.913s] Installing joint_controller script to /home/juptegraph/Workspaces/Robotics/Projects/CORI/cori_ws/install/cori_control/bin
[1.913s] writing list of installed files to '/home/juptegraph/Workspaces/Robotics/Projects/CORI/cori_ws/build/cori_control/install.log'
[1.958s] Invoked command in '/home/juptegraph/Workspaces/Robotics/Projects/CORI/cori_ws/src/cori_control' returned '0': PYTHONPATH=/home/juptegraph/Workspaces/Robotics/Projects/CORI/cori_ws/build/cori_control/prefix_override:/usr/lib/python3/dist-packages/colcon_core/task/python/colcon_distutils_commands:/home/juptegraph/Workspaces/Robotics/Projects/CORI/cori_ws/install/cori_control/lib/python3.10/site-packages:${PYTHONPATH} /usr/bin/python3 -W ignore:setup.py install is deprecated -W ignore:easy_install command is deprecated setup.py egg_info --egg-base ../../build/cori_control build --build-base /home/juptegraph/Workspaces/Robotics/Projects/CORI/cori_ws/build/cori_control/build install --record /home/juptegraph/Workspaces/Robotics/Projects/CORI/cori_ws/build/cori_control/install.log --single-version-externally-managed install_data
